<?xml version="1.0" encoding="utf-8"?><testsuites name="pytest tests"><testsuite name="pytest" errors="0" failures="0" skipped="0" tests="16" time="4.407" timestamp="2026-08-08T01:31:35.863821+00:00" hostname="agent-env-c0d5ec17-e2cc-4cfc-a19c-df06672ba55e"><testcase classname="backend.tests.test_account_onboarding_b08.TestAuthGating" name="test_overview_requires_auth" time="0.117" /><testcase classname="backend.tests.test_account_onboarding_b08.TestAuthGating" name="test_preferences_requires_auth" time="0.109" /><testcase classname="backend.tests.test_account_onboarding_b08.TestAuthGating" name="test_properties_requires_auth" time="0.108" /><testcase classname="backend.tests.test_account_onboarding_b08.TestOverview" name="test_overview_shape" time="0.434" /><testcase classname="backend.tests.test_account_onboarding_b08.TestPreferences" name="test_get_preferences_auto_defaults" time="0.102" /><testcase classname="backend.tests.test_account_onboarding_b08.TestPreferences" name="test_put_valid_preferences_persist" time="0.212" /><testcase classname="backend.tests.test_account_onboarding_b08.TestPreferences" name="test_put_invalid_enums_ignored" time="0.208" /><testcase classname="backend.tests.test_account_onboarding_b08.TestProperties" name="test_list_properties" time="0.107" /><testcase classname="backend.tests.test_account_onboarding_b08.TestProperties" name="test_create_property" time="0.130" /><testcase classname="backend.tests.test_account_onboarding_b08.TestProperties" name="test_edit_property" time="0.221" /><testcase classname="backend.tests.test_account_onboarding_b08.TestProperties" name="test_activate_property_makes_it_only_active" time="0.245" /><testcase classname="backend.tests.test_account_onboarding_b08.TestProperties" name="test_delete_property" time="0.349" /><testcase classname="backend.tests.test_account_onboarding_b08.TestProperties" name="test_delete_last_home_returns_409" time="0.330" /><testcase classname="backend.tests.test_account_onboarding_b08.TestProperties" name="test_create_property_blank_name_400" time="0.109" /><testcase classname="backend.tests.test_account_onboarding_b08.TestOnboarding" name="test_complete_onboarding" time="0.210" /><testcase classname="backend.tests.test_account_onboarding_b08.TestHomieUnitsIntegration" name="test_chat_reply_uses_metric_after_pref" time="1.350" /></testsuite></testsuites>