<?xml version="1.0" encoding="utf-8"?><testsuites name="pytest tests"><testsuite name="pytest" errors="0" failures="0" skipped="0" tests="14" time="7.788" timestamp="2026-08-08T01:54:33.129276+00:00" hostname="agent-env-c0d5ec17-e2cc-4cfc-a19c-df06672ba55e"><testcase classname="backend.tests.test_active_home_switching.TestRegressionMyHome" name="test_ensure_my_home_active" time="0.654" /><testcase classname="backend.tests.test_active_home_switching.TestRegressionMyHome" name="test_rooms_map_five_rooms" time="0.101" /><testcase classname="backend.tests.test_active_home_switching.TestRegressionMyHome" name="test_assets_present" time="0.104" /><testcase classname="backend.tests.test_active_home_switching.TestRegressionMyHome" name="test_projects_three" time="0.115" /><testcase classname="backend.tests.test_active_home_switching.TestRegressionMyHome" name="test_inventory_three" time="0.104" /><testcase classname="backend.tests.test_active_home_switching.TestRegressionMyHome" name="test_dashboard_loads" time="0.107" /><testcase classname="backend.tests.test_active_home_switching.TestRegressionMyHome" name="test_maintenance_home_loads" time="0.129" /><testcase classname="backend.tests.test_active_home_switching.TestRegressionMyHome" name="test_documents_no_500" time="0.101" /><testcase classname="backend.tests.test_active_home_switching.TestRegressionMyHome" name="test_homie_chat_works" time="2.316" /><testcase classname="backend.tests.test_active_home_switching.TestActiveSwitching" name="test_switch_to_empty_home_and_lists_empty" time="0.856" /><testcase classname="backend.tests.test_active_home_switching.TestActiveSwitching" name="test_switching_back_restores" time="0.424" /><testcase classname="backend.tests.test_active_home_switching.TestPropertyScopedCreates" name="test_create_inventory_on_lake_not_visible_on_myhome" time="0.870" /><testcase classname="backend.tests.test_active_home_switching.TestPropertyScopedCreates" name="test_create_project_on_lake_not_visible_on_myhome" time="1.602" /><testcase classname="backend.tests.test_active_home_switching.TestFinalState" name="test_leave_my_home_active" time="0.211" /></testsuite></testsuites>