<?xml version="1.0" encoding="utf-8"?><testsuites name="pytest tests"><testsuite name="pytest" errors="0" failures="0" skipped="0" tests="23" time="5.193" timestamp="2026-06-22T23:11:52.467881+00:00" hostname="agent-env-c0d5ec17-e2cc-4cfc-a19c-df06672ba55e"><testcase classname="backend.tests.test_admin_crm_vendors.TestAdminAuthGating" name="test_no_token_rejected[GET-/api/admin/crm/stats]" time="0.293" /><testcase classname="backend.tests.test_admin_crm_vendors.TestAdminAuthGating" name="test_no_token_rejected[GET-/api/admin/crm/contacts]" time="0.141" /><testcase classname="backend.tests.test_admin_crm_vendors.TestAdminAuthGating" name="test_no_token_rejected[GET-/api/admin/vendors]" time="0.103" /><testcase classname="backend.tests.test_admin_crm_vendors.TestAdminAuthGating" name="test_no_token_rejected[GET-/api/admin/vendors/stats]" time="0.139" /><testcase classname="backend.tests.test_admin_crm_vendors.TestAdminAuthGating" name="test_no_token_rejected[POST-/api/admin/vendors]" time="0.102" /><testcase classname="backend.tests.test_admin_crm_vendors.TestAdminAuthGating" name="test_non_admin_user_rejected[GET-/api/admin/crm/stats]" time="0.536" /><testcase classname="backend.tests.test_admin_crm_vendors.TestAdminAuthGating" name="test_non_admin_user_rejected[GET-/api/admin/crm/contacts]" time="0.133" /><testcase classname="backend.tests.test_admin_crm_vendors.TestAdminAuthGating" name="test_non_admin_user_rejected[GET-/api/admin/vendors]" time="0.103" /><testcase classname="backend.tests.test_admin_crm_vendors.TestAdminAuthGating" name="test_non_admin_user_rejected[GET-/api/admin/vendors/stats]" time="0.101" /><testcase classname="backend.tests.test_admin_crm_vendors.TestCrmStats" name="test_crm_stats_shape" time="0.425" /><testcase classname="backend.tests.test_admin_crm_vendors.TestCrmContacts" name="test_list_contacts_default" time="0.179" /><testcase classname="backend.tests.test_admin_crm_vendors.TestCrmContacts" name="test_search_filter" time="0.146" /><testcase classname="backend.tests.test_admin_crm_vendors.TestCrmContacts" name="test_sort_name" time="0.106" /><testcase classname="backend.tests.test_admin_crm_vendors.TestCrmContactDetail" name="test_detail_returns_timeline_and_notes" time="0.222" /><testcase classname="backend.tests.test_admin_crm_vendors.TestCrmContactDetail" name="test_404_on_unknown_contact" time="0.113" /><testcase classname="backend.tests.test_admin_crm_vendors.TestCrmContactDetail" name="test_update_phone_country_state_persists" time="0.216" /><testcase classname="backend.tests.test_admin_crm_vendors.TestCrmContactDetail" name="test_set_tags" time="0.221" /><testcase classname="backend.tests.test_admin_crm_vendors.TestCrmContactDetail" name="test_add_and_delete_note" time="0.428" /><testcase classname="backend.tests.test_admin_crm_vendors.TestVendors" name="test_list_vendors_seeded" time="0.098" /><testcase classname="backend.tests.test_admin_crm_vendors.TestVendors" name="test_vendor_stats" time="0.106" /><testcase classname="backend.tests.test_admin_crm_vendors.TestVendors" name="test_category_filter" time="0.140" /><testcase classname="backend.tests.test_admin_crm_vendors.TestVendors" name="test_vendor_crud_flow" time="0.617" /><testcase classname="backend.tests.test_admin_crm_vendors.TestLastLoginTracking" name="test_login_updates_last_login" time="0.418" /></testsuite></testsuites>