<?xml version="1.0" encoding="utf-8"?><testsuites name="pytest tests"><testsuite name="pytest" errors="0" failures="0" skipped="0" tests="11" time="4.492" timestamp="2026-06-22T18:58:32.338861+00:00" hostname="agent-env-c0d5ec17-e2cc-4cfc-a19c-df06672ba55e"><testcase classname="backend.tests.test_admin_feedback" name="test_admin_overview_ok" time="0.655" /><testcase classname="backend.tests.test_admin_feedback" name="test_normal_user_forbidden_on_admin" time="0.927" /><testcase classname="backend.tests.test_admin_feedback" name="test_unauthenticated_admin_blocked" time="0.110" /><testcase classname="backend.tests.test_admin_feedback" name="test_feedback_appears_in_admin_list" time="0.220" /><testcase classname="backend.tests.test_admin_feedback" name="test_feedback_patch_status" time="0.214" /><testcase classname="backend.tests.test_admin_feedback" name="test_feedback_delete" time="0.196" /><testcase classname="backend.tests.test_admin_feedback" name="test_feedback_requires_message" time="0.790" /><testcase classname="backend.tests.test_admin_feedback" name="test_tickets_list_and_status" time="0.643" /><testcase classname="backend.tests.test_admin_feedback" name="test_admin_blog_list" time="0.129" /><testcase classname="backend.tests.test_admin_feedback" name="test_blog_publish_toggle_and_delete" time="0.405" /><testcase classname="backend.tests.test_admin_feedback" name="test_blog_delete_invalid" time="0.121" /></testsuite></testsuites>