<?xml version="1.0" encoding="utf-8"?><testsuites name="pytest tests"><testsuite name="pytest" errors="0" failures="0" skipped="0" tests="19" time="7.955" timestamp="2026-08-08T00:45:22.550016+00:00" hostname="agent-env-c0d5ec17-e2cc-4cfc-a19c-df06672ba55e"><testcase classname="backend.tests.test_admin_ops_b10" name="test_me_super_admin" time="0.577" /><testcase classname="backend.tests.test_admin_ops_b10" name="test_rbac_403_for_normal_user[/hi/admin/me]" time="0.428" /><testcase classname="backend.tests.test_admin_ops_b10" name="test_rbac_403_for_normal_user[/hi/admin/dashboard]" time="0.110" /><testcase classname="backend.tests.test_admin_ops_b10" name="test_rbac_403_for_normal_user[/hi/admin/users]" time="0.112" /><testcase classname="backend.tests.test_admin_ops_b10" name="test_rbac_403_for_normal_user[/hi/admin/templates]" time="0.099" /><testcase classname="backend.tests.test_admin_ops_b10" name="test_rbac_403_for_normal_user[/hi/admin/flags]" time="0.110" /><testcase classname="backend.tests.test_admin_ops_b10" name="test_rbac_403_for_normal_user[/hi/admin/audit]" time="0.113" /><testcase classname="backend.tests.test_admin_ops_b10" name="test_rbac_403_for_normal_user[/hi/admin/admins]" time="0.100" /><testcase classname="backend.tests.test_admin_ops_b10" name="test_dashboard_cards" time="0.111" /><testcase classname="backend.tests.test_admin_ops_b10" name="test_users_search_and_detail" time="0.219" /><testcase classname="backend.tests.test_admin_ops_b10" name="test_users_suspend_needs_confirm" time="0.442" /><testcase classname="backend.tests.test_admin_ops_b10" name="test_users_override_and_feature_override" time="0.542" /><testcase classname="backend.tests.test_admin_ops_b10" name="test_delete_user_requires_confirm" time="0.223" /><testcase classname="backend.tests.test_admin_ops_b10" name="test_template_create_edit_publish_rollback" time="0.899" /><testcase classname="backend.tests.test_admin_ops_b10" name="test_flags_list_and_toggle" time="0.421" /><testcase classname="backend.tests.test_admin_ops_b10" name="test_support_user_and_admin_flow" time="0.843" /><testcase classname="backend.tests.test_admin_ops_b10" name="test_safety_auto_escalation_via_chat" time="1.673" /><testcase classname="backend.tests.test_admin_ops_b10" name="test_admins_super_only_and_last_super_guard" time="0.620" /><testcase classname="backend.tests.test_admin_ops_b10" name="test_audit_chain" time="0.207" /></testsuite></testsuites>