<?xml version="1.0" encoding="utf-8"?><testsuites name="pytest tests"><testsuite name="pytest" errors="0" failures="0" skipped="0" tests="11" time="4.961" timestamp="2026-06-23T02:55:10.728857+00:00" hostname="agent-env-c0d5ec17-e2cc-4cfc-a19c-df06672ba55e"><testcase classname="backend.tests.test_affiliate_engine.TestAuthGating" name="test_no_token_401_or_403" time="0.289" /><testcase classname="backend.tests.test_affiliate_engine.TestAuthGating" name="test_demo_user_forbidden" time="0.353" /><testcase classname="backend.tests.test_affiliate_engine.TestAuthGating" name="test_admin_allowed" time="0.322" /><testcase classname="backend.tests.test_affiliate_engine.TestConfig" name="test_config_shape" time="0.054" /><testcase classname="backend.tests.test_affiliate_engine.TestConfig" name="test_partial_update_merges" time="0.106" /><testcase classname="backend.tests.test_affiliate_engine.TestPosts" name="test_posts_listing_shape" time="0.052" /><testcase classname="backend.tests.test_affiliate_engine.TestRegenerate" name="test_regenerate_returns_ai_list" time="3.388" /><testcase classname="backend.tests.test_affiliate_engine.TestBackfill" name="test_backfill_returns_queued" time="0.052" /><testcase classname="backend.tests.test_affiliate_engine.TestPublicMaterials" name="test_materials_shape_and_tag_and_blacklist" time="0.105" /><testcase classname="backend.tests.test_affiliate_engine.TestPublicHTML" name="test_html_contains_widget" time="0.052" /><testcase classname="backend.tests.test_affiliate_engine.TestEmailEngineSmoke" name="test_email_overview_still_admin_gated" time="0.099" /></testsuite></testsuites>