<?xml version="1.0" encoding="utf-8"?><testsuites name="pytest tests"><testsuite name="pytest" errors="0" failures="0" skipped="0" tests="16" time="2.910" timestamp="2026-07-05T17:25:12.217525+00:00" hostname="agent-env-c0d5ec17-e2cc-4cfc-a19c-df06672ba55e"><testcase classname="backend.tests.test_appstore_sheet65.TestBrowse" name="test_browse_lists_seeded_integrations" time="0.500" /><testcase classname="backend.tests.test_appstore_sheet65.TestBrowse" name="test_detail_returns_capabilities_scopes_pricing" time="0.132" /><testcase classname="backend.tests.test_appstore_sheet65.TestBrowse" name="test_detail_valid_slug" time="0.140" /><testcase classname="backend.tests.test_appstore_sheet65.TestInstallLifecycle" name="test_a_clean_pre_state" time="0.165" /><testcase classname="backend.tests.test_appstore_sheet65.TestInstallLifecycle" name="test_b_install_first_time" time="0.108" /><testcase classname="backend.tests.test_appstore_sheet65.TestInstallLifecycle" name="test_c_install_idempotent" time="0.131" /><testcase classname="backend.tests.test_appstore_sheet65.TestInstallLifecycle" name="test_d_installed_list_contains" time="0.096" /><testcase classname="backend.tests.test_appstore_sheet65.TestInstallLifecycle" name="test_e_browse_reflects_installed_flag" time="0.105" /><testcase classname="backend.tests.test_appstore_sheet65.TestInstallLifecycle" name="test_f_uninstall" time="0.095" /><testcase classname="backend.tests.test_appstore_sheet65.TestInstallLifecycle" name="test_g_installed_list_no_longer_contains" time="0.095" /><testcase classname="backend.tests.test_appstore_sheet65.TestInstallLifecycle" name="test_h_uninstall_when_not_installed_returns_404" time="0.093" /><testcase classname="backend.tests.test_appstore_sheet65.TestAdmin" name="test_list_all_has_install_counts" time="0.453" /><testcase classname="backend.tests.test_appstore_sheet65.TestAdmin" name="test_analytics_shape" time="0.094" /><testcase classname="backend.tests.test_appstore_sheet65.TestAdmin" name="test_toggle_published_state" time="0.304" /><testcase classname="backend.tests.test_appstore_sheet65.TestAdmin" name="test_non_admin_forbidden" time="0.206" /><testcase classname="backend.tests.test_appstore_sheet65.TestRegression" name="test_education_tracks_still_seed_three" time="0.101" /></testsuite></testsuites>