<?xml version="1.0" encoding="utf-8"?><testsuites name="pytest tests"><testsuite name="pytest" errors="0" failures="0" skipped="0" tests="18" time="5.211" timestamp="2026-08-08T19:26:42.381983+00:00" hostname="agent-env-c0d5ec17-e2cc-4cfc-a19c-df06672ba55e"><testcase classname="tests.test_ar_guidance_b27.TestEligibility" name="test_web_platform_limited" time="0.546" /><testcase classname="tests.test_ar_guidance_b27.TestEligibility" name="test_ios_no_room_estimated" time="0.104" /><testcase classname="tests.test_ar_guidance_b27.TestEligibility" name="test_context_populated_on_available" time="0.100" /><testcase classname="tests.test_ar_guidance_b27.TestSafety" name="test_professional_required_electrical" time="0.333" /><testcase classname="tests.test_ar_guidance_b27.TestSafety" name="test_low_risk_available" time="0.403" /><testcase classname="tests.test_ar_guidance_b27.TestSessionLifecycle" name="test_list_and_get" time="0.309" /><testcase classname="tests.test_ar_guidance_b27.TestSessionLifecycle" name="test_calibrate_and_confirm" time="0.215" /><testcase classname="tests.test_ar_guidance_b27.TestSessionLifecycle" name="test_pause_resume_recenter" time="0.335" /><testcase classname="tests.test_ar_guidance_b27.TestSessionLifecycle" name="test_report_tracking_sets_paused" time="0.222" /><testcase classname="tests.test_ar_guidance_b27.TestSessionLifecycle" name="test_fallback" time="0.112" /><testcase classname="tests.test_ar_guidance_b27.TestSessionLifecycle" name="test_complete_no_change" time="0.113" /><testcase classname="tests.test_ar_guidance_b27.TestSessionLifecycle" name="test_calibrate_failure" time="0.313" /><testcase classname="tests.test_ar_guidance_b27.TestSessionLifecycle" name="test_skip_and_cancel" time="0.307" /><testcase classname="tests.test_ar_guidance_b27.TestAdmin" name="test_dashboard" time="0.441" /><testcase classname="tests.test_ar_guidance_b27.TestAdmin" name="test_toggle_feature_off_then_on" time="0.300" /><testcase classname="tests.test_ar_guidance_b27.TestAdmin" name="test_platform_toggle" time="0.206" /><testcase classname="tests.test_ar_guidance_b27.TestAdmin" name="test_guidance_type_toggle" time="0.199" /><testcase classname="tests.test_ar_guidance_b27.TestAdmin" name="test_non_admin_forbidden" time="0.555" /></testsuite></testsuites>