<?xml version="1.0" encoding="utf-8"?><testsuites name="pytest tests"><testsuite name="pytest" errors="0" failures="0" skipped="0" tests="20" time="4.427" timestamp="2026-08-18T01:40:50.329474+00:00" hostname="agent-env-c0d5ec17-e2cc-4cfc-a19c-df06672ba55e"><testcase classname="backend.tests.test_ar_visual_guidance_doc40_iter92.TestMetaActions" name="test_actions_32_primitives" time="0.619" /><testcase classname="backend.tests.test_ar_visual_guidance_doc40_iter92.TestMetaActions" name="test_tools_33" time="0.129" /><testcase classname="backend.tests.test_ar_visual_guidance_doc40_iter92.TestMetaActions" name="test_anchor_types_8" time="0.148" /><testcase classname="backend.tests.test_ar_visual_guidance_doc40_iter92.TestMetaActions" name="test_visual_objects_present" time="0.136" /><testcase classname="backend.tests.test_ar_visual_guidance_doc40_iter92.TestMetaActions" name="test_auth_required" time="0.144" /><testcase classname="backend.tests.test_ar_visual_guidance_doc40_iter92.TestMetaPackages" name="test_list_4_packages" time="0.135" /><testcase classname="backend.tests.test_ar_visual_guidance_doc40_iter92.TestMetaPackages" name="test_toilet_replacement_details" time="0.130" /><testcase classname="backend.tests.test_ar_visual_guidance_doc40_iter92.TestMetaPackages" name="test_bogus_package_404" time="0.134" /><testcase classname="backend.tests.test_ar_visual_guidance_doc40_iter92.TestTargetConfidence" name="test_high_confidence_acquired" time="0.265" /><testcase classname="backend.tests.test_ar_visual_guidance_doc40_iter92.TestTargetConfidence" name="test_mid_confidence_candidate" time="0.132" /><testcase classname="backend.tests.test_ar_visual_guidance_doc40_iter92.TestTargetConfidence" name="test_low_confidence_lost" time="0.237" /><testcase classname="backend.tests.test_ar_visual_guidance_doc40_iter92.TestTargetConfidence" name="test_user_confirmed_overrides_low" time="0.144" /><testcase classname="backend.tests.test_ar_visual_guidance_doc40_iter92.TestTargetConfidence" name="test_bogus_instruction_404" time="0.252" /><testcase classname="backend.tests.test_ar_visual_guidance_doc40_iter92.TestActionPayloadOnSession" name="test_instructions_have_action_payload" time="0.308" /><testcase classname="backend.tests.test_ar_visual_guidance_doc40_iter92.TestActionPayloadOnSession" name="test_action_id_valid" time="0.125" /><testcase classname="backend.tests.test_ar_visual_guidance_doc40_iter92.TestARRegression" name="test_eligibility" time="0.115" /><testcase classname="backend.tests.test_ar_visual_guidance_doc40_iter92.TestARRegression" name="test_confirm_instruction" time="0.417" /><testcase classname="backend.tests.test_ar_visual_guidance_doc40_iter92.TestARRegression" name="test_pause_resume" time="0.276" /><testcase classname="backend.tests.test_ar_visual_guidance_doc40_iter92.TestARRegression" name="test_fallback" time="0.131" /><testcase classname="backend.tests.test_ar_visual_guidance_doc40_iter92.TestARRegression" name="test_complete" time="0.314" /></testsuite></testsuites>