<?xml version="1.0" encoding="utf-8"?><testsuites name="pytest tests"><testsuite name="pytest" errors="0" failures="0" skipped="0" tests="21" time="10.465" timestamp="2026-08-08T19:11:41.293864+00:00" hostname="agent-env-c0d5ec17-e2cc-4cfc-a19c-df06672ba55e"><testcase classname="backend.tests.test_asset_exit_b26.TestExitConfig" name="test_config_shape" time="0.711" /><testcase classname="backend.tests.test_asset_exit_b26.TestUserFlowValuable" name="test_case_created" time="0.143" /><testcase classname="backend.tests.test_asset_exit_b26.TestUserFlowValuable" name="test_list_includes_case" time="0.139" /><testcase classname="backend.tests.test_asset_exit_b26.TestUserFlowValuable" name="test_assess" time="0.156" /><testcase classname="backend.tests.test_asset_exit_b26.TestUserFlowValuable" name="test_options_generation" time="2.408" /><testcase classname="backend.tests.test_asset_exit_b26.TestUserFlowValuable" name="test_compare_and_disclaimer" time="0.165" /><testcase classname="backend.tests.test_asset_exit_b26.TestUserFlowValuable" name="test_get_case_detail_with_partner_matches" time="0.110" /><testcase classname="backend.tests.test_asset_exit_b26.TestUserFlowValuable" name="test_select_private_sale_returns_safety" time="0.249" /><testcase classname="backend.tests.test_asset_exit_b26.TestUserFlowValuable" name="test_listing_draft_and_review" time="2.097" /><testcase classname="backend.tests.test_asset_exit_b26.TestUserFlowValuable" name="test_safety" time="0.101" /><testcase classname="backend.tests.test_asset_exit_b26.TestUserFlowValuable" name="test_complete_and_report_valuation" time="0.350" /><testcase classname="backend.tests.test_asset_exit_b26.TestUserFlowNonworking" name="test_nonworking_ranks_recycle_dispose" time="1.485" /><testcase classname="backend.tests.test_asset_exit_b26.TestAdmin" name="test_dashboard" time="0.432" /><testcase classname="backend.tests.test_asset_exit_b26.TestAdmin" name="test_partners_list" time="0.101" /><testcase classname="backend.tests.test_asset_exit_b26.TestAdmin" name="test_partner_compensated_without_disclosure_rejected" time="0.126" /><testcase classname="backend.tests.test_asset_exit_b26.TestAdmin" name="test_partner_add_patch_delete" time="0.698" /><testcase classname="backend.tests.test_asset_exit_b26.TestAdmin" name="test_category_toggle_blocks_user" time="0.346" /><testcase classname="backend.tests.test_asset_exit_b26.TestAdmin" name="test_flags_endpoint" time="0.224" /><testcase classname="backend.tests.test_asset_exit_b26.TestRBAC" name="test_non_admin_blocked[/api/hi/admin/exit/dashboard-GET]" time="0.121" /><testcase classname="backend.tests.test_asset_exit_b26.TestRBAC" name="test_non_admin_blocked[/api/hi/admin/exit/partners-GET]" time="0.100" /><testcase classname="backend.tests.test_asset_exit_b26.TestRBAC" name="test_non_admin_blocked[/api/hi/admin/exit/flags-GET]" time="0.101" /></testsuite></testsuites>