<?xml version="1.0" encoding="utf-8"?><testsuites name="pytest tests"><testsuite name="pytest" errors="0" failures="0" skipped="0" tests="13" time="10.115" timestamp="2026-07-05T16:12:08.288682+00:00" hostname="agent-env-c0d5ec17-e2cc-4cfc-a19c-df06672ba55e"><testcase classname="backend.tests.test_audit_transparency_sheet59.TestAuditMe" name="test_audit_me_returns_shape" time="0.685" /><testcase classname="backend.tests.test_audit_transparency_sheet59.TestAuditMe" name="test_mutation_creates_audit_entry" time="1.440" /><testcase classname="backend.tests.test_audit_transparency_sheet59.TestAuditMe" name="test_export_returns_bundle_and_logs" time="1.473" /><testcase classname="backend.tests.test_audit_transparency_sheet59.TestConsents" name="test_get_consents_shape" time="0.094" /><testcase classname="backend.tests.test_audit_transparency_sheet59.TestConsents" name="test_toggle_consent_persists" time="0.205" /><testcase classname="backend.tests.test_audit_transparency_sheet59.TestConsents" name="test_invalid_type_and_status" time="0.232" /><testcase classname="backend.tests.test_audit_transparency_sheet59.TestAdminAudit" name="test_non_admin_forbidden" time="0.186" /><testcase classname="backend.tests.test_audit_transparency_sheet59.TestAdminAudit" name="test_admin_query_filters" time="0.654" /><testcase classname="backend.tests.test_audit_transparency_sheet59.TestAdminAudit" name="test_analytics_shape" time="0.098" /><testcase classname="backend.tests.test_audit_transparency_sheet59.TestAdminAudit" name="test_user_trail" time="0.279" /><testcase classname="backend.tests.test_audit_transparency_sheet59.TestAlerts" name="test_rapid_delete_and_export_alerts" time="4.049" /><testcase classname="backend.tests.test_audit_transparency_sheet59.TestAlerts" name="test_resolve_alert" time="0.313" /><testcase classname="backend.tests.test_audit_transparency_sheet59.TestDeleteProjectRegression" name="test_delete_own_ok_and_nonowner_404" time="0.311" /></testsuite></testsuites>