<?xml version="1.0" encoding="utf-8"?><testsuites name="pytest tests"><testsuite name="pytest" errors="0" failures="0" skipped="0" tests="20" time="6.483" timestamp="2026-08-18T01:25:30.972807+00:00" hostname="agent-env-c0d5ec17-e2cc-4cfc-a19c-df06672ba55e"><testcase classname="backend.tests.test_auth_sessions_doc38_iter91.TestTwoDeviceLogin" name="test_tokens_are_different" time="0.717" /><testcase classname="backend.tests.test_auth_sessions_doc38_iter91.TestTwoDeviceLogin" name="test_sessions_lists_both_and_marks_current" time="0.121" /><testcase classname="backend.tests.test_auth_sessions_doc38_iter91.TestTwoDeviceLogin" name="test_recent_activity_contains_login_success" time="0.111" /><testcase classname="backend.tests.test_auth_sessions_doc38_iter91.TestRevokeSingleSession" name="test_revoke_returns_ok" time="1.027" /><testcase classname="backend.tests.test_auth_sessions_doc38_iter91.TestRevokeSingleSession" name="test_token_a_is_now_unauthorized" time="0.111" /><testcase classname="backend.tests.test_auth_sessions_doc38_iter91.TestRevokeSingleSession" name="test_token_b_still_works" time="0.136" /><testcase classname="backend.tests.test_auth_sessions_doc38_iter91.TestRevokeSingleSession" name="test_bogus_sid_returns_ok" time="0.111" /><testcase classname="backend.tests.test_auth_sessions_doc38_iter91.TestFailedLoginEvent" name="test_bad_password_returns_400" time="0.356" /><testcase classname="backend.tests.test_auth_sessions_doc38_iter91.TestFailedLoginEvent" name="test_failure_event_appears_after_next_success" time="0.842" /><testcase classname="backend.tests.test_auth_sessions_doc38_iter91.TestRegisterAccountCreated" name="test_register_with_device_info" time="0.334" /><testcase classname="backend.tests.test_auth_sessions_doc38_iter91.TestRegisterAccountCreated" name="test_account_created_event_visible" time="0.116" /><testcase classname="backend.tests.test_auth_sessions_doc38_iter91.TestLogoutAll" name="test_logout_all_returns_fresh_token_and_message" time="0.825" /><testcase classname="backend.tests.test_auth_sessions_doc38_iter91.TestLogoutAll" name="test_prior_tokens_are_dead" time="0.221" /><testcase classname="backend.tests.test_auth_sessions_doc38_iter91.TestLogoutAll" name="test_fresh_token_c_works" time="0.146" /><testcase classname="backend.tests.test_auth_sessions_doc38_iter91.TestLogoutAll" name="test_sessions_shows_only_current" time="0.121" /><testcase classname="backend.tests.test_auth_sessions_doc38_iter91.TestLogoutAll" name="test_sessions_revoked_all_event" time="0.155" /><testcase classname="backend.tests.test_auth_sessions_doc38_iter91.TestBackwardCompatRegression" name="test_me_ok" time="0.474" /><testcase classname="backend.tests.test_auth_sessions_doc38_iter91.TestBackwardCompatRegression" name="test_hi_start_checklist" time="0.128" /><testcase classname="backend.tests.test_auth_sessions_doc38_iter91.TestBackwardCompatRegression" name="test_hi_jobs" time="0.118" /><testcase classname="backend.tests.test_auth_sessions_doc38_iter91.TestBackwardCompatRegression" name="test_hi_access_settings" time="0.244" /></testsuite></testsuites>