<?xml version="1.0" encoding="utf-8"?><testsuites name="pytest tests"><testsuite name="pytest" errors="0" failures="0" skipped="0" tests="15" time="2.231" timestamp="2026-07-04T22:20:55.413822+00:00" hostname="agent-env-c0d5ec17-e2cc-4cfc-a19c-df06672ba55e"><testcase classname="backend.tests.test_automation_home.TestAutomationMeta" name="test_meta_shape" time="0.556" /><testcase classname="backend.tests.test_automation_home.TestAutomationMeta" name="test_meta_admin_gated" time="0.325" /><testcase classname="backend.tests.test_automation_home.TestAutomationCRUD" name="test_list_contains_rule" time="0.098" /><testcase classname="backend.tests.test_automation_home.TestAutomationCRUD" name="test_toggle_off_and_on" time="0.150" /><testcase classname="backend.tests.test_automation_home.TestAutomationCRUD" name="test_test_run_fires_and_logs" time="0.098" /><testcase classname="backend.tests.test_automation_home.TestAutomationCRUD" name="test_bad_trigger_400" time="0.045" /><testcase classname="backend.tests.test_automation_home.TestAutomationCRUD" name="test_admin_only" time="0.100" /><testcase classname="backend.tests.test_automation_home.TestAutomationCRUD" name="test_delete_removes" time="0.187" /><testcase classname="backend.tests.test_automation_home.TestHomeProfile" name="test_get_home_admin_populated" time="0.049" /><testcase classname="backend.tests.test_automation_home.TestHomeProfile" name="test_get_home_new_user_empty" time="0.049" /><testcase classname="backend.tests.test_automation_home.TestHomeProfile" name="test_add_and_delete_room" time="0.188" /><testcase classname="backend.tests.test_automation_home.TestHomeProfile" name="test_add_and_delete_system" time="0.139" /><testcase classname="backend.tests.test_automation_home.TestHomeProfile" name="test_year_review_admin" time="0.092" /><testcase classname="backend.tests.test_automation_home.TestHomeProfile" name="test_year_review_no_data" time="0.046" /><testcase classname="backend.tests.test_automation_home.TestHomeProfile" name="test_home_auth_required" time="0.042" /></testsuite></testsuites>