<?xml version="1.0" encoding="utf-8"?><testsuites name="pytest tests"><testsuite name="pytest" errors="0" failures="0" skipped="1" tests="21" time="6.761" timestamp="2026-08-08T18:55:13.953683+00:00" hostname="agent-env-c0d5ec17-e2cc-4cfc-a19c-df06672ba55e"><testcase classname="backend.tests.test_blueprints_24_25.TestB24UserRewardsFunding" name="test_catalog" time="1.503" /><testcase classname="backend.tests.test_blueprints_24_25.TestB24UserRewardsFunding" name="test_history_endpoint" time="0.109" /><testcase classname="backend.tests.test_blueprints_24_25.TestB24Redemption" name="test_insufficient_points_returns_400" time="0.103"><skipped type="pytest.skip" message="user happens to afford biggest item; insufficient-points path exercised elsewhere">/app/backend/tests/test_blueprints_24_25.py:116: user happens to afford biggest item; insufficient-points path exercised elsewhere</skipped></testcase><testcase classname="backend.tests.test_blueprints_24_25.TestB24Redemption" name="test_redeem_idempotency_and_no_double_deduct" time="0.445" /><testcase classname="backend.tests.test_blueprints_24_25.TestB24EmergencyMode" name="test_emergency_enables_disables" time="0.481" /><testcase classname="backend.tests.test_blueprints_24_25.TestB24AdminFinancials" name="test_command_center" time="0.114" /><testcase classname="backend.tests.test_blueprints_24_25.TestB24AdminFinancials" name="test_revenue_receive_and_reverse" time="0.405" /><testcase classname="backend.tests.test_blueprints_24_25.TestB24AdminFinancials" name="test_settings_put" time="0.123" /><testcase classname="backend.tests.test_blueprints_24_25.TestB24AdminFinancials" name="test_provider_pause_activate" time="0.360" /><testcase classname="backend.tests.test_blueprints_24_25.TestB24AdminFinancials" name="test_fraud_reviews_list" time="0.101" /><testcase classname="backend.tests.test_blueprints_24_25.TestB24AdminFinancials" name="test_non_admin_forbidden" time="0.535" /><testcase classname="backend.tests.test_blueprints_24_25.TestB13RewardsRegression" name="test_home" time="0.101" /><testcase classname="backend.tests.test_blueprints_24_25.TestB13RewardsRegression" name="test_activity" time="0.098" /><testcase classname="backend.tests.test_blueprints_24_25.TestB25HomieHQ" name="test_dashboard" time="0.116" /><testcase classname="backend.tests.test_blueprints_24_25.TestB25HomieHQ" name="test_refresh" time="0.128" /><testcase classname="backend.tests.test_blueprints_24_25.TestB25HomieHQ" name="test_ai_costs" time="0.101" /><testcase classname="backend.tests.test_blueprints_24_25.TestB25HomieHQ" name="test_lists" time="0.525" /><testcase classname="backend.tests.test_blueprints_24_25.TestB25HomieHQ" name="test_settings_get_put" time="0.217" /><testcase classname="backend.tests.test_blueprints_24_25.TestB25HomieHQ" name="test_experiment_create_and_decide" time="0.228" /><testcase classname="backend.tests.test_blueprints_24_25.TestB25HomieHQ" name="test_approvals_decide_if_any" time="0.213" /><testcase classname="backend.tests.test_blueprints_24_25.TestB25HomieHQ" name="test_non_admin_forbidden" time="0.657" /></testsuite></testsuites>