<?xml version="1.0" encoding="utf-8"?><testsuites name="pytest tests"><testsuite name="pytest" errors="0" failures="0" skipped="0" tests="34" time="50.405" timestamp="2026-08-08T19:52:59.856668+00:00" hostname="agent-env-c0d5ec17-e2cc-4cfc-a19c-df06672ba55e"><testcase classname="backend.tests.test_notif_compliance_b28_b29.TestB28UserInbox" name="test_send_test_notification" time="0.537" /><testcase classname="backend.tests.test_notif_compliance_b28_b29.TestB28UserInbox" name="test_inbox_returns_items_and_unread_count" time="0.110" /><testcase classname="backend.tests.test_notif_compliance_b28_b29.TestB28UserInbox" name="test_unread_count_endpoint" time="0.104" /><testcase classname="backend.tests.test_notif_compliance_b28_b29.TestB28UserInbox" name="test_mark_read" time="0.218" /><testcase classname="backend.tests.test_notif_compliance_b28_b29.TestB28UserInbox" name="test_read_all" time="0.207" /><testcase classname="backend.tests.test_notif_compliance_b28_b29.TestB28UserInbox" name="test_open_returns_deep_link_and_access" time="0.315" /><testcase classname="backend.tests.test_notif_compliance_b28_b29.TestB28UserInbox" name="test_archive" time="0.427" /><testcase classname="backend.tests.test_notif_compliance_b28_b29.TestB28Preferences" name="test_get_preferences_matrix" time="0.103" /><testcase classname="backend.tests.test_notif_compliance_b28_b29.TestB28Preferences" name="test_cannot_disable_safety" time="0.120" /><testcase classname="backend.tests.test_notif_compliance_b28_b29.TestB28Preferences" name="test_marketing_without_consent_suppressed" time="0.208" /><testcase classname="backend.tests.test_notif_compliance_b28_b29.TestB28Preferences" name="test_marketing_with_consent_delivers" time="0.322" /><testcase classname="backend.tests.test_notif_compliance_b28_b29.TestB28Admin" name="test_non_admin_forbidden" time="0.317" /><testcase classname="backend.tests.test_notif_compliance_b28_b29.TestB28Admin" name="test_dashboard" time="0.422" /><testcase classname="backend.tests.test_notif_compliance_b28_b29.TestB28Admin" name="test_templates_seeded" time="0.109" /><testcase classname="backend.tests.test_notif_compliance_b28_b29.TestB28Admin" name="test_create_draft_template" time="0.206" /><testcase classname="backend.tests.test_notif_compliance_b28_b29.TestB28Admin" name="test_marketing_template_requires_approval" time="0.411" /><testcase classname="backend.tests.test_notif_compliance_b28_b29.TestB28Admin" name="test_cannot_disable_safety_category" time="0.108" /><testcase classname="backend.tests.test_notif_compliance_b28_b29.TestB28Admin" name="test_settings_update" time="0.235" /><testcase classname="backend.tests.test_notif_compliance_b28_b29.TestB28Admin" name="test_retry_delivery_404_on_bogus" time="0.105" /><testcase classname="backend.tests.test_notif_compliance_b28_b29.TestB29User" name="test_categories" time="0.098" /><testcase classname="backend.tests.test_notif_compliance_b28_b29.TestB29User" name="test_set_and_get_jurisdiction" time="0.209" /><testcase classname="backend.tests.test_notif_compliance_b28_b29.TestB29User" name="test_assess_hazard_project" time="0.215" /><testcase classname="backend.tests.test_notif_compliance_b28_b29.TestB29User" name="test_assess_cosmetic_project" time="0.285" /><testcase classname="backend.tests.test_notif_compliance_b28_b29.TestB29User" name="test_get_assessment" time="0.103" /><testcase classname="backend.tests.test_notif_compliance_b28_b29.TestB29User" name="test_checklist_status" time="0.219" /><testcase classname="backend.tests.test_notif_compliance_b28_b29.TestB29User" name="test_mark_verified" time="0.209" /><testcase classname="backend.tests.test_notif_compliance_b28_b29.TestB29User" name="test_package_create_and_status" time="0.367" /><testcase classname="backend.tests.test_notif_compliance_b28_b29.TestB29User" name="test_report_flag" time="0.103" /><testcase classname="backend.tests.test_notif_compliance_b28_b29.TestB29Admin" name="test_non_admin_forbidden" time="0.329" /><testcase classname="backend.tests.test_notif_compliance_b28_b29.TestB29Admin" name="test_dashboard" time="0.115" /><testcase classname="backend.tests.test_notif_compliance_b28_b29.TestB29Admin" name="test_seeded_rules" time="0.102" /><testcase classname="backend.tests.test_notif_compliance_b28_b29.TestB29Admin" name="test_create_rule_and_status_gating" time="0.621" /><testcase classname="backend.tests.test_notif_compliance_b28_b29.TestB29Admin" name="test_category_toggle" time="30.139" /><testcase classname="backend.tests.test_notif_compliance_b28_b29.TestB29Admin" name="test_flags_list_and_resolve" time="12.586" /></testsuite></testsuites>