<?xml version="1.0" encoding="utf-8"?><testsuites name="pytest tests"><testsuite name="pytest" errors="0" failures="0" skipped="0" tests="18" time="7.677" timestamp="2026-08-18T00:39:14.630559+00:00" hostname="agent-env-c0d5ec17-e2cc-4cfc-a19c-df06672ba55e"><testcase classname="backend.tests.test_b30_b31_activation_access_iter88.TestPublicIntent" name="test_intent_short_text_returns_400" time="0.203" /><testcase classname="backend.tests.test_b30_b31_activation_access_iter88.TestPublicIntent" name="test_intent_normal_repair" time="3.922" /><testcase classname="backend.tests.test_b30_b31_activation_access_iter88.TestPublicIntent" name="test_intent_emergency_gas" time="0.066" /><testcase classname="backend.tests.test_b30_b31_activation_access_iter88.TestClaim" name="test_claim_creates_issue" time="0.395" /><testcase classname="backend.tests.test_b30_b31_activation_access_iter88.TestClaim" name="test_claim_idempotent" time="0.066" /><testcase classname="backend.tests.test_b30_b31_activation_access_iter88.TestClaim" name="test_claim_bogus_intent_returns_404" time="0.063" /><testcase classname="backend.tests.test_b30_b31_activation_access_iter88.TestChecklistActivation" name="test_checklist" time="0.067" /><testcase classname="backend.tests.test_b30_b31_activation_access_iter88.TestChecklistActivation" name="test_activation" time="0.067" /><testcase classname="backend.tests.test_b30_b31_activation_access_iter88.TestNewHomeowner" name="test_get_new_homeowner" time="0.081" /><testcase classname="backend.tests.test_b30_b31_activation_access_iter88.TestNewHomeowner" name="test_toggle_manual_persists" time="0.221" /><testcase classname="backend.tests.test_b30_b31_activation_access_iter88.TestNewHomeowner" name="test_toggle_bogus_key_400" time="0.063" /><testcase classname="backend.tests.test_b30_b31_activation_access_iter88.TestAccessibility" name="test_meta" time="0.084" /><testcase classname="backend.tests.test_b30_b31_activation_access_iter88.TestAccessibility" name="test_settings_defaults" time="0.065" /><testcase classname="backend.tests.test_b30_b31_activation_access_iter88.TestAccessibility" name="test_settings_put_valid_persists" time="0.152" /><testcase classname="backend.tests.test_b30_b31_activation_access_iter88.TestAccessibility" name="test_settings_invalid_ignored" time="0.068" /><testcase classname="backend.tests.test_b30_b31_activation_access_iter88.TestAccessibility" name="test_settings_unauth_blocked" time="0.085" /><testcase classname="backend.tests.test_b30_b31_activation_access_iter88.TestChatSpanishAdaptation" name="test_chat_reply_uses_spanish_simple" time="1.847" /><testcase classname="backend.tests.test_b30_b31_activation_access_iter88" name="test_zzz_reset_access_settings" time="0.062" /></testsuite></testsuites>