<?xml version="1.0" encoding="utf-8"?><testsuites name="pytest tests"><testsuite name="pytest" errors="0" failures="0" skipped="0" tests="28" time="9.137" timestamp="2026-08-08T20:28:11.686404+00:00" hostname="agent-env-c0d5ec17-e2cc-4cfc-a19c-df06672ba55e"><testcase classname="backend.tests.test_b30_b31_b32.TestB30ProAdmin" name="test_non_admin_forbidden" time="0.700" /><testcase classname="backend.tests.test_b30_b31_b32.TestB30ProAdmin" name="test_dashboard" time="0.447" /><testcase classname="backend.tests.test_b30_b31_b32.TestB30ProAdmin" name="test_settings_toggle" time="0.315" /><testcase classname="backend.tests.test_b30_b31_b32.TestB30ProAdmin" name="test_profiles_list" time="0.116" /><testcase classname="backend.tests.test_b30_b31_b32.TestB31Consents" name="test_overview" time="0.108" /><testcase classname="backend.tests.test_b30_b31_b32.TestB31Consents" name="test_consents_list" time="0.102" /><testcase classname="backend.tests.test_b30_b31_b32.TestB31Consents" name="test_toggle_analytics_consent" time="0.332" /><testcase classname="backend.tests.test_b30_b31_b32.TestB31Consents" name="test_ai_controls" time="0.198" /><testcase classname="backend.tests.test_b30_b31_b32.TestB31Consents" name="test_shares" time="0.115" /><testcase classname="backend.tests.test_b30_b31_b32.TestB31Consents" name="test_data_map" time="0.109" /><testcase classname="backend.tests.test_b30_b31_b32.TestB31Consents" name="test_export_categories" time="0.105" /><testcase classname="backend.tests.test_b30_b31_b32.TestB31ReauthSecurity" name="test_export_without_reauth_403" time="0.101" /><testcase classname="backend.tests.test_b30_b31_b32.TestB31ReauthSecurity" name="test_account_deletion_without_reauth_403" time="0.099" /><testcase classname="backend.tests.test_b30_b31_b32.TestB31ReauthSecurity" name="test_reauth_bad_password_401" time="0.332" /><testcase classname="backend.tests.test_b30_b31_b32.TestB31ReauthSecurity" name="test_reauth_unknown_action_400" time="0.103" /><testcase classname="backend.tests.test_b30_b31_b32.TestB31ReauthSecurity" name="test_reauth_export_flow_one_time_token" time="0.537" /><testcase classname="backend.tests.test_b30_b31_b32.TestB31ReauthSecurity" name="test_export_wrong_reauth_action_rejected" time="0.456" /><testcase classname="backend.tests.test_b30_b31_b32.TestB31ReauthSecurity" name="test_exports_list" time="0.104" /><testcase classname="backend.tests.test_b30_b31_b32.TestB31Admin" name="test_non_admin_forbidden" time="0.434" /><testcase classname="backend.tests.test_b30_b31_b32.TestB31Admin" name="test_admin_dashboard" time="0.119" /><testcase classname="backend.tests.test_b30_b31_b32.TestB31Admin" name="test_retention_get" time="0.102" /><testcase classname="backend.tests.test_b30_b31_b32.TestB31Admin" name="test_incidents_create_and_advance" time="0.458" /><testcase classname="backend.tests.test_b30_b31_b32.TestB32Dashboard" name="test_snapshot" time="0.105" /><testcase classname="backend.tests.test_b30_b31_b32.TestB32Dashboard" name="test_attention" time="0.115" /><testcase classname="backend.tests.test_b30_b31_b32.TestB32Dashboard" name="test_ai_summary" time="2.315" /><testcase classname="backend.tests.test_b30_b31_b32.TestB32Dashboard" name="test_attention_snooze_dismiss_flow" time="0.441" /><testcase classname="backend.tests.test_b30_b31_b32.TestB32Timeline" name="test_timeline_list" time="0.122" /><testcase classname="backend.tests.test_b30_b31_b32.TestB32Timeline" name="test_note_add_and_delete" time="0.442" /></testsuite></testsuites>