<?xml version="1.0" encoding="utf-8"?><testsuites name="pytest tests"><testsuite name="pytest" errors="0" failures="0" skipped="0" tests="23" time="8.754" timestamp="2026-08-08T20:44:34.020556+00:00" hostname="agent-env-c0d5ec17-e2cc-4cfc-a19c-df06672ba55e"><testcase classname="backend.tests.test_b33_b34_iter74.TestSyncPush" name="test_safe_append_note_and_idempotency" time="0.791" /><testcase classname="backend.tests.test_b33_b34_iter74.TestSyncPush" name="test_measurement_add" time="0.130" /><testcase classname="backend.tests.test_b33_b34_iter74.TestSyncPush" name="test_blocked_offline_op" time="0.140" /><testcase classname="backend.tests.test_b33_b34_iter74.TestSyncPush" name="test_stale_review_creates_conflict" time="0.133" /><testcase classname="backend.tests.test_b33_b34_iter74.TestSyncStatusConflictsResolve" name="test_status_and_conflicts_and_resolve" time="0.684" /><testcase classname="backend.tests.test_b33_b34_iter74.TestSyncStatusConflictsResolve" name="test_resolve_all_choices" time="0.658" /><testcase classname="backend.tests.test_b33_b34_iter74.TestSyncMedia" name="test_media_finalize_dedupes" time="0.238" /><testcase classname="backend.tests.test_b33_b34_iter74.TestSavedQuestions" name="test_crud" time="0.606" /><testcase classname="backend.tests.test_b33_b34_iter74.TestSafetyContent" name="test_safety_content" time="0.107" /><testcase classname="backend.tests.test_b33_b34_iter74.TestVoiceSession" name="test_start_and_get" time="0.225" /><testcase classname="backend.tests.test_b33_b34_iter74.TestVoiceSession" name="test_invalid_mode" time="0.147" /><testcase classname="backend.tests.test_b33_b34_iter74.TestVoiceAsk" name="test_ask_normal" time="3.036" /><testcase classname="backend.tests.test_b33_b34_iter74.TestVoiceAsk" name="test_ask_emergency" time="0.171" /><testcase classname="backend.tests.test_b33_b34_iter74.TestVoiceAsk" name="test_ask_empty_400" time="0.113" /><testcase classname="backend.tests.test_b33_b34_iter74.TestVoiceSpeech" name="test_low_confidence_prompt_repeat" time="0.127" /><testcase classname="backend.tests.test_b33_b34_iter74.TestVoiceSpeech" name="test_high_confidence" time="0.108" /><testcase classname="backend.tests.test_b33_b34_iter74.TestVoiceHandsFree" name="test_next_step_requires_project" time="0.105" /><testcase classname="backend.tests.test_b33_b34_iter74.TestVoiceHandsFree" name="test_ask_no_project_ok" time="0.126" /><testcase classname="backend.tests.test_b33_b34_iter74.TestVoiceHandsFree" name="test_unknown_command" time="0.105" /><testcase classname="backend.tests.test_b33_b34_iter74.TestVoiceHandsFree" name="test_next_step_needs_confirmation_and_high_risk_block" time="0.207" /><testcase classname="backend.tests.test_b33_b34_iter74.TestAdminVoice" name="test_get_settings" time="0.469" /><testcase classname="backend.tests.test_b33_b34_iter74.TestAdminVoice" name="test_put_settings" time="0.121" /><testcase classname="backend.tests.test_b33_b34_iter74.TestAdminVoice" name="test_dashboard" time="0.105" /></testsuite></testsuites>