<?xml version="1.0" encoding="utf-8"?><testsuites name="pytest tests"><testsuite name="pytest" errors="0" failures="0" skipped="0" tests="7" time="9.912" timestamp="2026-08-18T01:08:16.259158+00:00" hostname="agent-env-c0d5ec17-e2cc-4cfc-a19c-df06672ba55e"><testcase classname="backend.tests.test_b33_b35_b36_iter90.TestAuthTokenVersion" name="test_login_and_me" time="0.561" /><testcase classname="backend.tests.test_b33_b35_b36_iter90.TestAuthTokenVersion" name="test_logout_all_bumps_token_version" time="1.350" /><testcase classname="backend.tests.test_b33_b35_b36_iter90.TestAiPrivacyControls" name="test_get_returns_six_booleans" time="0.477" /><testcase classname="backend.tests.test_b33_b35_b36_iter90.TestAiPrivacyControls" name="test_put_persists_and_homie_chat_still_works" time="6.013" /><testcase classname="backend.tests.test_b33_b35_b36_iter90.TestSupportSafetyAndHandoff" name="test_safety_concern_ticket_is_critical_with_safety_note" time="0.482" /><testcase classname="backend.tests.test_b33_b35_b36_iter90.TestSupportSafetyAndHandoff" name="test_gr_issue_context_attaches_homie_summary" time="0.515" /><testcase classname="backend.tests.test_b33_b35_b36_iter90.TestDoc36BenchmarkLibrary" name="test_admin_ai_cases_has_9_doc36_cases" time="0.451" /></testsuite></testsuites>