<?xml version="1.0" encoding="utf-8"?><testsuites name="pytest tests"><testsuite name="pytest" errors="0" failures="0" skipped="0" tests="11" time="35.403" timestamp="2026-08-18T00:52:29.775538+00:00" hostname="agent-env-c0d5ec17-e2cc-4cfc-a19c-df06672ba55e"><testcase classname="backend.tests.test_reliability_b34_iter89" name="test_jobs_list_shape" time="0.896" /><testcase classname="backend.tests.test_reliability_b34_iter89" name="test_get_bogus_job_404" time="0.125" /><testcase classname="backend.tests.test_reliability_b34_iter89" name="test_design_concept_async_e2e" time="13.449" /><testcase classname="backend.tests.test_reliability_b34_iter89" name="test_design_refine_async_e2e" time="17.300" /><testcase classname="backend.tests.test_reliability_b34_iter89" name="test_cancel_completed_job_409" time="0.273" /><testcase classname="backend.tests.test_reliability_b34_iter89" name="test_system_status_shape" time="0.122" /><testcase classname="backend.tests.test_reliability_b34_iter89" name="test_admin_jobs_overview" time="0.540" /><testcase classname="backend.tests.test_reliability_b34_iter89" name="test_admin_costs" time="0.134" /><testcase classname="backend.tests.test_reliability_b34_iter89" name="test_admin_limits_roundtrip" time="0.395" /><testcase classname="backend.tests.test_reliability_b34_iter89" name="test_admin_endpoints_forbidden_for_demo" time="0.410" /><testcase classname="backend.tests.test_reliability_b34_iter89" name="test_ai_cost_protection" time="1.623" /></testsuite></testsuites>