<?xml version="1.0" encoding="utf-8"?><testsuites name="pytest tests"><testsuite name="pytest" errors="0" failures="0" skipped="0" tests="19" time="8.739" timestamp="2026-08-08T21:36:16.202650+00:00" hostname="agent-env-c0d5ec17-e2cc-4cfc-a19c-df06672ba55e"><testcase classname="backend.tests.test_b35_community_iter75" name="test_categories_ok" time="0.737" /><testcase classname="backend.tests.test_b35_community_iter75" name="test_create_clean_draft_no_flags" time="0.144" /><testcase classname="backend.tests.test_b35_community_iter75" name="test_submit_high_risk_goes_to_reviewing" time="0.281" /><testcase classname="backend.tests.test_b35_community_iter75" name="test_submit_requires_public_visibility" time="0.213" /><testcase classname="backend.tests.test_b35_community_iter75" name="test_mine_lists_own_content" time="0.372" /><testcase classname="backend.tests.test_b35_community_iter75" name="test_update_and_delete" time="0.346" /><testcase classname="backend.tests.test_b35_community_iter75" name="test_admin_dashboard_and_queue" time="0.577" /><testcase classname="backend.tests.test_b35_community_iter75" name="test_approved_appears_in_feed" time="0.240" /><testcase classname="backend.tests.test_b35_community_iter75" name="test_request_changes_moves_to_draft" time="0.319" /><testcase classname="backend.tests.test_b35_community_iter75" name="test_vote_helpful" time="0.245" /><testcase classname="backend.tests.test_b35_community_iter75" name="test_save_unsave_list" time="0.392" /><testcase classname="backend.tests.test_b35_community_iter75" name="test_report_content" time="0.136" /><testcase classname="backend.tests.test_b35_community_iter75" name="test_comment_on_approved_normal" time="0.147" /><testcase classname="backend.tests.test_b35_community_iter75" name="test_comments_blocked_in_high_risk" time="0.208" /><testcase classname="backend.tests.test_b35_community_iter75" name="test_draft_assist_returns_sensitive_info" time="3.617" /><testcase classname="backend.tests.test_b35_community_iter75" name="test_admin_reports_endpoint" time="0.134" /><testcase classname="backend.tests.test_b35_community_iter75" name="test_admin_settings_get_and_toggle" time="0.317" /><testcase classname="backend.tests.test_b35_community_iter75" name="test_admin_audit_logs_decision" time="0.104" /><testcase classname="backend.tests.test_b35_community_iter75" name="test_voice_admin_dashboard_regression" time="0.110" /></testsuite></testsuites>