<?xml version="1.0" encoding="utf-8"?><testsuites name="pytest tests"><testsuite name="pytest" errors="0" failures="0" skipped="0" tests="12" time="4.390" timestamp="2026-08-08T21:49:43.981534+00:00" hostname="agent-env-c0d5ec17-e2cc-4cfc-a19c-df06672ba55e"><testcase classname="backend.tests.test_b36_emergency_iter76.TestOverview" name="test_overview_has_completeness_no_score" time="0.692" /><testcase classname="backend.tests.test_b36_emergency_iter76.TestCategories" name="test_categories" time="0.157" /><testcase classname="backend.tests.test_b36_emergency_iter76.TestContacts" name="test_contact_full_cycle" time="0.528" /><testcase classname="backend.tests.test_b36_emergency_iter76.TestContacts" name="test_invalid_contact_type" time="0.117" /><testcase classname="backend.tests.test_b36_emergency_iter76.TestLocations" name="test_location_cycle" time="0.328" /><testcase classname="backend.tests.test_b36_emergency_iter76.TestRiskProfiles" name="test_risk_profile_create_and_update" time="0.430" /><testcase classname="backend.tests.test_b36_emergency_iter76.TestEmergencyMode" name="test_mode_start_water_flood" time="0.318" /><testcase classname="backend.tests.test_b36_emergency_iter76.TestEmergencyMode" name="test_mode_start_invalid" time="0.102" /><testcase classname="backend.tests.test_b36_emergency_iter76.TestIncidents" name="test_incident_flow" time="0.564" /><testcase classname="backend.tests.test_b36_emergency_iter76.TestIncidents" name="test_invalid_incident_status" time="0.208" /><testcase classname="backend.tests.test_b36_emergency_iter76.TestPrepPlans" name="test_plan_create_seeds_items" time="0.735" /><testcase classname="backend.tests.test_b36_emergency_iter76.TestPrepPlans" name="test_plan_invalid_type" time="0.121" /></testsuite></testsuites>