<?xml version="1.0" encoding="utf-8"?><testsuites name="pytest tests"><testsuite name="pytest" errors="0" failures="0" skipped="0" tests="33" time="6.586" timestamp="2026-08-08T22:23:41.862371+00:00" hostname="agent-env-c0d5ec17-e2cc-4cfc-a19c-df06672ba55e"><testcase classname="backend.tests.test_b37_41_iter77.TestB40DesignPublic" name="test_foundation" time="0.255" /><testcase classname="backend.tests.test_b37_41_iter77.TestB40DesignPublic" name="test_tokens" time="0.140" /><testcase classname="backend.tests.test_b37_41_iter77.TestB40DesignAdmin" name="test_overview" time="0.536" /><testcase classname="backend.tests.test_b37_41_iter77.TestB40DesignAdmin" name="test_registry" time="0.138" /><testcase classname="backend.tests.test_b37_41_iter77.TestB40DesignAdmin" name="test_components_list" time="0.104" /><testcase classname="backend.tests.test_b37_41_iter77.TestB40DesignAdmin" name="test_safety_card_approved_rejected" time="0.127" /><testcase classname="backend.tests.test_b37_41_iter77.TestB40DesignAdmin" name="test_component_workflow" time="0.476" /><testcase classname="backend.tests.test_b37_41_iter77.TestB40DesignAdmin" name="test_component_delete" time="0.104" /><testcase classname="backend.tests.test_b37_41_iter77.TestB39Platform" name="test_domains" time="0.103" /><testcase classname="backend.tests.test_b37_41_iter77.TestB39Platform" name="test_standards" time="0.133" /><testcase classname="backend.tests.test_b37_41_iter77.TestB39Platform" name="test_events_list" time="0.112" /><testcase classname="backend.tests.test_b37_41_iter77.TestB39Platform" name="test_events_invalid_type_400" time="0.107" /><testcase classname="backend.tests.test_b37_41_iter77.TestB39Platform" name="test_events_valid_type" time="0.103" /><testcase classname="backend.tests.test_b37_41_iter77.TestB37Release" name="test_dashboard" time="0.112" /><testcase classname="backend.tests.test_b37_41_iter77.TestB37Release" name="test_lists" time="0.338" /><testcase classname="backend.tests.test_b37_41_iter77.TestB37Release" name="test_release_create_and_transition" time="0.243" /><testcase classname="backend.tests.test_b37_41_iter77.TestB38InvestorIntel" name="test_dashboard" time="0.147" /><testcase classname="backend.tests.test_b37_41_iter77.TestB38InvestorIntel" name="test_lists" time="0.808" /><testcase classname="backend.tests.test_b37_41_iter77.TestB41SearchUser" name="test_kitchen_rooms" time="0.440" /><testcase classname="backend.tests.test_b37_41_iter77.TestB41SearchUser" name="test_electrical_projects_rank_above_guides" time="0.108" /><testcase classname="backend.tests.test_b37_41_iter77.TestB41SearchUser" name="test_shelf" time="0.103" /><testcase classname="backend.tests.test_b37_41_iter77.TestB41SearchUser" name="test_warranty" time="0.102" /><testcase classname="backend.tests.test_b37_41_iter77.TestB41SearchUser" name="test_light_fixture" time="0.116" /><testcase classname="backend.tests.test_b37_41_iter77.TestB41SearchUser" name="test_nonsense_zero" time="0.103" /><testcase classname="backend.tests.test_b37_41_iter77.TestB41SearchUser" name="test_owner_data_never_leaks" time="0.231" /><testcase classname="backend.tests.test_b37_41_iter77.TestB41SearchUser" name="test_context_room" time="0.111" /><testcase classname="backend.tests.test_b37_41_iter77.TestB41SearchUser" name="test_select_ok" time="0.233" /><testcase classname="backend.tests.test_b37_41_iter77.TestB41SearchAdmin" name="test_health" time="0.104" /><testcase classname="backend.tests.test_b37_41_iter77.TestB41SearchAdmin" name="test_reindex" time="0.109" /><testcase classname="backend.tests.test_b37_41_iter77.TestB41SearchAdmin" name="test_config_get" time="0.105" /><testcase classname="backend.tests.test_b37_41_iter77.TestB41SearchAdmin" name="test_config_put" time="0.108" /><testcase classname="backend.tests.test_b37_41_iter77.TestB41SearchAdmin" name="test_synonyms_crud" time="0.318" /><testcase classname="backend.tests.test_b37_41_iter77.TestB41SearchAdmin" name="test_logs" time="0.106" /></testsuite></testsuites>