<?xml version="1.0" encoding="utf-8"?><testsuites name="pytest tests"><testsuite name="pytest" errors="0" failures="0" skipped="0" tests="30" time="125.628" timestamp="2026-08-17T22:15:38.590477+00:00" hostname="agent-env-c0d5ec17-e2cc-4cfc-a19c-df06672ba55e"><testcase classname="backend.tests.test_execution_property_record_b3_b4.TestDoc3Start" name="test_start_requires_plan" time="0.927" /><testcase classname="backend.tests.test_execution_property_record_b3_b4.TestDoc3Start" name="test_start_returns_briefing" time="11.619" /><testcase classname="backend.tests.test_execution_property_record_b3_b4.TestDoc3Start" name="test_start_blocked_on_emergency" time="0.147" /><testcase classname="backend.tests.test_execution_property_record_b3_b4.TestDoc3Progress" name="test_progress_endpoint" time="16.139" /><testcase classname="backend.tests.test_execution_property_record_b3_b4.TestDoc3Progress" name="test_session_pause_and_resume_briefing" time="0.225" /><testcase classname="backend.tests.test_execution_property_record_b3_b4.TestDoc3Progress" name="test_professional_handoff" time="10.749" /><testcase classname="backend.tests.test_execution_property_record_b3_b4.TestDoc3PlanContract" name="test_plan_has_tools_materials_and_task_contract" time="11.733" /><testcase classname="backend.tests.test_execution_property_record_b3_b4.TestDoc3CheckpointGating" name="test_checkpoint_gate_and_satisfy" time="13.070" /><testcase classname="backend.tests.test_execution_property_record_b3_b4.TestDoc3Prerequisite" name="test_start_or_done_pending_task_conflicts" time="17.348" /><testcase classname="backend.tests.test_execution_property_record_b3_b4.TestDoc3Coach" name="test_coach_reply" time="1.228" /><testcase classname="backend.tests.test_execution_property_record_b3_b4.TestDoc3Coach" name="test_coach_emergency" time="0.075" /><testcase classname="backend.tests.test_execution_property_record_b3_b4.TestDoc3Materials" name="test_materials_update" time="0.073" /><testcase classname="backend.tests.test_execution_property_record_b3_b4.TestDoc3VerifyStart" name="test_verify_gate" time="8.236" /><testcase classname="backend.tests.test_execution_property_record_b3_b4.TestDoc4Complete" name="test_unresolved_keeps_active" time="11.690" /><testcase classname="backend.tests.test_execution_property_record_b3_b4.TestDoc4Complete" name="test_abandoned_sets_status" time="8.612" /><testcase classname="backend.tests.test_execution_property_record_b3_b4.TestDoc4Dashboard" name="test_dashboard" time="8.762" /><testcase classname="backend.tests.test_execution_property_record_b3_b4.TestDoc4Timeline" name="test_timeline" time="0.107" /><testcase classname="backend.tests.test_execution_property_record_b3_b4.TestDoc4Closeout" name="test_closeout_record" time="0.081" /><testcase classname="backend.tests.test_execution_property_record_b3_b4.TestDoc4Followups" name="test_list_create_and_convert" time="0.511" /><testcase classname="backend.tests.test_execution_property_record_b3_b4.TestDoc4Context" name="test_context_no_filters" time="0.183" /><testcase classname="backend.tests.test_execution_property_record_b3_b4.TestDoc4Context" name="test_context_by_category" time="0.075" /><testcase classname="backend.tests.test_execution_property_record_b3_b4.TestDoc4Reopen" name="test_reopen" time="0.161" /><testcase classname="backend.tests.test_execution_property_record_b3_b4.TestDoc4Sharing" name="test_share_and_public_and_expired" time="0.581" /><testcase classname="backend.tests.test_execution_property_record_b3_b4.TestDoc4Sharing" name="test_export" time="0.081" /><testcase classname="backend.tests.test_execution_property_record_b3_b4.TestDoc4RoomAssetHistory" name="test_room_and_asset_history" time="0.147" /><testcase classname="backend.tests.test_execution_property_record_b3_b4.TestDoc4RoomAssetHistory" name="test_links_update" time="0.209" /><testcase classname="backend.tests.test_execution_property_record_b3_b4.TestCrossUserIsolation" name="test_other_user_blocked" time="1.069" /><testcase classname="backend.tests.test_execution_property_record_b3_b4.TestAdminSignals" name="test_normal_user_forbidden" time="0.078" /><testcase classname="backend.tests.test_execution_property_record_b3_b4.TestAdminSignals" name="test_admin_signals" time="0.878" /><testcase classname="backend.tests.test_execution_property_record_b3_b4.TestAdminSignals" name="test_repair_dashboard_and_quality_still_work" time="0.716" /></testsuite></testsuites>