<?xml version="1.0" encoding="utf-8"?><testsuites name="pytest tests"><testsuite name="pytest" errors="0" failures="0" skipped="0" tests="22" time="6.813" timestamp="2026-08-13T23:54:17.003234+00:00" hostname="agent-env-c0d5ec17-e2cc-4cfc-a19c-df06672ba55e"><testcase classname="backend.tests.test_support_import_b42_b43.TestB42Assist" name="test_categories" time="0.874" /><testcase classname="backend.tests.test_support_import_b42_b43.TestB42Assist" name="test_kb_published" time="0.175" /><testcase classname="backend.tests.test_support_import_b42_b43.TestB42Assist" name="test_assist_forgot_password" time="0.186" /><testcase classname="backend.tests.test_support_import_b42_b43.TestB42Assist" name="test_assist_hacked_critical" time="0.219" /><testcase classname="backend.tests.test_support_import_b42_b43.TestB42Tickets" name="test_create_ticket_priority_escalation" time="0.199" /><testcase classname="backend.tests.test_support_import_b42_b43.TestB42Tickets" name="test_list_tickets" time="0.125" /><testcase classname="backend.tests.test_support_import_b42_b43.TestB42Tickets" name="test_get_ticket_with_messages" time="0.247" /><testcase classname="backend.tests.test_support_import_b42_b43.TestB42Tickets" name="test_add_message" time="0.200" /><testcase classname="backend.tests.test_support_import_b42_b43.TestB42Tickets" name="test_feedback" time="0.199" /><testcase classname="backend.tests.test_support_import_b42_b43.TestB42Tickets" name="test_cross_user_isolation" time="1.034" /><testcase classname="backend.tests.test_support_import_b42_b43.TestB42Admin" name="test_dashboard" time="0.128" /><testcase classname="backend.tests.test_support_import_b42_b43.TestB42Admin" name="test_admin_tickets_sorted" time="0.225" /><testcase classname="backend.tests.test_support_import_b42_b43.TestB42Admin" name="test_admin_reply_and_resolve" time="0.748" /><testcase classname="backend.tests.test_support_import_b42_b43.TestB42Admin" name="test_kb_create_and_publish" time="0.296" /><testcase classname="backend.tests.test_support_import_b42_b43.TestB43Import" name="test_config" time="0.122" /><testcase classname="backend.tests.test_support_import_b42_b43.TestB43Import" name="test_create_job_new_information" time="0.168" /><testcase classname="backend.tests.test_support_import_b42_b43.TestB43Import" name="test_accept_issue" time="0.162" /><testcase classname="backend.tests.test_support_import_b42_b43.TestB43Import" name="test_facts_show_user_confirmed" time="0.114" /><testcase classname="backend.tests.test_support_import_b42_b43.TestB43Import" name="test_conflict_protected_on_reimport" time="0.469" /><testcase classname="backend.tests.test_support_import_b42_b43.TestB43Import" name="test_list_and_get_jobs" time="0.289" /><testcase classname="backend.tests.test_support_import_b42_b43.TestB43Admin" name="test_dashboard" time="0.120" /><testcase classname="backend.tests.test_support_import_b42_b43.TestB43Admin" name="test_sources_crud" time="0.413" /></testsuite></testsuites>