<?xml version="1.0" encoding="utf-8"?><testsuites name="pytest tests"><testsuite name="pytest" errors="0" failures="0" skipped="0" tests="34" time="21.080" timestamp="2026-08-17T22:31:23.836733+00:00" hostname="agent-env-c0d5ec17-e2cc-4cfc-a19c-df06672ba55e"><testcase classname="backend.tests.test_visual_care_b5_b6.TestVisualTemplates" name="test_templates_shape" time="0.760" /><testcase classname="backend.tests.test_visual_care_b5_b6.TestCaptureRequest" name="test_capture_request_close_up" time="0.463" /><testcase classname="backend.tests.test_visual_care_b5_b6.TestCaptureRequest" name="test_capture_request_unknown_template" time="0.128" /><testcase classname="backend.tests.test_visual_care_b5_b6.TestMeasurements" name="test_measurement_conversion_12in" time="0.218" /><testcase classname="backend.tests.test_visual_care_b5_b6.TestMeasurements" name="test_measurement_list_and_delete" time="1.056" /><testcase classname="backend.tests.test_visual_care_b5_b6.TestMeasurements" name="test_measurement_bad_type_400" time="0.130" /><testcase classname="backend.tests.test_visual_care_b5_b6.TestMeasurements" name="test_measurement_bad_source_400" time="0.155" /><testcase classname="backend.tests.test_visual_care_b5_b6.TestAnnotations" name="test_annotations_flow" time="0.822" /><testcase classname="backend.tests.test_visual_care_b5_b6.TestAnnotations" name="test_annotations_bad_evidence_404" time="0.167" /><testcase classname="backend.tests.test_visual_care_b5_b6.TestVisualInference" name="test_high_risk_gas_forces_professional" time="1.777" /><testcase classname="backend.tests.test_visual_care_b5_b6.TestVisualInference" name="test_high_risk_structural" time="0.550" /><testcase classname="backend.tests.test_visual_care_b5_b6.TestVisualInference" name="test_tiny_base64_quality_warning" time="0.381" /><testcase classname="backend.tests.test_visual_care_b5_b6.TestVisualInference" name="test_correct_inference_sets_confirmed" time="0.535" /><testcase classname="backend.tests.test_visual_care_b5_b6.TestVisualInference" name="test_missing_base64_400" time="0.152" /><testcase classname="backend.tests.test_visual_care_b5_b6.TestARSession" name="test_ar_fallback_when_not_device_capable" time="0.563" /><testcase classname="backend.tests.test_visual_care_b5_b6.TestARSession" name="test_ar_native_when_capable" time="0.154" /><testcase classname="backend.tests.test_visual_care_b5_b6.TestARSession" name="test_ar_invalid_use_case" time="0.154" /><testcase classname="backend.tests.test_visual_care_b5_b6.TestCareDashboard" name="test_dashboard_shape" time="0.125" /><testcase classname="backend.tests.test_visual_care_b5_b6.TestCareDashboard" name="test_recommendations_ranked" time="0.125" /><testcase classname="backend.tests.test_visual_care_b5_b6.TestCareActions" name="test_explain_action" time="0.320" /><testcase classname="backend.tests.test_visual_care_b5_b6.TestCareActions" name="test_defer_moves_to_deferred" time="0.517" /><testcase classname="backend.tests.test_visual_care_b5_b6.TestCareActions" name="test_dismiss_removes_rec" time="0.436" /><testcase classname="backend.tests.test_visual_care_b5_b6.TestCareActions" name="test_start_creates_task_and_idempotent" time="4.314" /><testcase classname="backend.tests.test_visual_care_b5_b6.TestCareTaskExecution" name="test_get_task" time="2.267" /><testcase classname="backend.tests.test_visual_care_b5_b6.TestCareTaskExecution" name="test_complete_normal" time="0.160" /><testcase classname="backend.tests.test_visual_care_b5_b6.TestCareTaskExecution" name="test_abnormal_converts_to_repair_issue" time="0.540" /><testcase classname="backend.tests.test_visual_care_b5_b6.TestCareAssetsCalendarPrefs" name="test_asset_profiles" time="0.143" /><testcase classname="backend.tests.test_visual_care_b5_b6.TestCareAssetsCalendarPrefs" name="test_calendar" time="0.169" /><testcase classname="backend.tests.test_visual_care_b5_b6.TestCareAssetsCalendarPrefs" name="test_preferences_persist" time="0.720" /><testcase classname="backend.tests.test_visual_care_b5_b6.TestCrossUserIsolation" name="test_isolation_endpoints" time="1.925" /><testcase classname="backend.tests.test_visual_care_b5_b6.TestAdminAuth" name="test_visual_quality_requires_admin" time="0.267" /><testcase classname="backend.tests.test_visual_care_b5_b6.TestAdminAuth" name="test_visual_quality_admin_ok" time="0.476" /><testcase classname="backend.tests.test_visual_care_b5_b6.TestAdminAuth" name="test_care_signals_requires_admin" time="0.152" /><testcase classname="backend.tests.test_visual_care_b5_b6.TestAdminAuth" name="test_care_signals_admin_ok" time="0.132" /></testsuite></testsuites>