<?xml version="1.0" encoding="utf-8"?><testsuites name="pytest tests"><testsuite name="pytest" errors="0" failures="0" skipped="0" tests="18" time="4.059" timestamp="2026-07-05T03:17:21.732166+00:00" hostname="agent-env-c0d5ec17-e2cc-4cfc-a19c-df06672ba55e"><testcase classname="backend.tests.test_beta_features_sheet39.TestUserFeatures" name="test_list_features_returns_seeded" time="0.633" /><testcase classname="backend.tests.test_beta_features_sheet39.TestUserFeatures" name="test_optin_flow_flips_enabled_for_me" time="0.405" /><testcase classname="backend.tests.test_beta_features_sheet39.TestUserFeatures" name="test_optin_unknown_key_returns_404" time="0.128" /><testcase classname="backend.tests.test_beta_features_sheet39.TestBetaFeedback" name="test_bug_tag_for_crash_words" time="0.095" /><testcase classname="backend.tests.test_beta_features_sheet39.TestBetaFeedback" name="test_friction_tag_for_low_rating" time="0.148" /><testcase classname="backend.tests.test_beta_features_sheet39.TestBetaFeedback" name="test_suggestion_tag_default" time="0.171" /><testcase classname="backend.tests.test_beta_features_sheet39.TestAdminFeatures" name="test_admin_list_has_counts" time="0.415" /><testcase classname="backend.tests.test_beta_features_sheet39.TestAdminFeatures" name="test_admin_create_flag" time="0.291" /><testcase classname="backend.tests.test_beta_features_sheet39.TestAdminFeatures" name="test_admin_create_duplicate_returns_409" time="0.127" /><testcase classname="backend.tests.test_beta_features_sheet39.TestAdminFeatures" name="test_admin_create_invalid_rollout_returns_400" time="0.106" /><testcase classname="backend.tests.test_beta_features_sheet39.TestAdminFeatures" name="test_admin_patch_flag" time="0.191" /><testcase classname="backend.tests.test_beta_features_sheet39.TestAdminFeatures" name="test_admin_patch_unknown_returns_404" time="0.154" /><testcase classname="backend.tests.test_beta_features_sheet39.TestAdminFeatures" name="test_admin_patch_invalid_rollout_returns_400" time="0.095" /><testcase classname="backend.tests.test_beta_features_sheet39.TestAdminFeatures" name="test_optin_on_non_optin_flag_returns_400" time="0.094" /><testcase classname="backend.tests.test_beta_features_sheet39.TestAdminFeatures" name="test_admin_analytics_shape" time="0.097" /><testcase classname="backend.tests.test_beta_features_sheet39.TestAdminFeatures" name="test_admin_analytics_unknown_returns_404" time="0.095" /><testcase classname="backend.tests.test_beta_features_sheet39.TestAdminFeatures" name="test_admin_delete_flag_and_pulls_optins" time="0.625" /><testcase classname="backend.tests.test_beta_features_sheet39.TestAdminGate" name="test_non_admin_cannot_list" time="0.104" /></testsuite></testsuites>