<?xml version="1.0" encoding="utf-8"?><testsuites name="pytest tests"><testsuite name="pytest" errors="0" failures="0" skipped="0" tests="6" time="42.619" timestamp="2026-06-22T18:13:23.801114+00:00" hostname="agent-env-c0d5ec17-e2cc-4cfc-a19c-df06672ba55e"><testcase classname="backend.tests.test_blog_seo.TestBlogPublicAccess" name="test_blog_feed_no_auth" time="0.178" /><testcase classname="backend.tests.test_blog_seo.TestBlogPublicAccess" name="test_blog_filters_accept_category_and_q" time="0.120" /><testcase classname="backend.tests.test_blog_seo.TestBlogAutoGen" name="test_blog_post_created_for_guide" time="24.339" /><testcase classname="backend.tests.test_blog_seo.TestBlogAutoGen" name="test_blog_post_detail_has_full_fields" time="0.238" /><testcase classname="backend.tests.test_blog_seo.TestBlogAutoGen" name="test_blog_html_seo" time="0.209" /><testcase classname="backend.tests.test_blog_seo.TestGuideBuildRegression" name="test_second_user_first_guide_returns_200" time="17.463" /></testsuite></testsuites>