<?xml version="1.0" encoding="utf-8"?><testsuites name="pytest tests"><testsuite name="pytest" errors="0" failures="0" skipped="0" tests="12" time="1.999" timestamp="2026-07-05T16:57:43.570456+00:00" hostname="agent-env-c0d5ec17-e2cc-4cfc-a19c-df06672ba55e"><testcase classname="backend.tests.test_campaigns_sheet63.TestUserCampaigns" name="test_list_campaigns" time="0.583" /><testcase classname="backend.tests.test_campaigns_sheet63.TestUserCampaigns" name="test_join_idempotent" time="0.154" /><testcase classname="backend.tests.test_campaigns_sheet63.TestUserCampaigns" name="test_detail_milestones_and_auto_ready" time="0.048" /><testcase classname="backend.tests.test_campaigns_sheet63.TestUserCampaigns" name="test_complete_task_milestone" time="0.049" /><testcase classname="backend.tests.test_campaigns_sheet63.TestUserCampaigns" name="test_complete_lesson_milestone_auto_ready" time="0.050" /><testcase classname="backend.tests.test_campaigns_sheet63.TestUserCampaigns" name="test_complete_all_gives_reward" time="0.050" /><testcase classname="backend.tests.test_campaigns_sheet63.TestUserCampaigns" name="test_story_optin_true_then_false" time="0.189" /><testcase classname="backend.tests.test_campaigns_sheet63.TestUserCampaigns" name="test_me_returns_participations_and_badges" time="0.047" /><testcase classname="backend.tests.test_campaigns_sheet63.TestAuthorization" name="test_non_admin_forbidden_on_admin_routes" time="0.048" /><testcase classname="backend.tests.test_campaigns_sheet63.TestAdminCampaigns" name="test_list_admin_campaigns" time="0.409" /><testcase classname="backend.tests.test_campaigns_sheet63.TestAdminCampaigns" name="test_analytics" time="0.120" /><testcase classname="backend.tests.test_campaigns_sheet63.TestAdminCampaigns" name="test_toggle_active_to_ended_and_back" time="0.164" /></testsuite></testsuites>