<?xml version="1.0" encoding="utf-8"?><testsuites name="pytest tests"><testsuite name="pytest" errors="0" failures="0" skipped="0" tests="14" time="9.239" timestamp="2026-07-05T16:24:38.637727+00:00" hostname="agent-env-c0d5ec17-e2cc-4cfc-a19c-df06672ba55e"><testcase classname="backend.tests.test_certifications_sheet60.TestUserCertifications" name="test_certifications_shape" time="0.661" /><testcase classname="backend.tests.test_certifications_sheet60.TestUserCertifications" name="test_eligible_shape" time="0.108" /><testcase classname="backend.tests.test_certifications_sheet60.TestUserCertifications" name="test_generate_and_idempotent" time="0.331" /><testcase classname="backend.tests.test_certifications_sheet60.TestUserCertifications" name="test_generate_404_for_non_completed" time="0.150" /><testcase classname="backend.tests.test_certifications_sheet60.TestUserCertifications" name="test_share_returns_token_and_url_and_reuses" time="0.392" /><testcase classname="backend.tests.test_certifications_sheet60.TestPublicVerify" name="test_verify_json" time="0.250" /><testcase classname="backend.tests.test_certifications_sheet60.TestPublicVerify" name="test_verify_html" time="0.200" /><testcase classname="backend.tests.test_certifications_sheet60.TestPublicVerify" name="test_verify_not_found" time="0.212" /><testcase classname="backend.tests.test_certifications_sheet60.TestAutoIssuance" name="test_auto_issue_on_project_complete" time="5.395" /><testcase classname="backend.tests.test_certifications_sheet60.TestAdminCertifications" name="test_admin_list" time="0.424" /><testcase classname="backend.tests.test_certifications_sheet60.TestAdminCertifications" name="test_admin_list_filters" time="0.102" /><testcase classname="backend.tests.test_certifications_sheet60.TestAdminCertifications" name="test_admin_analytics" time="0.092" /><testcase classname="backend.tests.test_certifications_sheet60.TestAdminCertifications" name="test_admin_validate_revoke_reinstate_flow" time="0.632" /><testcase classname="backend.tests.test_certifications_sheet60.TestAdminCertifications" name="test_non_admin_forbidden" time="0.197" /></testsuite></testsuites>