<?xml version="1.0" encoding="utf-8"?><testsuites name="pytest tests"><testsuite name="pytest" errors="0" failures="0" skipped="0" tests="20" time="4.523" timestamp="2026-08-08T18:10:53.503084+00:00" hostname="agent-env-c0d5ec17-e2cc-4cfc-a19c-df06672ba55e"><testcase classname="backend.tests.test_collaboration_b22.TestOwnerInviteFlow" name="test_owned_lists_properties" time="0.703" /><testcase classname="backend.tests.test_collaboration_b22.TestOwnerInviteFlow" name="test_create_invite_returns_plaintext_token_once" time="0.218" /><testcase classname="backend.tests.test_collaboration_b22.TestOwnerInviteFlow" name="test_list_invites_hides_hash" time="0.111" /><testcase classname="backend.tests.test_collaboration_b22.TestServerSideAuthorization" name="test_invitee_accept_flow" time="0.519" /><testcase classname="backend.tests.test_collaboration_b22.TestServerSideAuthorization" name="test_shared_with_me_shows_property" time="0.112" /><testcase classname="backend.tests.test_collaboration_b22.TestServerSideAuthorization" name="test_my_permissions_returns_editor" time="0.114" /><testcase classname="backend.tests.test_collaboration_b22.TestServerSideAuthorization" name="test_invitee_cannot_list_invites" time="0.100" /><testcase classname="backend.tests.test_collaboration_b22.TestServerSideAuthorization" name="test_invitee_cannot_read_audit" time="0.113" /><testcase classname="backend.tests.test_collaboration_b22.TestServerSideAuthorization" name="test_invitee_cannot_invite" time="0.105" /><testcase classname="backend.tests.test_collaboration_b22.TestServerSideAuthorization" name="test_stranger_no_permissions" time="0.744" /><testcase classname="backend.tests.test_collaboration_b22.TestTokenSecurity" name="test_garbage_token_rejected" time="0.099" /><testcase classname="backend.tests.test_collaboration_b22.TestTokenSecurity" name="test_stranger_cannot_change_role" time="0.224" /><testcase classname="backend.tests.test_collaboration_b22.TestTokenSecurity" name="test_owner_can_change_role" time="0.302" /><testcase classname="backend.tests.test_collaboration_b22.TestAssignments" name="test_owner_assigns_task" time="0.128" /><testcase classname="backend.tests.test_collaboration_b22.TestAssignments" name="test_invitee_sees_assignment" time="0.112" /><testcase classname="backend.tests.test_collaboration_b22.TestAssignments" name="test_invitee_can_accept_assignment" time="0.102" /><testcase classname="backend.tests.test_collaboration_b22.TestRemovalRevokesAccess" name="test_owner_removes_member" time="0.114" /><testcase classname="backend.tests.test_collaboration_b22.TestRemovalRevokesAccess" name="test_shared_with_me_no_longer_lists" time="0.098" /><testcase classname="backend.tests.test_collaboration_b22.TestRemovalRevokesAccess" name="test_removed_member_permissions_403" time="0.099" /><testcase classname="backend.tests.test_collaboration_b22.TestInviteRevoke" name="test_owner_creates_and_revokes_invite" time="0.310" /></testsuite></testsuites>