<?xml version="1.0" encoding="utf-8"?><testsuites name="pytest tests"><testsuite name="pytest" errors="0" failures="0" skipped="0" tests="14" time="2.828" timestamp="2026-06-22T22:33:12.630277+00:00" hostname="agent-env-c0d5ec17-e2cc-4cfc-a19c-df06672ba55e"><testcase classname="backend.tests.test_community_referrals.TestCommunityPublicGets" name="test_projects_list_seeded_and_sorted" time="0.186" /><testcase classname="backend.tests.test_community_referrals.TestCommunityPublicGets" name="test_feed_returns_with_project_titles" time="0.048" /><testcase classname="backend.tests.test_community_referrals.TestCommunityPublicGets" name="test_project_detail_toilet_replacement" time="0.047" /><testcase classname="backend.tests.test_community_referrals.TestCommunityPublicGets" name="test_project_detail_unknown_slug_404" time="0.044" /><testcase classname="backend.tests.test_community_referrals.TestCommunityWrites" name="test_create_experience_increments_count_and_returns_badge" time="0.581" /><testcase classname="backend.tests.test_community_referrals.TestCommunityWrites" name="test_cheer_increments" time="0.091" /><testcase classname="backend.tests.test_community_referrals.TestCommunityWrites" name="test_cheer_unknown_404" time="0.046" /><testcase classname="backend.tests.test_community_referrals.TestCommunityWrites" name="test_create_thread_and_reply" time="0.516" /><testcase classname="backend.tests.test_community_referrals.TestCommunityWrites" name="test_post_requires_auth" time="0.045" /><testcase classname="backend.tests.test_community_referrals.TestCommunityWrites" name="test_post_to_unknown_slug_404" time="0.046" /><testcase classname="backend.tests.test_community_referrals.TestReferrals" name="test_referrals_me_shape" time="0.049" /><testcase classname="backend.tests.test_community_referrals.TestReferrals" name="test_register_with_ref_creates_referral_record" time="0.726" /><testcase classname="backend.tests.test_community_referrals.TestReferrals" name="test_register_with_bad_ref_still_succeeds" time="0.273" /><testcase classname="backend.tests.test_community_referrals.TestReferrals" name="test_referrals_me_requires_auth" time="0.042" /></testsuite></testsuites>