<?xml version="1.0" encoding="utf-8"?><testsuites name="pytest tests"><testsuite name="pytest" errors="0" failures="0" skipped="0" tests="7" time="43.417" timestamp="2026-06-22T17:01:06.773046+00:00" hostname="agent-env-c0d5ec17-e2cc-4cfc-a19c-df06672ba55e"><testcase classname="backend.tests.test_core_magic" name="test_intake_returns_questions" time="7.231" /><testcase classname="backend.tests.test_core_magic" name="test_intake_is_free" time="4.065" /><testcase classname="backend.tests.test_core_magic" name="test_guide_with_context_persists_and_is_specific" time="11.950" /><testcase classname="backend.tests.test_core_magic" name="test_adapt_modifies_steps_and_costs_one_credit" time="2.170" /><testcase classname="backend.tests.test_core_magic" name="test_adapt_requires_existing_steps" time="0.098" /><testcase classname="backend.tests.test_core_magic" name="test_ask_does_not_modify_steps" time="1.417" /><testcase classname="backend.tests.test_core_magic" name="test_guide_skip_path_no_context" time="16.404" /></testsuite></testsuites>