<?xml version="1.0" encoding="utf-8"?><testsuites name="pytest tests"><testsuite name="pytest" errors="0" failures="0" skipped="0" tests="12" time="18.717" timestamp="2026-08-18T00:15:56.727569+00:00" hostname="agent-env-c0d5ec17-e2cc-4cfc-a19c-df06672ba55e"><testcase classname="backend.tests.test_design_studio_b28.TestCreateValidation" name="test_invalid_design_type" time="0.790" /><testcase classname="backend.tests.test_design_studio_b28.TestCreateValidation" name="test_missing_title" time="0.239" /><testcase classname="backend.tests.test_design_studio_b28.TestCreateValidation" name="test_missing_objective" time="0.145" /><testcase classname="backend.tests.test_design_studio_b28.TestListAndGet" name="test_list_projects" time="0.244" /><testcase classname="backend.tests.test_design_studio_b28.TestListAndGet" name="test_get_existing_project" time="0.658" /><testcase classname="backend.tests.test_design_studio_b28.TestListAndGet" name="test_get_not_found" time="0.204" /><testcase classname="backend.tests.test_design_studio_b28.TestCrossUser" name="test_cross_user_returns_404" time="0.537" /><testcase classname="backend.tests.test_design_studio_b28.TestInspiration" name="test_add_inspiration_returns_style_summary" time="2.304" /><testcase classname="backend.tests.test_design_studio_b28.TestInspiration" name="test_add_inspiration_empty_400" time="0.154" /><testcase classname="backend.tests.test_design_studio_b28.TestRefineFlow" name="test_refine_creates_new_version" time="10.190" /><testcase classname="backend.tests.test_design_studio_b28.TestBuildability" name="test_buildability_returns_verdict" time="2.520" /><testcase classname="backend.tests.test_design_studio_b28.TestApproveAndConvert" name="test_approve_then_convert_idempotent" time="0.645" /></testsuite></testsuites>