<?xml version="1.0" encoding="utf-8"?><testsuites name="pytest tests"><testsuite name="pytest" errors="0" failures="0" skipped="0" tests="16" time="4.226" timestamp="2026-08-08T17:18:06.653829+00:00" hostname="agent-env-c0d5ec17-e2cc-4cfc-a19c-df06672ba55e"><testcase classname="backend.tests.test_digital_twin_b19" name="test_twin_overview_requires_auth" time="0.259" /><testcase classname="backend.tests.test_digital_twin_b19" name="test_twin_admin_requires_admin" time="0.496" /><testcase classname="backend.tests.test_digital_twin_b19" name="test_overview_returns_twin" time="0.137" /><testcase classname="backend.tests.test_digital_twin_b19" name="test_start_capture_session" time="0.275" /><testcase classname="backend.tests.test_digital_twin_b19" name="test_add_room_created" time="0.000" /><testcase classname="backend.tests.test_digital_twin_b19" name="test_manual_measurement_creates_user_confirmed" time="0.166" /><testcase classname="backend.tests.test_digital_twin_b19" name="test_lower_reliability_raises_conflict_preserves_manual" time="0.108" /><testcase classname="backend.tests.test_digital_twin_b19" name="test_conflict_listed" time="0.150" /><testcase classname="backend.tests.test_digital_twin_b19" name="test_resolve_use_new" time="0.104" /><testcase classname="backend.tests.test_digital_twin_b19" name="test_room_context_returns_updated_element" time="0.112" /><testcase classname="backend.tests.test_digital_twin_b19" name="test_additional_resolve_flows" time="1.387" /><testcase classname="backend.tests.test_digital_twin_b19" name="test_complete_session_reflects_status" time="0.105" /><testcase classname="backend.tests.test_digital_twin_b19" name="test_admin_settings_get" time="0.427" /><testcase classname="backend.tests.test_digital_twin_b19" name="test_admin_settings_put_toggle_and_threshold" time="0.204" /><testcase classname="backend.tests.test_digital_twin_b19" name="test_admin_metrics" time="0.104" /><testcase classname="backend.tests.test_digital_twin_b19" name="test_admin_queue" time="0.103" /></testsuite></testsuites>