<?xml version="1.0" encoding="utf-8"?><testsuites name="pytest tests"><testsuite name="pytest" errors="0" failures="0" skipped="0" tests="17" time="4.540" timestamp="2026-08-19T21:59:06.162528+00:00" hostname="agent-env-c0d5ec17-e2cc-4cfc-a19c-df06672ba55e"><testcase classname="backend.tests.test_doc56_safety_escalation_iter98.TestCheckpointDefinitions" name="test_electrical_checkpoint_has_4_items" time="0.666" /><testcase classname="backend.tests.test_doc56_safety_escalation_iter98.TestCheckpointDefinitions" name="test_unknown_checkpoint_type_404" time="0.209" /><testcase classname="backend.tests.test_doc56_safety_escalation_iter98.TestAssessments" name="test_green_informational" time="0.300" /><testcase classname="backend.tests.test_doc56_safety_escalation_iter98.TestAssessments" name="test_drilling_checkpoint_detected" time="0.154" /><testcase classname="backend.tests.test_doc56_safety_escalation_iter98.TestAssessments" name="test_gas_red_hard_stop" time="0.143" /><testcase classname="backend.tests.test_doc56_safety_escalation_iter98.TestAssessments" name="test_missing_project_404" time="0.124" /><testcase classname="backend.tests.test_doc56_safety_escalation_iter98.TestAcknowledge" name="test_hard_stop_ack_returns_409" time="0.247" /><testcase classname="backend.tests.test_doc56_safety_escalation_iter98.TestAcknowledge" name="test_caution_ack_confirmed_unlocks" time="0.251" /><testcase classname="backend.tests.test_doc56_safety_escalation_iter98.TestAcknowledge" name="test_caution_ack_not_confirmed_returns_ok_false" time="0.303" /><testcase classname="backend.tests.test_doc56_safety_escalation_iter98.TestOverride" name="test_red_override_409" time="0.412" /><testcase classname="backend.tests.test_doc56_safety_escalation_iter98.TestOverride" name="test_override_empty_reason_400" time="0.292" /><testcase classname="backend.tests.test_doc56_safety_escalation_iter98.TestOverride" name="test_override_with_reason_recorded" time="0.278" /><testcase classname="backend.tests.test_doc56_safety_escalation_iter98.TestCheckpointSubmit" name="test_partial_checked_items_not_unlocked" time="0.350" /><testcase classname="backend.tests.test_doc56_safety_escalation_iter98.TestCheckpointSubmit" name="test_all_items_unlocked_true" time="0.297" /><testcase classname="backend.tests.test_doc56_safety_escalation_iter98.TestHistory" name="test_history_aggregates_and_sorted" time="0.123" /><testcase classname="backend.tests.test_doc56_safety_escalation_iter98.TestUrgent" name="test_urgent_gas" time="0.163" /><testcase classname="backend.tests.test_doc56_safety_escalation_iter98.TestUrgent" name="test_urgent_benign" time="0.137" /></testsuite></testsuites>