<?xml version="1.0" encoding="utf-8"?><testsuites name="pytest tests"><testsuite name="pytest" errors="0" failures="1" skipped="0" tests="18" time="17.566" timestamp="2026-08-17T23:36:46.837210+00:00" hostname="agent-env-c0d5ec17-e2cc-4cfc-a19c-df06672ba55e"><testcase classname="backend.tests.test_diyhomie_docs_20_13.TestToolIntelligence" name="test_tool_pack_status_and_shape" time="0.689" /><testcase classname="backend.tests.test_diyhomie_docs_20_13.TestToolIntelligence" name="test_pack_check_persists_and_changes_status" time="0.877" /><testcase classname="backend.tests.test_diyhomie_docs_20_13.TestToolIntelligence" name="test_tool_ask_logs_decision" time="3.274" /><testcase classname="backend.tests.test_diyhomie_docs_20_13.TestToolIntelligence" name="test_procure_advice" time="3.295" /><testcase classname="backend.tests.test_diyhomie_docs_20_13.TestToolIntelligence" name="test_capabilities_generate_on_tool" time="0.282"><failure message="assert 404 == 200&#10; +  where 404 = &lt;Response [404]&gt;.status_code">backend/tests/test_diyhomie_docs_20_13.py:117: in test_capabilities_generate_on_tool
    assert inv.status_code == 200
E   assert 404 == 200
E    +  where 404 = &lt;Response [404]&gt;.status_code</failure></testcase><testcase classname="backend.tests.test_diyhomie_docs_20_13.TestToolIntelligence" name="test_admin_signals_gated" time="0.777" /><testcase classname="backend.tests.test_diyhomie_docs_20_13.TestToolIntelligence" name="test_pack_cross_user_404" time="0.150" /><testcase classname="backend.tests.test_diyhomie_docs_20_13.TestMarketplace" name="test_entry_project_gated_no_bom" time="1.307" /><testcase classname="backend.tests.test_diyhomie_docs_20_13.TestMarketplace" name="test_entry_with_bom" time="0.140" /><testcase classname="backend.tests.test_diyhomie_docs_20_13.TestMarketplace" name="test_options_and_cache" time="3.474" /><testcase classname="backend.tests.test_diyhomie_docs_20_13.TestMarketplace" name="test_select_rent_syncs_bom" time="0.396" /><testcase classname="backend.tests.test_diyhomie_docs_20_13.TestMarketplace" name="test_cart_obtained_flips_bom_have_it" time="0.450" /><testcase classname="backend.tests.test_diyhomie_docs_20_13.TestMarketplace" name="test_cart_export" time="0.112" /><testcase classname="backend.tests.test_diyhomie_docs_20_13.TestMarketplace" name="test_outbound_with_consent_flip" time="0.871" /><testcase classname="backend.tests.test_diyhomie_docs_20_13.TestMarketplace" name="test_budget_pref_validation" time="0.124" /><testcase classname="backend.tests.test_diyhomie_docs_20_13.TestMarketplace" name="test_admin_flag_pause_causes_423_then_resume" time="0.704" /><testcase classname="backend.tests.test_diyhomie_docs_20_13.TestMarketplace" name="test_admin_signals" time="0.392" /><testcase classname="backend.tests.test_diyhomie_docs_20_13.TestMarketplace" name="test_cart_cross_user_404" time="0.131" /></testsuite></testsuites>