<?xml version="1.0" encoding="utf-8"?><testsuites name="pytest tests"><testsuite name="pytest" errors="0" failures="0" skipped="0" tests="11" time="15.758" timestamp="2026-08-22T13:13:44.175228+00:00" hostname="agent-env-c0d5ec17-e2cc-4cfc-a19c-df06672ba55e"><testcase classname="backend.tests.test_docs_61_63_iter100.TestDoc61Briefing" name="test_briefing_shape" time="0.503" /><testcase classname="backend.tests.test_docs_61_63_iter100.TestDoc61Snooze" name="test_snooze_bad_option_400" time="0.686" /><testcase classname="backend.tests.test_docs_61_63_iter100.TestDoc61Snooze" name="test_snooze_tomorrow_hides_item" time="0.784" /><testcase classname="backend.tests.test_docs_61_63_iter100.TestDoc61Snooze" name="test_snooze_safety_rejected_409" time="0.684" /><testcase classname="backend.tests.test_docs_61_63_iter100.TestDoc63Prefs" name="test_get_defaults" time="0.108" /><testcase classname="backend.tests.test_docs_61_63_iter100.TestDoc63Prefs" name="test_put_prefs_persists" time="0.349" /><testcase classname="backend.tests.test_docs_61_63_iter100.TestDoc63AdminPackages" name="test_admin_lists_seeded_package" time="0.447" /><testcase classname="backend.tests.test_docs_61_63_iter100.TestDoc63CompletionFlow" name="test_409_when_not_completed" time="2.951" /><testcase classname="backend.tests.test_docs_61_63_iter100.TestDoc63CompletionFlow" name="test_full_flow_first_completion" time="3.159" /><testcase classname="backend.tests.test_docs_61_63_iter100.TestDoc63CompletionFlow" name="test_reduced_motion_shapes_package" time="2.792" /><testcase classname="backend.tests.test_docs_61_63_iter100.TestDoc63CompletionFlow" name="test_celebrations_disabled_returns_null" time="3.197" /></testsuite></testsuites>