<?xml version="1.0" encoding="utf-8"?><testsuites name="pytest tests"><testsuite name="pytest" errors="0" failures="0" skipped="0" tests="24" time="17.063" timestamp="2026-08-17T23:08:44.291803+00:00" hostname="agent-env-c0d5ec17-e2cc-4cfc-a19c-df06672ba55e"><testcase classname="tests.test_diyhomie_docs_7_8_9_11_12.TestReadiness" name="test_get_readiness_issue" time="0.618" /><testcase classname="tests.test_diyhomie_docs_7_8_9_11_12.TestReadiness" name="test_generate_bom_if_needed" time="0.143" /><testcase classname="tests.test_diyhomie_docs_7_8_9_11_12.TestReadiness" name="test_item_status_cycle" time="0.575" /><testcase classname="tests.test_diyhomie_docs_7_8_9_11_12.TestReadiness" name="test_compat_ask" time="2.876" /><testcase classname="tests.test_diyhomie_docs_7_8_9_11_12.TestReadiness" name="test_admin_signals_gated" time="0.695" /><testcase classname="tests.test_diyhomie_docs_7_8_9_11_12.TestHandoffPro" name="test_escalation" time="0.140" /><testcase classname="tests.test_diyhomie_docs_7_8_9_11_12.TestHandoffPro" name="test_create_brief_and_share" time="2.396" /><testcase classname="tests.test_diyhomie_docs_7_8_9_11_12.TestHandoffPro" name="test_revoke_share" time="0.261" /><testcase classname="tests.test_diyhomie_docs_7_8_9_11_12.TestHandoffPro" name="test_findings_creates_followup" time="0.125" /><testcase classname="tests.test_diyhomie_docs_7_8_9_11_12.TestHandoffPro" name="test_scope_compare" time="1.983" /><testcase classname="tests.test_diyhomie_docs_7_8_9_11_12.TestHandoffPro" name="test_continue_monitoring" time="0.126" /><testcase classname="tests.test_diyhomie_docs_7_8_9_11_12.TestHandoffPro" name="test_cross_user_404" time="0.517" /><testcase classname="tests.test_diyhomie_docs_7_8_9_11_12.TestVoice" name="test_tts_returns_url_and_serves_audio" time="0.240" /><testcase classname="tests.test_diyhomie_docs_7_8_9_11_12.TestVoice" name="test_simplify" time="1.930" /><testcase classname="tests.test_diyhomie_docs_7_8_9_11_12.TestVoice" name="test_ask_still_works" time="1.912" /><testcase classname="tests.test_diyhomie_docs_7_8_9_11_12.TestBrain" name="test_summary" time="0.122" /><testcase classname="tests.test_diyhomie_docs_7_8_9_11_12.TestBrain" name="test_profile_renter_toggle_and_report" time="0.392" /><testcase classname="tests.test_diyhomie_docs_7_8_9_11_12.TestBrain" name="test_profile_property_type_region" time="0.132" /><testcase classname="tests.test_diyhomie_docs_7_8_9_11_12.TestBrain" name="test_facts_add_and_action" time="0.813" /><testcase classname="tests.test_diyhomie_docs_7_8_9_11_12.TestBrain" name="test_context_request_flow" time="0.119" /><testcase classname="tests.test_diyhomie_docs_7_8_9_11_12.TestCommand" name="test_dashboard" time="0.183" /><testcase classname="tests.test_diyhomie_docs_7_8_9_11_12.TestCommand" name="test_resume" time="0.147" /><testcase classname="tests.test_diyhomie_docs_7_8_9_11_12.TestCommand" name="test_defer_and_safety_409" time="0.135" /><testcase classname="tests.test_diyhomie_docs_7_8_9_11_12.TestCommand" name="test_prefs_focus_validation" time="0.377" /></testsuite></testsuites>