<?xml version="1.0" encoding="utf-8"?><testsuites name="pytest tests"><testsuite name="pytest" errors="0" failures="1" skipped="0" tests="37" time="12.982" timestamp="2026-08-19T22:43:05.548561+00:00" hostname="agent-env-c0d5ec17-e2cc-4cfc-a19c-df06672ba55e"><testcase classname="backend.tests.test_docs_50_55_57_58_59_iter99.TestDoc50Passport" name="test_passport_summary" time="0.715" /><testcase classname="backend.tests.test_docs_50_55_57_58_59_iter99.TestDoc50Passport" name="test_passport_profile_400_on_empty" time="0.172" /><testcase classname="backend.tests.test_docs_50_55_57_58_59_iter99.TestDoc50Passport" name="test_passport_profile_update_year" time="0.143" /><testcase classname="backend.tests.test_docs_50_55_57_58_59_iter99.TestDoc50Passport" name="test_passport_timeline" time="0.198" /><testcase classname="backend.tests.test_docs_50_55_57_58_59_iter99.TestDoc55Materials" name="test_workspace_shape" time="0.379" /><testcase classname="backend.tests.test_docs_50_55_57_58_59_iter99.TestDoc55Materials" name="test_item_update_unknown_status_400" time="0.261" /><testcase classname="backend.tests.test_docs_50_55_57_58_59_iter99.TestDoc55Materials" name="test_item_update_extended_statuses" time="0.295" /><testcase classname="backend.tests.test_docs_50_55_57_58_59_iter99.TestDoc55Materials" name="test_quantity_calc_paint_user_entered" time="0.136" /><testcase classname="backend.tests.test_docs_50_55_57_58_59_iter99.TestDoc55Materials" name="test_quantity_calc_no_area_estimated" time="0.122" /><testcase classname="backend.tests.test_docs_50_55_57_58_59_iter99.TestDoc55Materials" name="test_substitution_prohibited_deterministic" time="0.393" /><testcase classname="backend.tests.test_docs_50_55_57_58_59_iter99.TestDoc55Materials" name="test_substitution_classification_range" time="3.382" /><testcase classname="backend.tests.test_docs_50_55_57_58_59_iter99.TestDoc55Materials" name="test_purchase_readiness_shape" time="0.152" /><testcase classname="backend.tests.test_docs_50_55_57_58_59_iter99.TestDoc55Materials" name="test_readiness_override_safety_409" time="0.179" /><testcase classname="backend.tests.test_docs_50_55_57_58_59_iter99.TestDoc55Materials" name="test_readiness_override_empty_reason_400" time="0.156" /><testcase classname="backend.tests.test_docs_50_55_57_58_59_iter99.TestDoc55Materials" name="test_readiness_override_tools_ok" time="0.134" /><testcase classname="backend.tests.test_docs_50_55_57_58_59_iter99.TestDoc55Materials" name="test_shopping_shape" time="0.240" /><testcase classname="backend.tests.test_docs_50_55_57_58_59_iter99.TestDoc55Materials" name="test_receipt_upload_low_confidence_pending" time="1.295" /><testcase classname="backend.tests.test_docs_50_55_57_58_59_iter99.TestDoc55Materials" name="test_project_tools_shape" time="0.154" /><testcase classname="backend.tests.test_docs_50_55_57_58_59_iter99.TestDoc57ProCollab" name="test_meta" time="0.148" /><testcase classname="backend.tests.test_docs_50_55_57_58_59_iter99.TestDoc57ProCollab" name="test_create_handoff_min_share_default" time="0.121" /><testcase classname="backend.tests.test_docs_50_55_57_58_59_iter99.TestDoc57ProCollab" name="test_edit_sharing_before_submit" time="0.134" /><testcase classname="backend.tests.test_docs_50_55_57_58_59_iter99.TestDoc57ProCollab" name="test_submit_handoff" time="0.118" /><testcase classname="backend.tests.test_docs_50_55_57_58_59_iter99.TestDoc57ProCollab" name="test_second_submit_409" time="0.134" /><testcase classname="backend.tests.test_docs_50_55_57_58_59_iter99.TestDoc57ProCollab" name="test_edit_sharing_after_submit_409" time="0.125" /><testcase classname="backend.tests.test_docs_50_55_57_58_59_iter99.TestDoc57ProCollab" name="test_admin_status_and_response" time="0.848" /><testcase classname="backend.tests.test_docs_50_55_57_58_59_iter99.TestDoc57ProCollab" name="test_user_accepts_response" time="0.306" /><testcase classname="backend.tests.test_docs_50_55_57_58_59_iter99.TestDoc57ProCollab" name="test_hybrid_shape" time="0.163" /><testcase classname="backend.tests.test_docs_50_55_57_58_59_iter99.TestDoc57ProCollab" name="test_ownership_toggle" time="0.450" /><testcase classname="backend.tests.test_docs_50_55_57_58_59_iter99.TestDoc58Maintenance" name="test_skip_reasons" time="0.149" /><testcase classname="backend.tests.test_docs_50_55_57_58_59_iter99.TestDoc58Maintenance" name="test_followup_from_project_idempotent" time="0.300" /><testcase classname="backend.tests.test_docs_50_55_57_58_59_iter99.TestDoc58Maintenance" name="test_skip_with_reason_returns_next_action" time="0.263" /><testcase classname="backend.tests.test_docs_50_55_57_58_59_iter99.TestDoc58Maintenance" name="test_skip_not_applicable_pauses" time="0.275" /><testcase classname="backend.tests.test_docs_50_55_57_58_59_iter99.TestDoc59Budget" name="test_add_expense_negative_400" time="0.159" /><testcase classname="backend.tests.test_docs_50_55_57_58_59_iter99.TestDoc59Budget" name="test_add_expense" time="0.197" /><testcase classname="backend.tests.test_docs_50_55_57_58_59_iter99.TestDoc59Budget" name="test_list_expenses_persisted" time="0.153" /><testcase classname="backend.tests.test_docs_50_55_57_58_59_iter99.TestDoc59Budget" name="test_budget_workspace_shape" time="0.137" /><testcase classname="backend.tests.test_docs_50_55_57_58_59_iter99.TestDoc59Budget" name="test_change_reject_flow_and_409" time="0.132"><failure message="AssertionError: {&quot;detail&quot;:[{&quot;type&quot;:&quot;string_type&quot;,&quot;loc&quot;:[&quot;body&quot;,&quot;new_value&quot;],&quot;msg&quot;:&quot;Input should be a valid string&quot;,&quot;input&quot;:750,&quot;url&quot;:&quot;https://errors.pydantic.dev/2.13/v/string_type&quot;},{&quot;type&quot;:&quot;string_type&quot;,&quot;loc&quot;:[&quot;body&quot;,&quot;old_value&quot;],&quot;msg&quot;:&quot;Input should be a valid string&quot;,&quot;input&quot;:500,&quot;url&quot;:&quot;https://errors.pydantic.dev/2.13/v/string_type&quot;}]}&#10;assert 422 == 200&#10; +  where 422 = &lt;Response [422]&gt;.status_code">backend/tests/test_docs_50_55_57_58_59_iter99.py:505: in test_change_reject_flow_and_409
    assert r.status_code == 200, r.text
E   AssertionError: {"detail":[{"type":"string_type","loc":["body","new_value"],"msg":"Input should be a valid string","input":750,"url":"https://errors.pydantic.dev/2.13/v/string_type"},{"type":"string_type","loc":["body","old_value"],"msg":"Input should be a valid string","input":500,"url":"https://errors.pydantic.dev/2.13/v/string_type"}]}
E   assert 422 == 200
E    +  where 422 = &lt;Response [422]&gt;.status_code</failure></testcase></testsuite></testsuites>