<?xml version="1.0" encoding="utf-8"?><testsuites name="pytest tests"><testsuite name="pytest" errors="0" failures="0" skipped="0" tests="34" time="9.231" timestamp="2026-08-18T23:31:48.618098+00:00" hostname="agent-env-c0d5ec17-e2cc-4cfc-a19c-df06672ba55e"><testcase classname="backend.tests.test_docs_52_53_54_iter97.TestDoc52Guided" name="test_start_session" time="0.561" /><testcase classname="backend.tests.test_docs_52_53_54_iter97.TestDoc52Guided" name="test_start_resumes_existing" time="0.061" /><testcase classname="backend.tests.test_docs_52_53_54_iter97.TestDoc52Guided" name="test_events[repeat]" time="0.060" /><testcase classname="backend.tests.test_docs_52_53_54_iter97.TestDoc52Guided" name="test_events[slow]" time="0.062" /><testcase classname="backend.tests.test_docs_52_53_54_iter97.TestDoc52Guided" name="test_events[another_angle]" time="0.057" /><testcase classname="backend.tests.test_docs_52_53_54_iter97.TestDoc52Guided" name="test_events[why]" time="0.065" /><testcase classname="backend.tests.test_docs_52_53_54_iter97.TestDoc52Guided" name="test_events[tool]" time="0.055" /><testcase classname="backend.tests.test_docs_52_53_54_iter97.TestDoc52Guided" name="test_events[whats_next]" time="0.056" /><testcase classname="backend.tests.test_docs_52_53_54_iter97.TestDoc52Guided" name="test_events[help]" time="0.056" /><testcase classname="backend.tests.test_docs_52_53_54_iter97.TestDoc52Guided" name="test_event_mode_changed" time="0.060" /><testcase classname="backend.tests.test_docs_52_53_54_iter97.TestDoc52Guided" name="test_event_invalid" time="0.060" /><testcase classname="backend.tests.test_docs_52_53_54_iter97.TestDoc52Guided" name="test_micro_steps" time="4.430" /><testcase classname="backend.tests.test_docs_52_53_54_iter97.TestDoc52Guided" name="test_voice_command[repeat that-repeat]" time="0.059" /><testcase classname="backend.tests.test_docs_52_53_54_iter97.TestDoc52Guided" name="test_voice_command[slow it down-slow]" time="0.057" /><testcase classname="backend.tests.test_docs_52_53_54_iter97.TestDoc52Guided" name="test_voice_command[I'm done-done]" time="0.060" /><testcase classname="backend.tests.test_docs_52_53_54_iter97.TestDoc52Guided" name="test_voice_command[bring in a pro-bring_in_pro]" time="0.058" /><testcase classname="backend.tests.test_docs_52_53_54_iter97.TestDoc52Guided" name="test_voice_command[pause-pause]" time="0.059" /><testcase classname="backend.tests.test_docs_52_53_54_iter97.TestDoc52Guided" name="test_voice_command_gibberish" time="0.056" /><testcase classname="backend.tests.test_docs_52_53_54_iter97.TestDoc52Guided" name="test_done_not_confirmed" time="0.056" /><testcase classname="backend.tests.test_docs_52_53_54_iter97.TestDoc52Guided" name="test_done_confirmed_advances" time="0.057" /><testcase classname="backend.tests.test_docs_52_53_54_iter97.TestDoc52Guided" name="test_pause_and_resume" time="0.113" /><testcase classname="backend.tests.test_docs_52_53_54_iter97.TestDoc53Spatial" name="test_meta" time="0.054" /><testcase classname="backend.tests.test_docs_52_53_54_iter97.TestDoc53Spatial" name="test_scan_guidance" time="0.056" /><testcase classname="backend.tests.test_docs_52_53_54_iter97.TestDoc53Spatial" name="test_scan_guidance_invalid" time="0.054" /><testcase classname="backend.tests.test_docs_52_53_54_iter97.TestDoc53Spatial" name="test_target_stud_hidden" time="0.117" /><testcase classname="backend.tests.test_docs_52_53_54_iter97.TestDoc53Spatial" name="test_target_wall_confirm" time="0.110" /><testcase classname="backend.tests.test_docs_52_53_54_iter97.TestDoc53Spatial" name="test_target_reject_delete" time="0.180" /><testcase classname="backend.tests.test_docs_52_53_54_iter97.TestDoc53Spatial" name="test_targets_filter" time="0.054" /><testcase classname="backend.tests.test_docs_52_53_54_iter97.TestDoc53Spatial" name="test_ar_preflight_no_target" time="0.058" /><testcase classname="backend.tests.test_docs_52_53_54_iter97.TestDoc53Spatial" name="test_ar_preflight_with_target" time="0.057" /><testcase classname="backend.tests.test_docs_52_53_54_iter97.TestDoc53Spatial" name="test_measurement_confirm" time="0.119" /><testcase classname="backend.tests.test_docs_52_53_54_iter97.TestDoc54Voice" name="test_ask_context_aware" time="1.987" /><testcase classname="backend.tests.test_docs_52_53_54_iter97.TestDoc54Voice" name="test_ask_red_safety" time="0.058" /><testcase classname="backend.tests.test_docs_52_53_54_iter97.TestDoc54Voice" name="test_history" time="0.054" /></testsuite></testsuites>