<?xml version="1.0" encoding="utf-8"?><testsuites name="pytest tests"><testsuite name="pytest" errors="0" failures="1" skipped="0" tests="28" time="6.283" timestamp="2026-08-18T22:49:22.080231+00:00" hostname="agent-env-c0d5ec17-e2cc-4cfc-a19c-df06672ba55e"><testcase classname="backend.tests.test_guidance_proconnect_docs47_48.TestGuidanceProcedures" name="test_list_procedures" time="0.626" /><testcase classname="backend.tests.test_guidance_proconnect_docs47_48.TestGuidanceProcedures" name="test_get_procedure_has_spoken" time="0.082" /><testcase classname="backend.tests.test_guidance_proconnect_docs47_48.TestGuidanceProcedures" name="test_meta" time="0.077" /><testcase classname="backend.tests.test_guidance_proconnect_docs47_48.TestGuidanceSession" name="test_start_session" time="0.095" /><testcase classname="backend.tests.test_guidance_proconnect_docs47_48.TestGuidanceSession" name="test_step_events" time="0.504" /><testcase classname="backend.tests.test_guidance_proconnect_docs47_48.TestGuidanceSession" name="test_target_detected_thresholds" time="0.172"><failure message="AssertionError: conf=0.65 got={'ok': True, 'event': 'target_detected', 'target_state': 'lost', 'message': &quot;I can't see the target clearly. Move closer or improve the lighting.&quot;}&#10;assert 'lost' == 'candidate'&#10;  &#10;  - candidate&#10;  + lost">backend/tests/test_guidance_proconnect_docs47_48.py:115: in test_target_detected_thresholds
    assert r.json().get("target_state") == expected, f"conf={conf} got={r.json()}"
E   AssertionError: conf=0.65 got={'ok': True, 'event': 'target_detected', 'target_state': 'lost', 'message': "I can't see the target clearly. Move closer or improve the lighting."}
E   assert 'lost' == 'candidate'
E     
E     - candidate
E     + lost</failure></testcase><testcase classname="backend.tests.test_guidance_proconnect_docs47_48.TestGuidanceSession" name="test_verify_needs_review_no_advance" time="0.080" /><testcase classname="backend.tests.test_guidance_proconnect_docs47_48.TestGuidanceSession" name="test_verify_visual_cannot_verify" time="0.079" /><testcase classname="backend.tests.test_guidance_proconnect_docs47_48.TestGuidanceSession" name="test_verify_visual_verified" time="0.076" /><testcase classname="backend.tests.test_guidance_proconnect_docs47_48.TestGuidanceSession" name="test_resume_returns_welcome_back" time="0.082" /><testcase classname="backend.tests.test_guidance_proconnect_docs47_48.TestGuidanceSession" name="test_complete_all_steps" time="0.909" /><testcase classname="backend.tests.test_guidance_proconnect_docs47_48.TestGuidancePrefs" name="test_get_prefs" time="0.077" /><testcase classname="backend.tests.test_guidance_proconnect_docs47_48.TestGuidancePrefs" name="test_skill_level_affects_spoken" time="0.403" /><testcase classname="backend.tests.test_guidance_proconnect_docs47_48.TestProConnectSupport" name="test_support_with_demos" time="0.075" /><testcase classname="backend.tests.test_guidance_proconnect_docs47_48.TestProConnectSupport" name="test_support_with_insight_attribution" time="0.083" /><testcase classname="backend.tests.test_guidance_proconnect_docs47_48.TestProConnectSupport" name="test_view_and_save_demo" time="0.324" /><testcase classname="backend.tests.test_guidance_proconnect_docs47_48.TestCreators" name="test_creator_profile" time="0.076" /><testcase classname="backend.tests.test_guidance_proconnect_docs47_48.TestCreators" name="test_follow_toggle" time="0.169" /><testcase classname="backend.tests.test_guidance_proconnect_docs47_48.TestBriefsAndRequests" name="test_create_brief_from_session" time="0.498" /><testcase classname="backend.tests.test_guidance_proconnect_docs47_48.TestBriefsAndRequests" name="test_get_brief" time="0.081" /><testcase classname="backend.tests.test_guidance_proconnect_docs47_48.TestBriefsAndRequests" name="test_create_request_valid_types" time="0.156" /><testcase classname="backend.tests.test_guidance_proconnect_docs47_48.TestBriefsAndRequests" name="test_create_request_invalid_type" time="0.074" /><testcase classname="backend.tests.test_guidance_proconnect_docs47_48.TestBriefsAndRequests" name="test_list_requests_and_cancel" time="0.160" /><testcase classname="backend.tests.test_guidance_proconnect_docs47_48.TestScopeSplit" name="test_scope_classification" time="0.075" /><testcase classname="backend.tests.test_guidance_proconnect_docs47_48.TestScopeSplit" name="test_scope_save_and_return" time="0.175" /><testcase classname="backend.tests.test_guidance_proconnect_docs47_48.TestScopeSplit" name="test_scope_invalid_selection" time="0.076" /><testcase classname="backend.tests.test_guidance_proconnect_docs47_48.TestAdminProConnect" name="test_admin_list_requests" time="0.424" /><testcase classname="backend.tests.test_guidance_proconnect_docs47_48.TestAdminProConnect" name="test_admin_status_flow" time="0.441" /></testsuite></testsuites>