<?xml version="1.0" encoding="utf-8"?><testsuites name="pytest tests"><testsuite name="pytest" errors="0" failures="0" skipped="0" tests="9" time="2.720" timestamp="2026-07-05T16:41:59.821207+00:00" hostname="agent-env-c0d5ec17-e2cc-4cfc-a19c-df06672ba55e"><testcase classname="backend.tests.test_education_sheet62.TestUserEducation" name="test_tracks_list" time="0.551" /><testcase classname="backend.tests.test_education_sheet62.TestUserEducation" name="test_track_detail_with_lessons" time="0.296" /><testcase classname="backend.tests.test_education_sheet62.TestUserEducation" name="test_lesson_open_upserts_started" time="0.202" /><testcase classname="backend.tests.test_education_sheet62.TestUserEducation" name="test_complete_lesson_flow" time="0.245" /><testcase classname="backend.tests.test_education_sheet62.TestUserEducation" name="test_dashboard_me" time="0.102" /><testcase classname="backend.tests.test_education_sheet62.TestAdminEducation" name="test_admin_list" time="0.493" /><testcase classname="backend.tests.test_education_sheet62.TestAdminEducation" name="test_admin_analytics" time="0.100" /><testcase classname="backend.tests.test_education_sheet62.TestAdminEducation" name="test_admin_toggle_lesson" time="0.309" /><testcase classname="backend.tests.test_education_sheet62.TestAdminEducation" name="test_non_admin_forbidden" time="0.329" /></testsuite></testsuites>