<?xml version="1.0" encoding="utf-8"?><testsuites name="pytest tests"><testsuite name="pytest" errors="0" failures="0" skipped="0" tests="15" time="6.377" timestamp="2026-06-23T02:02:59.660803+00:00" hostname="agent-env-c0d5ec17-e2cc-4cfc-a19c-df06672ba55e"><testcase classname="backend.tests.test_email_engine.TestAuthGating" name="test_overview_requires_auth" time="0.154" /><testcase classname="backend.tests.test_email_engine.TestAuthGating" name="test_overview_forbidden_for_non_admin" time="0.358" /><testcase classname="backend.tests.test_email_engine.TestAuthGating" name="test_templates_requires_auth" time="0.047" /><testcase classname="backend.tests.test_email_engine.TestOverview" name="test_overview_shape_and_draft_mode" time="0.327" /><testcase classname="backend.tests.test_email_engine.TestTemplates" name="test_seeded_transactional_templates" time="0.051" /><testcase classname="backend.tests.test_email_engine.TestTemplates" name="test_create_update_delete_marketing_template" time="0.150" /><testcase classname="backend.tests.test_email_engine.TestTemplates" name="test_cannot_delete_transactional_template" time="0.098" /><testcase classname="backend.tests.test_email_engine.TestAutomations" name="test_automations_crud" time="0.211" /><testcase classname="backend.tests.test_email_engine.TestSegmentsAndCampaigns" name="test_segments_list_includes_all_users" time="0.051" /><testcase classname="backend.tests.test_email_engine.TestSegmentsAndCampaigns" name="test_campaign_create_send_delete_and_suppression_skip" time="0.798" /><testcase classname="backend.tests.test_email_engine.TestSuppression" name="test_add_list_delete_suppression" time="0.212" /><testcase classname="backend.tests.test_email_engine.TestWelcomeOnSignup" name="test_register_enqueues_welcome" time="1.336" /><testcase classname="backend.tests.test_email_engine.TestPublicTracking" name="test_open_pixel_marks_opened" time="2.073" /><testcase classname="backend.tests.test_email_engine.TestPublicTracking" name="test_unsubscribe_suppresses" time="0.235" /><testcase classname="backend.tests.test_email_engine.TestPublicTracking" name="test_ses_bounce_webhook_adds_suppression" time="0.208" /></testsuite></testsuites>