<?xml version="1.0" encoding="utf-8"?><testsuites name="pytest tests"><testsuite name="pytest" errors="0" failures="0" skipped="0" tests="10" time="28.570" timestamp="2026-07-05T01:02:04.281534+00:00" hostname="agent-env-c0d5ec17-e2cc-4cfc-a19c-df06672ba55e"><testcase classname="backend.tests.test_emergency_sheet30.TestScenarios" name="test_scenarios_requires_auth" time="0.104" /><testcase classname="backend.tests.test_emergency_sheet30.TestScenarios" name="test_scenarios_returns_eight" time="0.399" /><testcase classname="backend.tests.test_emergency_sheet30.TestTriage" name="test_triage_burst_pipe_plumbing" time="5.763" /><testcase classname="backend.tests.test_emergency_sheet30.TestTriage" name="test_triage_fire_smoke_general" time="3.432" /><testcase classname="backend.tests.test_emergency_sheet30.TestTriage" name="test_triage_electrical" time="3.651" /><testcase classname="backend.tests.test_emergency_sheet30.TestTriage" name="test_triage_other_fallback" time="3.459" /><testcase classname="backend.tests.test_emergency_sheet30.TestTriage" name="test_triage_guide_has_no_commercial_push" time="3.776" /><testcase classname="backend.tests.test_emergency_sheet30.TestEventsAndTimeline" name="test_events_grow_and_no_photo_leak" time="4.394" /><testcase classname="backend.tests.test_emergency_sheet30.TestEventsAndTimeline" name="test_events_requires_auth" time="0.052" /><testcase classname="backend.tests.test_emergency_sheet30.TestEventsAndTimeline" name="test_timeline_contains_emergency_entry" time="3.476" /></testsuite></testsuites>