<?xml version="1.0" encoding="utf-8"?><testsuites name="pytest tests"><testsuite name="pytest" errors="0" failures="0" skipped="0" tests="24" time="4.712" timestamp="2026-07-05T13:30:42.102152+00:00" hostname="agent-env-c0d5ec17-e2cc-4cfc-a19c-df06672ba55e"><testcase classname="backend.tests.test_experts_knowledge_sheet57.TestExpertMe" name="test_demo_me_shows_approved_expert" time="0.624" /><testcase classname="backend.tests.test_experts_knowledge_sheet57.TestExpertMe" name="test_fresh_user_me_empty_expert" time="0.451" /><testcase classname="backend.tests.test_experts_knowledge_sheet57.TestExpertApply" name="test_invalid_type_400" time="0.135" /><testcase classname="backend.tests.test_experts_knowledge_sheet57.TestExpertApply" name="test_apply_pending" time="0.211" /><testcase classname="backend.tests.test_experts_knowledge_sheet57.TestExpertApply" name="test_non_approved_cannot_create_guide" time="0.089" /><testcase classname="backend.tests.test_experts_knowledge_sheet57.TestAdminReviewExpert" name="test_list_apps_pending" time="0.438" /><testcase classname="backend.tests.test_experts_knowledge_sheet57.TestAdminReviewExpert" name="test_non_admin_forbidden" time="0.095" /><testcase classname="backend.tests.test_experts_knowledge_sheet57.TestAdminReviewExpert" name="test_approve_applicant" time="0.197" /><testcase classname="backend.tests.test_experts_knowledge_sheet57.TestGuideLifecycle" name="test_create_edit_submit" time="0.308" /><testcase classname="backend.tests.test_experts_knowledge_sheet57.TestGuideLifecycle" name="test_public_feed_hides_unpublished" time="0.094" /><testcase classname="backend.tests.test_experts_knowledge_sheet57.TestGuideLifecycle" name="test_detail_404_when_not_published" time="0.104" /><testcase classname="backend.tests.test_experts_knowledge_sheet57.TestAdminPublish" name="test_admin_lists_pending_guide" time="0.104" /><testcase classname="backend.tests.test_experts_knowledge_sheet57.TestAdminPublish" name="test_publish" time="0.300" /><testcase classname="backend.tests.test_experts_knowledge_sheet57.TestAdminPublish" name="test_invalid_decision" time="0.098" /><testcase classname="backend.tests.test_experts_knowledge_sheet57.TestKnowledgePublic" name="test_feed_lists_published" time="0.096" /><testcase classname="backend.tests.test_experts_knowledge_sheet57.TestKnowledgePublic" name="test_category_filter" time="0.102" /><testcase classname="backend.tests.test_experts_knowledge_sheet57.TestKnowledgePublic" name="test_detail_increments_views_and_returns_full" time="0.199" /><testcase classname="backend.tests.test_experts_knowledge_sheet57.TestKnowledgePublic" name="test_rate" time="0.310" /><testcase classname="backend.tests.test_experts_knowledge_sheet57.TestKnowledgePublic" name="test_flag" time="0.094" /><testcase classname="backend.tests.test_experts_knowledge_sheet57.TestKnowledgePublic" name="test_mentors_list" time="0.099" /><testcase classname="backend.tests.test_experts_knowledge_sheet57.TestAdminAnalyticsFlags" name="test_analytics" time="0.097" /><testcase classname="backend.tests.test_experts_knowledge_sheet57.TestAdminAnalyticsFlags" name="test_flags_listing" time="0.097" /><testcase classname="backend.tests.test_experts_knowledge_sheet57.TestAdminAnalyticsFlags" name="test_non_admin_analytics_forbidden" time="0.093" /><testcase classname="backend.tests.test_experts_knowledge_sheet57.TestCleanup" name="test_admin_delete_guide" time="0.207" /></testsuite></testsuites>