<?xml version="1.0" encoding="utf-8"?><testsuites name="pytest tests"><testsuite name="pytest" errors="0" failures="0" skipped="0" tests="14" time="2.492" timestamp="2026-07-05T17:12:43.726239+00:00" hostname="agent-env-c0d5ec17-e2cc-4cfc-a19c-df06672ba55e"><testcase classname="backend.tests.test_export_engine_sheet64.TestExportOptions" name="test_options_returns_7_types_and_counts" time="0.485" /><testcase classname="backend.tests.test_export_engine_sheet64.TestExportGenerate" name="test_generate_json" time="0.110" /><testcase classname="backend.tests.test_export_engine_sheet64.TestExportGenerate" name="test_generate_csv" time="0.098" /><testcase classname="backend.tests.test_export_engine_sheet64.TestExportGenerate" name="test_generate_share_creates_token" time="0.108" /><testcase classname="backend.tests.test_export_engine_sheet64.TestExportGenerate" name="test_generate_audit_logged" time="0.100" /><testcase classname="backend.tests.test_export_engine_sheet64.TestPublicDownload" name="test_download_returns_bundle_and_increments" time="0.217" /><testcase classname="backend.tests.test_export_engine_sheet64.TestPublicDownload" name="test_download_exhausted_returns_410" time="0.103" /><testcase classname="backend.tests.test_export_engine_sheet64.TestPublicDownload" name="test_unknown_token_returns_404" time="0.164" /><testcase classname="backend.tests.test_export_engine_sheet64.TestPublicDownload" name="test_report_html" time="0.210" /><testcase classname="backend.tests.test_export_engine_sheet64.TestPublicDownload" name="test_report_unknown_token_410" time="0.093" /><testcase classname="backend.tests.test_export_engine_sheet64.TestAdminExport" name="test_kpis_admin_ok" time="0.424" /><testcase classname="backend.tests.test_export_engine_sheet64.TestAdminExport" name="test_jobs_admin_ok" time="0.110" /><testcase classname="backend.tests.test_export_engine_sheet64.TestAdminExport" name="test_kpis_non_admin_forbidden" time="0.105" /><testcase classname="backend.tests.test_export_engine_sheet64.TestAdminExport" name="test_jobs_non_admin_forbidden" time="0.098" /></testsuite></testsuites>