<?xml version="1.0" encoding="utf-8"?><testsuites name="pytest tests"><testsuite name="pytest" errors="0" failures="0" skipped="0" tests="12" time="4.248" timestamp="2026-07-04T21:44:48.096545+00:00" hostname="agent-env-c0d5ec17-e2cc-4cfc-a19c-df06672ba55e"><testcase classname="backend.tests.test_finance_journey.TestFinance" name="test_summary_admin_only" time="0.132" /><testcase classname="backend.tests.test_finance_journey.TestFinance" name="test_summary_shape" time="0.342" /><testcase classname="backend.tests.test_finance_journey.TestFinance" name="test_add_delete_expense_and_net_update" time="0.251" /><testcase classname="backend.tests.test_finance_journey.TestFinance" name="test_set_cash" time="0.093" /><testcase classname="backend.tests.test_finance_journey.TestProfile" name="test_update_bio_and_share_public" time="0.369" /><testcase classname="backend.tests.test_finance_journey.TestProfile" name="test_public_journey_gate" time="0.150" /><testcase classname="backend.tests.test_finance_journey.TestJourneyCompletion" name="test_empty_journey" time="0.047" /><testcase classname="backend.tests.test_finance_journey.TestJourneyCompletion" name="test_create_project_for_completion" time="0.049" /><testcase classname="backend.tests.test_finance_journey.TestJourneyCompletion" name="test_complete_project_generates_story" time="2.579" /><testcase classname="backend.tests.test_finance_journey.TestJourneyCompletion" name="test_double_complete_rejected" time="0.049" /><testcase classname="backend.tests.test_finance_journey.TestJourneyCompletion" name="test_journey_after_completion" time="0.049" /><testcase classname="backend.tests.test_finance_journey.TestJourneyCompletion" name="test_shared_completion_in_community_feed" time="0.049" /></testsuite></testsuites>