<?xml version="1.0" encoding="utf-8"?><testsuites name="pytest tests"><testsuite name="pytest" errors="0" failures="0" skipped="0" tests="19" time="5.029" timestamp="2026-07-05T15:56:07.452718+00:00" hostname="agent-env-c0d5ec17-e2cc-4cfc-a19c-df06672ba55e"><testcase classname="backend.tests.test_freemium_sheet58.TestEntitlements" name="test_entitlements_me_shape" time="0.497" /><testcase classname="backend.tests.test_freemium_sheet58.TestEntitlements" name="test_consume_scan_and_guide_decrements" time="0.388" /><testcase classname="backend.tests.test_freemium_sheet58.TestEntitlements" name="test_consume_lock_when_cap_reached" time="0.934" /><testcase classname="backend.tests.test_freemium_sheet58.TestEntitlements" name="test_consume_invalid_feature" time="0.099" /><testcase classname="backend.tests.test_freemium_sheet58.TestDemo" name="test_demo_templates" time="0.096" /><testcase classname="backend.tests.test_freemium_sheet58.TestDemo" name="test_demo_start_idempotent" time="0.240" /><testcase classname="backend.tests.test_freemium_sheet58.TestDemo" name="test_demo_start_unknown" time="0.109" /><testcase classname="backend.tests.test_freemium_sheet58.TestDemo" name="test_demo_commit_converts_to_real" time="0.422" /><testcase classname="backend.tests.test_freemium_sheet58.TestDemo" name="test_demo_commit_unknown_id" time="0.094" /><testcase classname="backend.tests.test_freemium_sheet58.TestConversion" name="test_event_logged[demo_start]" time="0.091" /><testcase classname="backend.tests.test_freemium_sheet58.TestConversion" name="test_event_logged[cta_view]" time="0.105" /><testcase classname="backend.tests.test_freemium_sheet58.TestConversion" name="test_event_logged[cta_click]" time="0.164" /><testcase classname="backend.tests.test_freemium_sheet58.TestAdminFreemium" name="test_config_get" time="0.154" /><testcase classname="backend.tests.test_freemium_sheet58.TestAdminFreemium" name="test_config_put_roundtrip" time="0.410" /><testcase classname="backend.tests.test_freemium_sheet58.TestAdminFreemium" name="test_config_non_admin_forbidden" time="0.097" /><testcase classname="backend.tests.test_freemium_sheet58.TestAdminFreemium" name="test_analytics" time="0.107" /><testcase classname="backend.tests.test_freemium_sheet58.TestDeleteProject" name="test_owner_can_delete_and_timeline_cleared" time="0.411" /><testcase classname="backend.tests.test_freemium_sheet58.TestDeleteProject" name="test_delete_unknown_returns_404" time="0.101" /><testcase classname="backend.tests.test_freemium_sheet58.TestDeleteProject" name="test_delete_project_owned_by_other_user_returns_404" time="0.407" /></testsuite></testsuites>