<?xml version="1.0" encoding="utf-8"?><testsuites name="pytest tests"><testsuite name="pytest" errors="0" failures="0" skipped="0" tests="16" time="3.521" timestamp="2026-08-17T11:32:50.299696+00:00" hostname="agent-env-c0d5ec17-e2cc-4cfc-a19c-df06672ba55e"><testcase classname="backend.tests.test_funding_engine.TestFundingConfig" name="test_user_config_returns_classifications" time="0.729" /><testcase classname="backend.tests.test_funding_engine.TestGoal" name="test_create_goal_and_gap" time="0.333" /><testcase classname="backend.tests.test_funding_engine.TestSavingsClassifications" name="test_confirmed_reduces_confirmed_gap" time="0.066" /><testcase classname="backend.tests.test_funding_engine.TestSavingsClassifications" name="test_expected_reduces_only_likely_gap" time="0.125" /><testcase classname="backend.tests.test_funding_engine.TestSavingsClassifications" name="test_potential_does_not_reduce_either_gap" time="0.131" /><testcase classname="backend.tests.test_funding_engine.TestSavingsClassifications" name="test_opportunistic_accepted_but_not_counted" time="0.124" /><testcase classname="backend.tests.test_funding_engine.TestSavingsClassifications" name="test_invalid_classification_400" time="0.063" /><testcase classname="backend.tests.test_funding_engine.TestCostReduction" name="test_cost_reduction_returns_all_option_kinds" time="0.063" /><testcase classname="backend.tests.test_funding_engine.TestCostReduction" name="test_apply_owned_toolshare_reduces_requirement_cost" time="0.196" /><testcase classname="backend.tests.test_funding_engine.TestOrchestratorEvents" name="test_events_include_funding_and_savings_and_alt" time="0.059" /><testcase classname="backend.tests.test_funding_engine.TestWallet" name="test_wallet_shape_and_no_revenue" time="0.060" /><testcase classname="backend.tests.test_funding_engine.TestAuthorization" name="test_cross_user_get_plan_404" time="0.503" /><testcase classname="backend.tests.test_funding_engine.TestAuthorization" name="test_cross_user_post_savings_404" time="0.068" /><testcase classname="backend.tests.test_funding_engine.TestAdmin" name="test_admin_dashboard" time="0.526" /><testcase classname="backend.tests.test_funding_engine.TestAdmin" name="test_admin_config_providers" time="0.081" /><testcase classname="backend.tests.test_funding_engine.TestAdmin" name="test_admin_put_config_persists" time="0.301" /></testsuite></testsuites>