<?xml version="1.0" encoding="utf-8"?><testsuites name="pytest tests"><testsuite name="pytest" errors="0" failures="0" skipped="0" tests="21" time="7.138" timestamp="2026-09-18T01:24:20.419659+00:00" hostname="agent-env-c0d5ec17-e2cc-4cfc-a19c-df06672ba55e"><testcase classname="backend.tests.test_govops_doc32_iter101.TestAuthGating" name="test_no_token_rejected[POST-/hi/admin/govops/backups]" time="0.190" /><testcase classname="backend.tests.test_govops_doc32_iter101.TestAuthGating" name="test_no_token_rejected[GET-/hi/admin/govops/backups]" time="0.207" /><testcase classname="backend.tests.test_govops_doc32_iter101.TestAuthGating" name="test_no_token_rejected[POST-/hi/admin/govops/deletions/execute]" time="0.217" /><testcase classname="backend.tests.test_govops_doc32_iter101.TestAuthGating" name="test_no_token_rejected[POST-/hi/admin/govops/retention/enforce]" time="0.150" /><testcase classname="backend.tests.test_govops_doc32_iter101.TestAuthGating" name="test_non_admin_rejected[POST-/hi/admin/govops/backups]" time="0.514" /><testcase classname="backend.tests.test_govops_doc32_iter101.TestAuthGating" name="test_non_admin_rejected[GET-/hi/admin/govops/backups]" time="0.164" /><testcase classname="backend.tests.test_govops_doc32_iter101.TestAuthGating" name="test_non_admin_rejected[POST-/hi/admin/govops/deletions/execute]" time="0.141" /><testcase classname="backend.tests.test_govops_doc32_iter101.TestAuthGating" name="test_non_admin_rejected[POST-/hi/admin/govops/retention/enforce]" time="0.155" /><testcase classname="backend.tests.test_govops_doc32_iter101.TestBackups" name="test_create_backup" time="0.512" /><testcase classname="backend.tests.test_govops_doc32_iter101.TestBackups" name="test_create_backup_unknown_collection_400" time="0.177" /><testcase classname="backend.tests.test_govops_doc32_iter101.TestBackups" name="test_backup_completes" time="0.297" /><testcase classname="backend.tests.test_govops_doc32_iter101.TestBackups" name="test_verify_backup" time="0.179" /><testcase classname="backend.tests.test_govops_doc32_iter101.TestBackups" name="test_restore_without_confirm_400" time="0.151" /><testcase classname="backend.tests.test_govops_doc32_iter101.TestBackups" name="test_restore_unknown_collection_404" time="0.182" /><testcase classname="backend.tests.test_govops_doc32_iter101.TestBackups" name="test_restore_merge_safe" time="0.384" /><testcase classname="backend.tests.test_govops_doc32_iter101.TestBackups" name="test_delete_backup" time="0.354" /><testcase classname="backend.tests.test_govops_doc32_iter101.TestDeletionExecution" name="test_full_flow" time="2.362" /><testcase classname="backend.tests.test_govops_doc32_iter101.TestRetention" name="test_dry_run" time="0.203" /><testcase classname="backend.tests.test_govops_doc32_iter101.TestRetention" name="test_real" time="0.136" /><testcase classname="backend.tests.test_govops_doc32_iter101.TestRegression" name="test_privacy_overview_still_works" time="0.196" /><testcase classname="backend.tests.test_govops_doc32_iter101.TestRegression" name="test_privacy_export_categories" time="0.172" /></testsuite></testsuites>