<?xml version="1.0" encoding="utf-8"?><testsuites name="pytest tests"><testsuite name="pytest" errors="0" failures="0" skipped="0" tests="8" time="3.780" timestamp="2026-08-17T21:06:43.501720+00:00" hostname="agent-env-c0d5ec17-e2cc-4cfc-a19c-df06672ba55e"><testcase classname="backend.tests.test_handoff_engine.TestShoppingHandoff" name="test_shopping_totals_initial" time="1.117" /><testcase classname="backend.tests.test_handoff_engine.TestShoppingHandoff" name="test_mark_purchased_moves_to_owned" time="0.210" /><testcase classname="backend.tests.test_handoff_engine.TestShoppingHandoff" name="test_mark_purchased_toggle_back" time="0.177" /><testcase classname="backend.tests.test_handoff_engine.TestShoppingHandoff" name="test_shopping_cross_user_404" time="0.529" /><testcase classname="backend.tests.test_handoff_engine.TestShoppingHandoff" name="test_mark_purchased_cross_user_404" time="0.076" /><testcase classname="backend.tests.test_handoff_engine.TestHomeReport" name="test_report_incomplete_project" time="0.116" /><testcase classname="backend.tests.test_handoff_engine.TestHomeReport" name="test_report_after_completion" time="1.391" /><testcase classname="backend.tests.test_handoff_engine.TestHomeReport" name="test_report_cross_user_404" time="0.088" /></testsuite></testsuites>