<?xml version="1.0" encoding="utf-8"?><testsuites name="pytest tests"><testsuite name="pytest" errors="0" failures="0" skipped="0" tests="21" time="12.409" timestamp="2026-08-08T00:26:32.864359+00:00" hostname="agent-env-c0d5ec17-e2cc-4cfc-a19c-df06672ba55e"><testcase classname="backend.tests.test_hi_chat_b05.TestAuthGating" name="test_context_options_requires_auth" time="0.259" /><testcase classname="backend.tests.test_hi_chat_b05.TestAuthGating" name="test_list_conversations_requires_auth" time="0.106" /><testcase classname="backend.tests.test_hi_chat_b05.TestAuthGating" name="test_create_conversation_requires_auth" time="0.109" /><testcase classname="backend.tests.test_hi_chat_b05.TestAuthGating" name="test_detail_requires_auth" time="0.790" /><testcase classname="backend.tests.test_hi_chat_b05.TestAuthGating" name="test_message_requires_auth" time="0.152" /><testcase classname="backend.tests.test_hi_chat_b05.TestAuthGating" name="test_approve_requires_auth" time="0.139" /><testcase classname="backend.tests.test_hi_chat_b05.TestAuthGating" name="test_delete_requires_auth" time="0.108" /><testcase classname="backend.tests.test_hi_chat_b05.TestAuthGating" name="test_update_requires_auth" time="0.137" /><testcase classname="backend.tests.test_hi_chat_b05.TestContextOptions" name="test_shape" time="0.443" /><testcase classname="backend.tests.test_hi_chat_b05.TestConversationCRUD" name="test_create_and_list" time="0.265" /><testcase classname="backend.tests.test_hi_chat_b05.TestConversationCRUD" name="test_detail_empty" time="0.108" /><testcase classname="backend.tests.test_hi_chat_b05.TestConversationCRUD" name="test_update_title_and_context" time="0.199" /><testcase classname="backend.tests.test_hi_chat_b05.TestConversationCRUD" name="test_detail_not_owned_returns_404" time="0.102" /><testcase classname="backend.tests.test_hi_chat_b05.TestMessaging" name="test_empty_message_rejected" time="0.114" /><testcase classname="backend.tests.test_hi_chat_b05.TestMessaging" name="test_send_text_returns_grounded_reply" time="3.220" /><testcase classname="backend.tests.test_hi_chat_b05.TestMessaging" name="test_send_message_with_action_intent" time="1.501" /><testcase classname="backend.tests.test_hi_chat_b05.TestMessaging" name="test_emergency_short_circuit" time="0.227" /><testcase classname="backend.tests.test_hi_chat_b05.TestMessaging" name="test_photo_attach_stored_but_not_returned" time="3.270" /><testcase classname="backend.tests.test_hi_chat_b05.TestApprove" name="test_approve_creates_record_and_double_approve_409" time="0.307" /><testcase classname="backend.tests.test_hi_chat_b05.TestApprove" name="test_approve_bad_action_index" time="0.225" /><testcase classname="backend.tests.test_hi_chat_b05.TestDeleteAndCleanup" name="test_delete_cascades_and_hides" time="0.531" /></testsuite></testsuites>