<?xml version="1.0" encoding="utf-8"?><testsuites name="pytest tests"><testsuite name="pytest" errors="0" failures="0" skipped="0" tests="32" time="16.985" timestamp="2026-08-08T00:11:05.890881+00:00" hostname="agent-env-c0d5ec17-e2cc-4cfc-a19c-df06672ba55e"><testcase classname="backend.tests.test_hi_maintenance_b04.TestHome" name="test_home_empty_returns_score_100" time="0.615" /><testcase classname="backend.tests.test_hi_maintenance_b04.TestTasksCRUD" name="test_create_task_with_occurrence_and_get_detail" time="0.574" /><testcase classname="backend.tests.test_hi_maintenance_b04.TestTasksCRUD" name="test_create_missing_title_400" time="0.101" /><testcase classname="backend.tests.test_hi_maintenance_b04.TestTasksCRUD" name="test_edit_task" time="0.261" /><testcase classname="backend.tests.test_hi_maintenance_b04.TestTasksCRUD" name="test_list_tasks_and_tab_filters" time="0.564" /><testcase classname="backend.tests.test_hi_maintenance_b04.TestLifecycle" name="test_complete_recurring_rolls_forward" time="0.696" /><testcase classname="backend.tests.test_hi_maintenance_b04.TestLifecycle" name="test_complete_one_time_marks_completed" time="0.685" /><testcase classname="backend.tests.test_hi_maintenance_b04.TestLifecycle" name="test_skip_recurring_advances" time="0.529" /><testcase classname="backend.tests.test_hi_maintenance_b04.TestLifecycle" name="test_reschedule" time="0.679" /><testcase classname="backend.tests.test_hi_maintenance_b04.TestLifecycle" name="test_pause_and_resume" time="0.894" /><testcase classname="backend.tests.test_hi_maintenance_b04.TestLifecycle" name="test_archive_hides_from_list_but_keeps_history" time="0.738" /><testcase classname="backend.tests.test_hi_maintenance_b04.TestCalendarSeasonal" name="test_calendar_counts" time="0.553" /><testcase classname="backend.tests.test_hi_maintenance_b04.TestCalendarSeasonal" name="test_seasonal_groups" time="0.534" /><testcase classname="backend.tests.test_hi_maintenance_b04.TestAISuggestions" name="test_generate_and_list_and_accept_and_dismiss" time="6.995" /><testcase classname="backend.tests.test_hi_maintenance_b04.TestAISuggestions" name="test_dismiss_missing_404" time="0.097" /><testcase classname="backend.tests.test_hi_maintenance_b04.TestHomeScore" name="test_score_after_complete_and_overdue" time="0.752" /><testcase classname="backend.tests.test_hi_maintenance_b04.TestAuth" name="test_requires_auth[GET-/hi/maintenance/home-None]" time="0.098" /><testcase classname="backend.tests.test_hi_maintenance_b04.TestAuth" name="test_requires_auth[GET-/hi/maintenance/tasks-None]" time="0.107" /><testcase classname="backend.tests.test_hi_maintenance_b04.TestAuth" name="test_requires_auth[POST-/hi/maintenance/tasks-body2]" time="0.102" /><testcase classname="backend.tests.test_hi_maintenance_b04.TestAuth" name="test_requires_auth[GET-/hi/maintenance/tasks/abc-None]" time="0.114" /><testcase classname="backend.tests.test_hi_maintenance_b04.TestAuth" name="test_requires_auth[PUT-/hi/maintenance/tasks/abc-body4]" time="0.106" /><testcase classname="backend.tests.test_hi_maintenance_b04.TestAuth" name="test_requires_auth[POST-/hi/maintenance/tasks/abc/complete-body5]" time="0.108" /><testcase classname="backend.tests.test_hi_maintenance_b04.TestAuth" name="test_requires_auth[POST-/hi/maintenance/tasks/abc/skip-None]" time="0.096" /><testcase classname="backend.tests.test_hi_maintenance_b04.TestAuth" name="test_requires_auth[POST-/hi/maintenance/tasks/abc/reschedule-body7]" time="0.112" /><testcase classname="backend.tests.test_hi_maintenance_b04.TestAuth" name="test_requires_auth[PUT-/hi/maintenance/tasks/abc/pause-None]" time="0.103" /><testcase classname="backend.tests.test_hi_maintenance_b04.TestAuth" name="test_requires_auth[DELETE-/hi/maintenance/tasks/abc-None]" time="0.094" /><testcase classname="backend.tests.test_hi_maintenance_b04.TestAuth" name="test_requires_auth[GET-/hi/maintenance/calendar-None]" time="0.098" /><testcase classname="backend.tests.test_hi_maintenance_b04.TestAuth" name="test_requires_auth[GET-/hi/maintenance/seasonal-None]" time="0.095" /><testcase classname="backend.tests.test_hi_maintenance_b04.TestAuth" name="test_requires_auth[POST-/hi/maintenance/suggestions/generate-None]" time="0.101" /><testcase classname="backend.tests.test_hi_maintenance_b04.TestAuth" name="test_requires_auth[GET-/hi/maintenance/suggestions-None]" time="0.107" /><testcase classname="backend.tests.test_hi_maintenance_b04.TestAuth" name="test_requires_auth[POST-/hi/maintenance/suggestions/abc/accept-None]" time="0.098" /><testcase classname="backend.tests.test_hi_maintenance_b04.TestAuth" name="test_requires_auth[POST-/hi/maintenance/suggestions/abc/dismiss-None]" time="0.104" /></testsuite></testsuites>