<?xml version="1.0" encoding="utf-8"?><testsuites name="pytest tests"><testsuite name="pytest" errors="0" failures="0" skipped="0" tests="15" time="20.597" timestamp="2026-08-07T23:34:30.617249+00:00" hostname="agent-env-c0d5ec17-e2cc-4cfc-a19c-df06672ba55e"><testcase classname="backend.tests.test_home_intel_projects_b03.TestB02CollisionFix" name="test_rich_room_create" time="0.572" /><testcase classname="backend.tests.test_home_intel_projects_b03.TestB02CollisionFix" name="test_map_and_profile_still_work" time="0.117" /><testcase classname="backend.tests.test_home_intel_projects_b03.TestB02CollisionFix" name="test_asset_by_room_name_links" time="0.051" /><testcase classname="backend.tests.test_home_intel_projects_b03.TestB03ProjectFlow" name="test_start_categorizes_project" time="2.386" /><testcase classname="backend.tests.test_home_intel_projects_b03.TestB03ProjectFlow" name="test_discovery_saves" time="0.058" /><testcase classname="backend.tests.test_home_intel_projects_b03.TestB03ProjectFlow" name="test_plan_generates_phases_steps_materials" time="14.505" /><testcase classname="backend.tests.test_home_intel_projects_b03.TestB03ProjectFlow" name="test_get_project_detail" time="0.059" /><testcase classname="backend.tests.test_home_intel_projects_b03.TestB03ProjectFlow" name="test_materials_grouped" time="0.055" /><testcase classname="backend.tests.test_home_intel_projects_b03.TestB03ProjectFlow" name="test_update_material_status" time="0.104" /><testcase classname="backend.tests.test_home_intel_projects_b03.TestB03ProjectFlow" name="test_complete_step_advances_progress" time="0.061" /><testcase classname="backend.tests.test_home_intel_projects_b03.TestB03ProjectFlow" name="test_pause_and_resume" time="0.105" /><testcase classname="backend.tests.test_home_intel_projects_b03.TestB03ProjectFlow" name="test_ask_homie_returns_answer" time="0.874" /><testcase classname="backend.tests.test_home_intel_projects_b03.TestB03ProjectFlow" name="test_outcome_completed" time="0.105" /><testcase classname="backend.tests.test_home_intel_projects_b03.TestB03Emergency" name="test_emergency_goal_returns_409_on_plan" time="1.402" /><testcase classname="backend.tests.test_home_intel_projects_b03.TestB03List" name="test_list_projects" time="0.051" /></testsuite></testsuites>