<?xml version="1.0" encoding="utf-8"?><testsuites name="pytest tests"><testsuite name="pytest" errors="0" failures="0" skipped="0" tests="21" time="8.679" timestamp="2026-08-07T23:33:25.135829+00:00" hostname="agent-env-c0d5ec17-e2cc-4cfc-a19c-df06672ba55e"><testcase classname="backend.tests.test_home_intel_blueprints.TestB01Assets" name="test_create_and_list_asset" time="0.506" /><testcase classname="backend.tests.test_home_intel_blueprints.TestB01Assets" name="test_get_asset_detail" time="0.058" /><testcase classname="backend.tests.test_home_intel_blueprints.TestB01Assets" name="test_update_asset" time="0.051" /><testcase classname="backend.tests.test_home_intel_blueprints.TestB01Documents" name="test_upload_document_sets_status" time="0.970" /><testcase classname="backend.tests.test_home_intel_blueprints.TestB01Issues" name="test_emergency_issue" time="0.052" /><testcase classname="backend.tests.test_home_intel_blueprints.TestB01Issues" name="test_guidance_on_emergency_is_409" time="0.057" /><testcase classname="backend.tests.test_home_intel_blueprints.TestB01Issues" name="test_normal_issue_creates_low_or_medium" time="0.805" /><testcase classname="backend.tests.test_home_intel_blueprints.TestB01Issues" name="test_guidance_generates_card" time="3.405" /><testcase classname="backend.tests.test_home_intel_blueprints.TestB01Issues" name="test_outcome_records_and_updates_status" time="0.058" /><testcase classname="backend.tests.test_home_intel_blueprints.TestB01Issues" name="test_job_summary" time="0.059" /><testcase classname="backend.tests.test_home_intel_blueprints.TestB01Issues" name="test_dashboard" time="0.055" /><testcase classname="backend.tests.test_home_intel_blueprints.TestB02Floors" name="test_list_floors_creates_main_floor" time="0.057" /><testcase classname="backend.tests.test_home_intel_blueprints.TestB02Floors" name="test_create_extra_floor" time="0.052" /><testcase classname="backend.tests.test_home_intel_blueprints.TestB02Rooms" name="test_classify_never_confirmed" time="0.920" /><testcase classname="backend.tests.test_home_intel_blueprints.TestB02Rooms" name="test_create_room_has_persistent_id" time="0.116" /><testcase classname="backend.tests.test_home_intel_blueprints.TestB02Rooms" name="test_map" time="0.057" /><testcase classname="backend.tests.test_home_intel_blueprints.TestB02Rooms" name="test_connection_is_bidirectional" time="0.173" /><testcase classname="backend.tests.test_home_intel_blueprints.TestB02Rooms" name="test_asset_and_issue_link_to_room" time="0.884" /><testcase classname="backend.tests.test_home_intel_blueprints.TestB02Rooms" name="test_rename_preserves_history" time="0.063" /><testcase classname="backend.tests.test_home_intel_blueprints.TestB02Rooms" name="test_type_change_sets_changed_use" time="0.053" /><testcase classname="backend.tests.test_home_intel_blueprints.TestB02Rooms" name="test_delete_archives" time="0.155" /></testsuite></testsuites>