<?xml version="1.0" encoding="utf-8"?><testsuites name="pytest tests"><testsuite name="pytest" errors="0" failures="1" skipped="0" tests="4" time="118.749" timestamp="2026-06-22T17:12:01.005903+00:00" hostname="agent-env-c0d5ec17-e2cc-4cfc-a19c-df06672ba55e"><testcase classname="backend.tests.test_home_memory" name="test_first_project_first_intake_no_memory" time="5.389" /><testcase classname="backend.tests.test_home_memory" name="test_public_user_excludes_home_memory" time="25.876" /><testcase classname="backend.tests.test_home_memory" name="test_memory_accumulates_recalls_and_isolates_by_room" time="58.331"><failure message="AssertionError: Kitchen project must NOT surface bathroom memory: {'questions': [{'key': 'model', 'question': 'What brand and model of kitchen faucet are you planning to install?', 'placeholder': 'e.g., Delta Leland 21967LF', 'examples': ['Kohler Simplice Pull Down', 'Moen Arbor 7594SRS']}, {'key': 'sinkMaterial', 'question': 'What type of material is your kitchen sink made of?', 'placeholder': 'e.g., stainless steel, porcelain, composite', 'examples': ['Stainless steel', 'Fireclay']}, {'key': 'waterSupplyLines', 'question': &quot;Do you already have water supply lines that match the new faucet's requirements?&quot;, 'placeholder': 'e.g., yes, 3/8 inch compression', 'examples': ['Yes, 1/2 inch PEX', 'No, need new lines']}, {'key': 'space', 'question': &quot;Is there enough space under the sink for the new faucet's installation?&quot;, 'placeholder': 'e.g., limited space or ample space', 'examples': ['Limited space behind the sink', 'Ample space for installation']}], 'remembers': True}&#10;assert True is False&#10; +  where True = &lt;built-in method get of dict object at 0xfa47362f6740&gt;('remembers')&#10; +    where &lt;built-in method get of dict object at 0xfa47362f6740&gt; = {'questions': [{'key': 'model', 'question': 'What brand and model of kitchen faucet are you planning to install?', 'placeholder': 'e.g., Delta Leland 21967LF', 'examples': ['Kohler Simplice Pull Down', 'Moen Arbor 7594SRS']}, {'key': 'sinkMaterial', 'question': 'What type of material is your kitchen sink made of?', 'placeholder': 'e.g., stainless steel, porcelain, composite', 'examples': ['Stainless steel', 'Fireclay']}, {'key': 'waterSupplyLines', 'question': &quot;Do you already have water supply lines that match the new faucet's requirements?&quot;, 'placeholder': 'e.g., yes, 3/8 inch compression', 'examples': ['Yes, 1/2 inch PEX', 'No, need new lines']}, {'key': 'space', 'question': &quot;Is there enough space under the sink for the new faucet's installation?&quot;, 'placeholder': 'e.g., limited space or ample space', 'examples': ['Limited space behind the sink', 'Ample space for installation']}], 'remembers': True}.get">backend/tests/test_home_memory.py:162: in test_memory_accumulates_recalls_and_isolates_by_room
    assert intake3.get("remembers") is False, (
E   AssertionError: Kitchen project must NOT surface bathroom memory: {'questions': [{'key': 'model', 'question': 'What brand and model of kitchen faucet are you planning to install?', 'placeholder': 'e.g., Delta Leland 21967LF', 'examples': ['Kohler Simplice Pull Down', 'Moen Arbor 7594SRS']}, {'key': 'sinkMaterial', 'question': 'What type of material is your kitchen sink made of?', 'placeholder': 'e.g., stainless steel, porcelain, composite', 'examples': ['Stainless steel', 'Fireclay']}, {'key': 'waterSupplyLines', 'question': "Do you already have water supply lines that match the new faucet's requirements?", 'placeholder': 'e.g., yes, 3/8 inch compression', 'examples': ['Yes, 1/2 inch PEX', 'No, need new lines']}, {'key': 'space', 'question': "Is there enough space under the sink for the new faucet's installation?", 'placeholder': 'e.g., limited space or ample space', 'examples': ['Limited space behind the sink', 'Ample space for installation']}], 'remembers': True}
E   assert True is False
E    +  where True = &lt;built-in method get of dict object at 0xfa47362f6740&gt;('remembers')
E    +    where &lt;built-in method get of dict object at 0xfa47362f6740&gt; = {'questions': [{'key': 'model', 'question': 'What brand and model of kitchen faucet are you planning to install?', 'placeholder': 'e.g., Delta Leland 21967LF', 'examples': ['Kohler Simplice Pull Down', 'Moen Arbor 7594SRS']}, {'key': 'sinkMaterial', 'question': 'What type of material is your kitchen sink made of?', 'placeholder': 'e.g., stainless steel, porcelain, composite', 'examples': ['Stainless steel', 'Fireclay']}, {'key': 'waterSupplyLines', 'question': "Do you already have water supply lines that match the new faucet's requirements?", 'placeholder': 'e.g., yes, 3/8 inch compression', 'examples': ['Yes, 1/2 inch PEX', 'No, need new lines']}, {'key': 'space', 'question': "Is there enough space under the sink for the new faucet's installation?", 'placeholder': 'e.g., limited space or ample space', 'examples': ['Limited space behind the sink', 'Ample space for installation']}], 'remembers': True}.get</failure></testcase><testcase classname="backend.tests.test_home_memory" name="test_regression_all_endpoints_still_200" time="29.053" /></testsuite></testsuites>