<?xml version="1.0" encoding="utf-8"?><testsuites name="pytest tests"><testsuite name="pytest" errors="0" failures="0" skipped="1" tests="18" time="4.646" timestamp="2026-08-07T23:50:17.527473+00:00" hostname="agent-env-c0d5ec17-e2cc-4cfc-a19c-df06672ba55e"><testcase classname="backend.tests.test_home_intel_documents_b06.TestB06Upload" name="test_upload_non_image_no_extraction" time="0.503" /><testcase classname="backend.tests.test_home_intel_documents_b06.TestB06Upload" name="test_upload_image_extraction_path" time="2.288" /><testcase classname="backend.tests.test_home_intel_documents_b06.TestB06Upload" name="test_upload_requires_file" time="0.049" /><testcase classname="backend.tests.test_home_intel_documents_b06.TestB06List" name="test_list_returns_counts_and_flags" time="0.047" /><testcase classname="backend.tests.test_home_intel_documents_b06.TestB06List" name="test_list_category_filter" time="0.046" /><testcase classname="backend.tests.test_home_intel_documents_b06.TestB06Detail" name="test_detail_shape" time="0.048" /><testcase classname="backend.tests.test_home_intel_documents_b06.TestB06Detail" name="test_edit_updates_fields" time="0.100" /><testcase classname="backend.tests.test_home_intel_documents_b06.TestB06Detail" name="test_detail_404_for_unknown" time="0.047" /><testcase classname="backend.tests.test_home_intel_documents_b06.TestB06Link" name="test_link_to_asset" time="0.179" /><testcase classname="backend.tests.test_home_intel_documents_b06.TestB06Link" name="test_link_invalid_type_rejected" time="0.057" /><testcase classname="backend.tests.test_home_intel_documents_b06.TestB06ExtractionReview" name="test_review_queue_returns_shape" time="0.054" /><testcase classname="backend.tests.test_home_intel_documents_b06.TestB06ExtractionReview" name="test_confirm_reject_extraction_when_present" time="0.050"><skipped type="pytest.skip" message="No extractions produced by vision on tiny PNG; confirm/reject exercised only when present.">/app/backend/tests/test_home_intel_documents_b06.py:231: No extractions produced by vision on tiny PNG; confirm/reject exercised only when present.</skipped></testcase><testcase classname="backend.tests.test_home_intel_documents_b06.TestB06Search" name="test_search_by_title" time="0.169" /><testcase classname="backend.tests.test_home_intel_documents_b06.TestB06Search" name="test_search_by_category_word_maps_to_filter" time="0.049" /><testcase classname="backend.tests.test_home_intel_documents_b06.TestB06Search" name="test_search_empty_query_returns_empty" time="0.049" /><testcase classname="backend.tests.test_home_intel_documents_b06.TestB06Ask" name="test_ask_returns_answer_string" time="0.616" /><testcase classname="backend.tests.test_home_intel_documents_b06.TestB06Ask" name="test_ask_empty_question_400" time="0.049" /><testcase classname="backend.tests.test_home_intel_documents_b06.TestB06Delete" name="test_delete_document_cleans_extractions_and_rels" time="0.148" /></testsuite></testsuites>