<?xml version="1.0" encoding="utf-8"?><testsuites name="pytest tests"><testsuite name="pytest" errors="0" failures="6" skipped="0" tests="21" time="9.427" timestamp="2026-08-07T23:17:02.244205+00:00" hostname="agent-env-c0d5ec17-e2cc-4cfc-a19c-df06672ba55e"><testcase classname="backend.tests.test_home_intel_blueprints.TestB01Assets" name="test_create_and_list_asset" time="0.710" /><testcase classname="backend.tests.test_home_intel_blueprints.TestB01Assets" name="test_get_asset_detail" time="0.076" /><testcase classname="backend.tests.test_home_intel_blueprints.TestB01Assets" name="test_update_asset" time="0.056" /><testcase classname="backend.tests.test_home_intel_blueprints.TestB01Documents" name="test_upload_document_sets_status" time="2.398" /><testcase classname="backend.tests.test_home_intel_blueprints.TestB01Issues" name="test_emergency_issue" time="0.056" /><testcase classname="backend.tests.test_home_intel_blueprints.TestB01Issues" name="test_guidance_on_emergency_is_409" time="0.059" /><testcase classname="backend.tests.test_home_intel_blueprints.TestB01Issues" name="test_normal_issue_creates_low_or_medium" time="1.045" /><testcase classname="backend.tests.test_home_intel_blueprints.TestB01Issues" name="test_guidance_generates_card" time="3.236" /><testcase classname="backend.tests.test_home_intel_blueprints.TestB01Issues" name="test_outcome_records_and_updates_status" time="0.063" /><testcase classname="backend.tests.test_home_intel_blueprints.TestB01Issues" name="test_job_summary" time="0.074" /><testcase classname="backend.tests.test_home_intel_blueprints.TestB01Issues" name="test_dashboard" time="0.060" /><testcase classname="backend.tests.test_home_intel_blueprints.TestB02Floors" name="test_list_floors_creates_main_floor" time="0.058" /><testcase classname="backend.tests.test_home_intel_blueprints.TestB02Floors" name="test_create_extra_floor" time="0.063" /><testcase classname="backend.tests.test_home_intel_blueprints.TestB02Rooms" name="test_classify_never_confirmed" time="1.042" /><testcase classname="backend.tests.test_home_intel_blueprints.TestB02Rooms" name="test_create_room_has_persistent_id" time="0.057"><failure message="KeyError: 'persistent_room_id'">backend/tests/test_home_intel_blueprints.py:241: in test_create_room_has_persistent_id
    assert d["persistent_room_id"] == d["id"]
           ^^^^^^^^^^^^^^^^^^^^^^^
E   KeyError: 'persistent_room_id'</failure></testcase><testcase classname="backend.tests.test_home_intel_blueprints.TestB02Rooms" name="test_map" time="0.066"><failure message="assert 1 &gt;= 2">backend/tests/test_home_intel_blueprints.py:257: in test_map
    assert m["room_count"] &gt;= 2
E   assert 1 &gt;= 2</failure></testcase><testcase classname="backend.tests.test_home_intel_blueprints.TestB02Rooms" name="test_connection_is_bidirectional" time="0.000"><failure message="AttributeError: module 'pytest' has no attribute 'room_id'">backend/tests/test_home_intel_blueprints.py:262: in test_connection_is_bidirectional
    json={"room_id": pytest.room_id,
                     ^^^^^^^^^^^^^^
E   AttributeError: module 'pytest' has no attribute 'room_id'</failure></testcase><testcase classname="backend.tests.test_home_intel_blueprints.TestB02Rooms" name="test_asset_and_issue_link_to_room" time="0.000"><failure message="AttributeError: module 'pytest' has no attribute 'room_id'">backend/tests/test_home_intel_blueprints.py:278: in test_asset_and_issue_link_to_room
    "room_id": pytest.room_id}, timeout=30)
               ^^^^^^^^^^^^^^
E   AttributeError: module 'pytest' has no attribute 'room_id'</failure></testcase><testcase classname="backend.tests.test_home_intel_blueprints.TestB02Rooms" name="test_rename_preserves_history" time="0.000"><failure message="AttributeError: module 'pytest' has no attribute 'room_id'">backend/tests/test_home_intel_blueprints.py:294: in test_rename_preserves_history
    r = api.put(f"{BASE_URL}/api/hi/rooms/{pytest.room_id}", headers=h,
                                           ^^^^^^^^^^^^^^
E   AttributeError: module 'pytest' has no attribute 'room_id'</failure></testcase><testcase classname="backend.tests.test_home_intel_blueprints.TestB02Rooms" name="test_type_change_sets_changed_use" time="0.000"><failure message="AttributeError: module 'pytest' has no attribute 'room_id_2'">backend/tests/test_home_intel_blueprints.py:300: in test_type_change_sets_changed_use
    r = api.put(f"{BASE_URL}/api/hi/rooms/{pytest.room_id_2}", headers=h,
                                           ^^^^^^^^^^^^^^^^
E   AttributeError: module 'pytest' has no attribute 'room_id_2'</failure></testcase><testcase classname="backend.tests.test_home_intel_blueprints.TestB02Rooms" name="test_delete_archives" time="0.166" /></testsuite></testsuites>