<?xml version="1.0" encoding="utf-8"?><testsuites name="pytest tests"><testsuite name="pytest" errors="0" failures="0" skipped="0" tests="6" time="29.819" timestamp="2026-06-22T14:32:36.555471+00:00" hostname="agent-env-c0d5ec17-e2cc-4cfc-a19c-df06672ba55e"><testcase classname="backend.tests.test_i18n_and_ticket.TestProfileLanguage" name="test_register_then_set_spanish_persists" time="0.622" /><testcase classname="backend.tests.test_i18n_and_ticket.TestProfileLanguage" name="test_switch_back_to_english_persists" time="0.475" /><testcase classname="backend.tests.test_i18n_and_ticket.TestSupportTicket" name="test_submit_ticket_returns_id" time="0.421" /><testcase classname="backend.tests.test_i18n_and_ticket.TestSupportTicket" name="test_ticket_requires_auth" time="0.114" /><testcase classname="backend.tests.test_i18n_and_ticket.TestGuideLanguage" name="test_guide_in_spanish" time="13.901" /><testcase classname="backend.tests.test_i18n_and_ticket.TestGuideLanguage" name="test_guide_in_english_default" time="14.216" /></testsuite></testsuites>