<?xml version="1.0" encoding="utf-8"?><testsuites name="pytest tests"><testsuite name="pytest" errors="0" failures="0" skipped="0" tests="16" time="6.635" timestamp="2026-08-08T17:03:47.729696+00:00" hostname="agent-env-c0d5ec17-e2cc-4cfc-a19c-df06672ba55e"><testcase classname="backend.tests.test_integration_gateway_b18.TestDashboard" name="test_dashboard_returns_summary_and_11_connectors" time="0.702" /><testcase classname="backend.tests.test_integration_gateway_b18.TestAuth" name="test_dashboard_401_without_token" time="0.141" /><testcase classname="backend.tests.test_integration_gateway_b18.TestAuth" name="test_dashboard_403_for_normal_user" time="0.462" /><testcase classname="backend.tests.test_integration_gateway_b18.TestConnectorDetail" name="test_stripe_credentials_are_sanitized" time="0.334" /><testcase classname="backend.tests.test_integration_gateway_b18.TestConnectorDetail" name="test_all_connectors_credentials_sanitized" time="1.211" /><testcase classname="backend.tests.test_integration_gateway_b18.TestConnectionAndWorkflow" name="test_health_check_endpoint" time="0.300" /><testcase classname="backend.tests.test_integration_gateway_b18.TestConnectionAndWorkflow" name="test_workflow_configured_connector_succeeds" time="0.105" /><testcase classname="backend.tests.test_integration_gateway_b18.TestConnectionAndWorkflow" name="test_workflow_dormant_pipedream_fails" time="0.593" /><testcase classname="backend.tests.test_integration_gateway_b18.TestEnableDisableRotate" name="test_disable_then_enable" time="0.329" /><testcase classname="backend.tests.test_integration_gateway_b18.TestEnableDisableRotate" name="test_rotate_never_accepts_secret" time="0.239" /><testcase classname="backend.tests.test_integration_gateway_b18.TestBrowserBroker" name="test_create_and_approve_session" time="0.231" /><testcase classname="backend.tests.test_integration_gateway_b18.TestFeeds" name="test_health_feed" time="0.106" /><testcase classname="backend.tests.test_integration_gateway_b18.TestFeeds" name="test_webhook_feed" time="0.107" /><testcase classname="backend.tests.test_integration_gateway_b18.TestStripeWebhook" name="test_missing_signature_rejected_400" time="0.116" /><testcase classname="backend.tests.test_integration_gateway_b18.TestStripeWebhook" name="test_duplicate_webhook_deduped" time="0.238" /><testcase classname="backend.tests.test_integration_gateway_b18.TestNoSecretsLeak" name="test_no_secret_in_dashboard_or_details" time="1.324" /></testsuite></testsuites>