<?xml version="1.0" encoding="utf-8"?><testsuites name="pytest tests"><testsuite name="pytest" errors="0" failures="0" skipped="0" tests="14" time="16.278" timestamp="2026-07-05T20:16:01.552962+00:00" hostname="agent-env-c0d5ec17-e2cc-4cfc-a19c-df06672ba55e"><testcase classname="backend.tests.test_investor_sheet68.TestKpis" name="test_kpis_ok" time="0.628" /><testcase classname="backend.tests.test_investor_sheet68.TestKpis" name="test_kpis_forbidden_for_non_admin" time="0.463" /><testcase classname="backend.tests.test_investor_sheet68.TestKpis" name="test_kpis_no_auth" time="0.102" /><testcase classname="backend.tests.test_investor_sheet68.TestReports" name="test_list_empty_or_ok" time="0.144" /><testcase classname="backend.tests.test_investor_sheet68.TestReports" name="test_generate_report_persists" time="11.562" /><testcase classname="backend.tests.test_investor_sheet68.TestReports" name="test_get_report_returns_full" time="0.121" /><testcase classname="backend.tests.test_investor_sheet68.TestReports" name="test_list_contains_created" time="0.097" /><testcase classname="backend.tests.test_investor_sheet68.TestReports" name="test_get_report_404" time="0.096" /><testcase classname="backend.tests.test_investor_sheet68.TestReports" name="test_reports_forbidden_for_non_admin" time="0.243" /><testcase classname="backend.tests.test_investor_sheet68.TestReports" name="test_delete_report_ok" time="0.243" /><testcase classname="backend.tests.test_investor_sheet68.TestReports" name="test_delete_unknown_404" time="0.101" /><testcase classname="backend.tests.test_investor_sheet68.TestAsk" name="test_ask_ok" time="1.861" /><testcase classname="backend.tests.test_investor_sheet68.TestAsk" name="test_ask_empty_400" time="0.382" /><testcase classname="backend.tests.test_investor_sheet68.TestAsk" name="test_ask_forbidden_for_non_admin" time="0.143" /></testsuite></testsuites>