<?xml version="1.0" encoding="utf-8"?><testsuites name="pytest tests"><testsuite name="pytest" errors="0" failures="0" skipped="0" tests="23" time="7.945" timestamp="2026-08-08T01:14:18.591114+00:00" hostname="agent-env-c0d5ec17-e2cc-4cfc-a19c-df06672ba55e"><testcase classname="backend.tests.test_inventory_b07.TestAuthGating" name="test_list_requires_auth" time="0.168" /><testcase classname="backend.tests.test_inventory_b07.TestAuthGating" name="test_add_requires_auth" time="0.142" /><testcase classname="backend.tests.test_inventory_b07.TestAuthGating" name="test_locations_requires_auth" time="0.094" /><testcase classname="backend.tests.test_inventory_b07.TestAuthGating" name="test_detail_requires_auth" time="0.143" /><testcase classname="backend.tests.test_inventory_b07.TestAuthGating" name="test_update_requires_auth" time="0.107" /><testcase classname="backend.tests.test_inventory_b07.TestAuthGating" name="test_delete_requires_auth" time="0.096" /><testcase classname="backend.tests.test_inventory_b07.TestAuthGating" name="test_identify_requires_auth" time="0.111" /><testcase classname="backend.tests.test_inventory_b07.TestAuthGating" name="test_match_requires_auth" time="0.108" /><testcase classname="backend.tests.test_inventory_b07.TestAuthGating" name="test_apply_requires_auth" time="0.153" /><testcase classname="backend.tests.test_inventory_b07.TestInventoryCRUD" name="test_add_item_requires_name" time="0.491" /><testcase classname="backend.tests.test_inventory_b07.TestInventoryCRUD" name="test_add_item_success" time="0.134" /><testcase classname="backend.tests.test_inventory_b07.TestInventoryCRUD" name="test_list_and_filter" time="0.501" /><testcase classname="backend.tests.test_inventory_b07.TestInventoryCRUD" name="test_locations_distinct" time="0.104" /><testcase classname="backend.tests.test_inventory_b07.TestInventoryCRUD" name="test_detail" time="0.101" /><testcase classname="backend.tests.test_inventory_b07.TestInventoryCRUD" name="test_detail_not_found" time="0.096" /><testcase classname="backend.tests.test_inventory_b07.TestInventoryCRUD" name="test_update" time="0.203" /><testcase classname="backend.tests.test_inventory_b07.TestInventoryCRUD" name="test_archive_removes_from_list" time="0.230" /><testcase classname="backend.tests.test_inventory_b07.TestIdentify" name="test_identify_empty_400" time="0.095" /><testcase classname="backend.tests.test_inventory_b07.TestIdentify" name="test_identify_tiny_image_no_500" time="2.553" /><testcase classname="backend.tests.test_inventory_b07.TestMatch" name="test_match_demo_project" time="0.131" /><testcase classname="backend.tests.test_inventory_b07.TestMatch" name="test_match_project_not_found" time="0.120" /><testcase classname="backend.tests.test_inventory_b07.TestMatch" name="test_apply_match_updates_project_materials" time="0.221" /><testcase classname="backend.tests.test_inventory_b07.TestTemplatesInHomie" name="test_chat_reply_reflects_ladder_template" time="1.744" /></testsuite></testsuites>