<?xml version="1.0" encoding="utf-8"?><testsuites name="pytest tests"><testsuite name="pytest" errors="0" failures="0" skipped="0" tests="14" time="12.744" timestamp="2026-07-05T20:29:20.070525+00:00" hostname="agent-env-c0d5ec17-e2cc-4cfc-a19c-df06672ba55e"><testcase classname="backend.tests.test_investor_sheet68.TestKpis" name="test_kpis_ok" time="0.691" /><testcase classname="backend.tests.test_investor_sheet68.TestKpis" name="test_kpis_forbidden_for_non_admin" time="0.471" /><testcase classname="backend.tests.test_investor_sheet68.TestKpis" name="test_kpis_no_auth" time="0.144" /><testcase classname="backend.tests.test_investor_sheet68.TestReports" name="test_list_empty_or_ok" time="0.138" /><testcase classname="backend.tests.test_investor_sheet68.TestReports" name="test_generate_report_persists" time="8.320" /><testcase classname="backend.tests.test_investor_sheet68.TestReports" name="test_get_report_returns_full" time="0.192" /><testcase classname="backend.tests.test_investor_sheet68.TestReports" name="test_list_contains_created" time="0.108" /><testcase classname="backend.tests.test_investor_sheet68.TestReports" name="test_get_report_404" time="0.104" /><testcase classname="backend.tests.test_investor_sheet68.TestReports" name="test_reports_forbidden_for_non_admin" time="0.285" /><testcase classname="backend.tests.test_investor_sheet68.TestReports" name="test_delete_report_ok" time="0.248" /><testcase classname="backend.tests.test_investor_sheet68.TestReports" name="test_delete_unknown_404" time="0.174" /><testcase classname="backend.tests.test_investor_sheet68.TestAsk" name="test_ask_ok" time="1.597" /><testcase classname="backend.tests.test_investor_sheet68.TestAsk" name="test_ask_empty_400" time="0.098" /><testcase classname="backend.tests.test_investor_sheet68.TestAsk" name="test_ask_forbidden_for_non_admin" time="0.110" /></testsuite></testsuites>