<?xml version="1.0" encoding="utf-8"?><testsuites name="pytest tests"><testsuite name="pytest" errors="0" failures="0" skipped="0" tests="14" time="3.319" timestamp="2026-07-05T11:59:26.381416+00:00" hostname="agent-env-c0d5ec17-e2cc-4cfc-a19c-df06672ba55e"><testcase classname="backend.tests.test_kits_sheet52.TestKitsPublic" name="test_list_kits_seeded" time="0.468" /><testcase classname="backend.tests.test_kits_sheet52.TestKitsPublic" name="test_kits_meta" time="0.101" /><testcase classname="backend.tests.test_kits_sheet52.TestKitsPublic" name="test_kit_detail_and_build" time="0.185" /><testcase classname="backend.tests.test_kits_sheet52.TestKitsPublic" name="test_build_with_optional_increases_subtotal" time="0.282" /><testcase classname="backend.tests.test_kits_sheet52.TestKitsPublic" name="test_kit_detail_404" time="0.098" /><testcase classname="backend.tests.test_kits_sheet52.TestKitLifecycle" name="test_start_creates_project_with_steps_and_guide" time="0.376" /><testcase classname="backend.tests.test_kits_sheet52.TestKitLifecycle" name="test_orders_mine_includes_new" time="0.110" /><testcase classname="backend.tests.test_kits_sheet52.TestKitLifecycle" name="test_arrived" time="0.098" /><testcase classname="backend.tests.test_kits_sheet52.TestKitLifecycle" name="test_leftover_creates_listings" time="0.092" /><testcase classname="backend.tests.test_kits_sheet52.TestKitLifecycle" name="test_arrived_404_for_bogus_order" time="0.093" /><testcase classname="backend.tests.test_kits_sheet52.TestAdminKits" name="test_admin_list" time="0.421" /><testcase classname="backend.tests.test_kits_sheet52.TestAdminKits" name="test_admin_analytics" time="0.096" /><testcase classname="backend.tests.test_kits_sheet52.TestAdminKits" name="test_admin_endpoints_require_admin" time="0.230" /><testcase classname="backend.tests.test_kits_sheet52.TestAdminKits" name="test_admin_create_toggle_delete" time="0.585" /></testsuite></testsuites>