<?xml version="1.0" encoding="utf-8"?><testsuites name="pytest tests"><testsuite name="pytest" errors="0" failures="0" skipped="0" tests="12" time="4.401" timestamp="2026-08-08T17:32:21.839255+00:00" hostname="agent-env-c0d5ec17-e2cc-4cfc-a19c-df06672ba55e"><testcase classname="backend.tests.test_knowledge_graph_b20.TestRetrieval" name="test_retrieve_paint_returns_seeded_global_with_citations" time="0.705" /><testcase classname="backend.tests.test_knowledge_graph_b20.TestRetrieval" name="test_retrieve_requires_auth" time="0.099" /><testcase classname="backend.tests.test_knowledge_graph_b20.TestRetrieval" name="test_get_entity_returns_relationships_and_source" time="0.288" /><testcase classname="backend.tests.test_knowledge_graph_b20.TestContributePrivacy" name="test_private_contribution_not_global" time="0.211" /><testcase classname="backend.tests.test_knowledge_graph_b20.TestContributePrivacy" name="test_private_entity_isolated_from_other_user" time="0.998" /><testcase classname="backend.tests.test_knowledge_graph_b20.TestContributePrivacy" name="test_share_public_goes_to_review_not_global" time="0.219" /><testcase classname="backend.tests.test_knowledge_graph_b20.TestAdmin" name="test_admin_auth_guards" time="0.236" /><testcase classname="backend.tests.test_knowledge_graph_b20.TestAdmin" name="test_dashboard_counts" time="0.139" /><testcase classname="backend.tests.test_knowledge_graph_b20.TestAdmin" name="test_review_queue_and_publish_flow" time="0.783" /><testcase classname="backend.tests.test_knowledge_graph_b20.TestAdmin" name="test_reject_sends_back_to_private" time="0.214" /><testcase classname="backend.tests.test_knowledge_graph_b20.TestAdmin" name="test_archive_action" time="0.214" /><testcase classname="backend.tests.test_knowledge_graph_b20.TestAdmin" name="test_create_source" time="0.203" /></testsuite></testsuites>