<?xml version="1.0" encoding="utf-8"?><testsuites name="pytest tests"><testsuite name="pytest" errors="0" failures="0" skipped="0" tests="15" time="5.846" timestamp="2026-07-04T22:05:26.492049+00:00" hostname="agent-env-c0d5ec17-e2cc-4cfc-a19c-df06672ba55e"><testcase classname="tests.test_knowledge_pro_referral.TestKnowledgeSearch" name="test_search_leaky_faucet_returns_grouped_results" time="2.779" /><testcase classname="tests.test_knowledge_pro_referral.TestKnowledgeSearch" name="test_search_returns_ai_related_terms" time="1.079" /><testcase classname="tests.test_knowledge_pro_referral.TestKnowledgeSearch" name="test_search_short_query_returns_empty" time="0.049" /><testcase classname="tests.test_knowledge_pro_referral.TestKnowledgeSearch" name="test_search_nonsense_returns_zero_results" time="0.936" /><testcase classname="tests.test_knowledge_pro_referral.TestKnowledgeSearch" name="test_search_expand_false_skips_llm" time="0.049" /><testcase classname="tests.test_knowledge_pro_referral.TestKnowledgeSearch" name="test_search_requires_auth" time="0.048" /><testcase classname="tests.test_knowledge_pro_referral.TestProReferralTrades" name="test_trades_list_public" time="0.050" /><testcase classname="tests.test_knowledge_pro_referral.TestProReferralCreate" name="test_create_lead_persists" time="0.050" /><testcase classname="tests.test_knowledge_pro_referral.TestProReferralCreate" name="test_create_lead_verify_via_me" time="0.047" /><testcase classname="tests.test_knowledge_pro_referral.TestProReferralCreate" name="test_create_lead_urgency_defaults" time="0.046" /><testcase classname="tests.test_knowledge_pro_referral.TestProReferralCreate" name="test_create_lead_requires_auth" time="0.047" /><testcase classname="tests.test_knowledge_pro_referral.TestAdminProLeads" name="test_admin_list_leads" time="0.320" /><testcase classname="tests.test_knowledge_pro_referral.TestAdminProLeads" name="test_admin_gating" time="0.047" /><testcase classname="tests.test_knowledge_pro_referral.TestAdminProLeads" name="test_admin_patch_lead_status" time="0.141" /><testcase classname="tests.test_knowledge_pro_referral.TestAdminProLeads" name="test_admin_patch_invalid_status" time="0.095" /></testsuite></testsuites>