<?xml version="1.0" encoding="utf-8"?><testsuites name="pytest tests"><testsuite name="pytest" errors="0" failures="0" skipped="0" tests="15" time="3.647" timestamp="2026-07-05T02:59:17.856584+00:00" hostname="agent-env-c0d5ec17-e2cc-4cfc-a19c-df06672ba55e"><testcase classname="tests.test_loyalty_sheet34.TestLoyaltyMe" name="test_loyalty_me_shape_and_values" time="0.496" /><testcase classname="tests.test_loyalty_sheet34.TestLoyaltyMe" name="test_loyalty_me_credits_int" time="0.151" /><testcase classname="tests.test_loyalty_sheet34.TestLeaderboard" name="test_optout_first_then_needs_optin" time="0.285" /><testcase classname="tests.test_loyalty_sheet34.TestLeaderboard" name="test_optin_then_returns_ranked_entries" time="0.210" /><testcase classname="tests.test_loyalty_sheet34.TestCampaigns" name="test_campaigns_seeded" time="0.124" /><testcase classname="tests.test_loyalty_sheet34.TestCampaigns" name="test_join_campaign_awards_credits_and_idempotent" time="0.560" /><testcase classname="tests.test_loyalty_sheet34.TestCampaigns" name="test_join_unknown_campaign_404" time="0.112" /><testcase classname="tests.test_loyalty_sheet34.TestRedeem" name="test_redeem_insufficient_credits_402" time="0.249" /><testcase classname="tests.test_loyalty_sheet34.TestRedeem" name="test_redeem_unknown_reward_404" time="0.103" /><testcase classname="tests.test_loyalty_sheet34.TestAdminLoyalty" name="test_admin_list_campaigns" time="0.424" /><testcase classname="tests.test_loyalty_sheet34.TestAdminLoyalty" name="test_admin_create_and_toggle_campaign" time="0.323" /><testcase classname="tests.test_loyalty_sheet34.TestAdminLoyalty" name="test_admin_toggle_unknown_404" time="0.113" /><testcase classname="tests.test_loyalty_sheet34.TestAdminLoyalty" name="test_admin_ledger_totals" time="0.107" /><testcase classname="tests.test_loyalty_sheet34.TestSupplierStripeRegression" name="test_create_supplier_with_stripe_persists_can_pay_online" time="0.206" /><testcase classname="tests.test_loyalty_sheet34.TestSupplierStripeRegression" name="test_create_supplier_without_stripe_can_pay_false" time="0.093" /></testsuite></testsuites>