<?xml version="1.0" encoding="utf-8"?><testsuites name="pytest tests"><testsuite name="pytest" errors="0" failures="0" skipped="0" tests="16" time="6.246" timestamp="2026-06-23T01:13:12.612175+00:00" hostname="agent-env-c0d5ec17-e2cc-4cfc-a19c-df06672ba55e"><testcase classname="backend.tests.test_maintenance.TestGenerate" name="test_generate_first_run_adds_about_20_tasks" time="0.652" /><testcase classname="backend.tests.test_maintenance.TestGenerate" name="test_generate_is_idempotent" time="0.669" /><testcase classname="backend.tests.test_maintenance.TestTasksList" name="test_tasks_status_and_sort_order" time="0.540" /><testcase classname="backend.tests.test_maintenance.TestSummary" name="test_summary_shape_and_values" time="0.214" /><testcase classname="backend.tests.test_maintenance.TestCustomCRUD" name="test_create_update_delete_custom_task" time="0.983" /><testcase classname="backend.tests.test_maintenance.TestCustomCRUD" name="test_update_nonexistent_returns_404" time="0.427" /><testcase classname="backend.tests.test_maintenance.TestComplete" name="test_complete_recurring_rolls_forward_and_spent_increases" time="0.832" /><testcase classname="backend.tests.test_maintenance.TestComplete" name="test_complete_once_task_removes_it" time="0.688" /><testcase classname="backend.tests.test_maintenance.TestComplete" name="test_complete_nonexistent_returns_404" time="0.447" /><testcase classname="backend.tests.test_maintenance.TestAuthRequired" name="test_endpoints_require_auth[POST-/maintenance/generate-None]" time="0.106" /><testcase classname="backend.tests.test_maintenance.TestAuthRequired" name="test_endpoints_require_auth[GET-/maintenance/tasks-None]" time="0.093" /><testcase classname="backend.tests.test_maintenance.TestAuthRequired" name="test_endpoints_require_auth[GET-/maintenance/summary-None]" time="0.096" /><testcase classname="backend.tests.test_maintenance.TestAuthRequired" name="test_endpoints_require_auth[POST-/maintenance/tasks-body3]" time="0.100" /><testcase classname="backend.tests.test_maintenance.TestAuthRequired" name="test_endpoints_require_auth[PUT-/maintenance/tasks/abc-body4]" time="0.094" /><testcase classname="backend.tests.test_maintenance.TestAuthRequired" name="test_endpoints_require_auth[POST-/maintenance/tasks/abc/complete-None]" time="0.103" /><testcase classname="backend.tests.test_maintenance.TestAuthRequired" name="test_endpoints_require_auth[DELETE-/maintenance/tasks/abc-None]" time="0.112" /></testsuite></testsuites>