<?xml version="1.0" encoding="utf-8"?><testsuites name="pytest tests"><testsuite name="pytest" errors="0" failures="0" skipped="0" tests="14" time="2.452" timestamp="2026-07-04T22:57:29.000633+00:00" hostname="agent-env-c0d5ec17-e2cc-4cfc-a19c-df06672ba55e"><testcase classname="backend.tests.test_marketplace_pros.TestProsDirectory" name="test_list_pros_returns_seeded_six" time="0.580" /><testcase classname="backend.tests.test_marketplace_pros.TestProsDirectory" name="test_list_pros_filter_by_trade" time="0.046" /><testcase classname="backend.tests.test_marketplace_pros.TestProsDirectory" name="test_list_pros_search_q" time="0.045" /><testcase classname="backend.tests.test_marketplace_pros.TestProsDirectory" name="test_list_pros_requires_auth" time="0.092" /><testcase classname="backend.tests.test_marketplace_pros.TestProsDirectory" name="test_get_pro_by_id_and_404" time="0.135" /><testcase classname="backend.tests.test_marketplace_pros.TestProApply" name="test_apply_creates_pending_partner" time="0.570" /><testcase classname="backend.tests.test_marketplace_pros.TestProjectHandoffAndSuggestion" name="test_pro_suggestion_true_for_risky_title" time="0.090" /><testcase classname="backend.tests.test_marketplace_pros.TestProjectHandoffAndSuggestion" name="test_pro_suggestion_false_for_safe_title" time="0.087" /><testcase classname="backend.tests.test_marketplace_pros.TestProjectHandoffAndSuggestion" name="test_handoff_returns_summary" time="0.047" /><testcase classname="backend.tests.test_marketplace_pros.TestProjectHandoffAndSuggestion" name="test_handoff_404_for_unknown" time="0.127" /><testcase classname="backend.tests.test_marketplace_pros.TestProReferralWithHandoff" name="test_create_referral_with_pro_id_records_pro_name" time="0.137" /><testcase classname="backend.tests.test_marketplace_pros.TestAdminPartners" name="test_admin_list_pros" time="0.045" /><testcase classname="backend.tests.test_marketplace_pros.TestAdminPartners" name="test_admin_gated_403_for_standard_user" time="0.089" /><testcase classname="backend.tests.test_marketplace_pros.TestAdminPartners" name="test_admin_toggle_verify_and_active_then_delete" time="0.269" /></testsuite></testsuites>