<?xml version="1.0" encoding="utf-8"?><testsuites name="pytest tests"><testsuite name="pytest" errors="0" failures="0" skipped="0" tests="20" time="4.834" timestamp="2026-07-05T00:21:39.132503+00:00" hostname="agent-env-c0d5ec17-e2cc-4cfc-a19c-df06672ba55e"><testcase classname="backend.tests.test_neighborhood.TestOptInFlow" name="test_join_reflects_in_me" time="0.582" /><testcase classname="backend.tests.test_neighborhood.TestOptInFlow" name="test_join_without_location_400" time="0.385" /><testcase classname="backend.tests.test_neighborhood.TestOverview" name="test_overview_shape_for_opted_in" time="0.057" /><testcase classname="backend.tests.test_neighborhood.TestOverview" name="test_overview_shape_for_no_location_user" time="0.319" /><testcase classname="backend.tests.test_neighborhood.TestPostsCRUD" name="test_create_and_filter_by_kind" time="0.695" /><testcase classname="backend.tests.test_neighborhood.TestPostsCRUD" name="test_invalid_kind_400" time="0.049" /><testcase classname="backend.tests.test_neighborhood.TestPostsCRUD" name="test_empty_title_400" time="0.047" /><testcase classname="backend.tests.test_neighborhood.TestOfferFlow" name="test_author_cannot_offer_on_own_post" time="0.096" /><testcase classname="backend.tests.test_neighborhood.TestOfferFlow" name="test_neighbor_can_offer" time="0.424" /><testcase classname="backend.tests.test_neighborhood.TestOfferFlow" name="test_duplicate_offer_400" time="0.178" /><testcase classname="backend.tests.test_neighborhood.TestOfferFlow" name="test_author_sees_offer_count_and_offers" time="0.050" /><testcase classname="backend.tests.test_neighborhood.TestOfferFlow" name="test_non_author_never_sees_emails_before_reveal" time="0.419" /><testcase classname="backend.tests.test_neighborhood.TestContactReveal" name="test_non_author_reveal_403" time="0.099" /><testcase classname="backend.tests.test_neighborhood.TestContactReveal" name="test_author_reveal_shares_email_only_to_two_parties" time="0.244" /><testcase classname="backend.tests.test_neighborhood.TestResolve" name="test_non_author_resolve_403" time="0.053" /><testcase classname="backend.tests.test_neighborhood.TestResolve" name="test_author_resolve_ok" time="0.097" /><testcase classname="backend.tests.test_neighborhood.TestFlag" name="test_flag_and_idempotent" time="0.152" /><testcase classname="backend.tests.test_neighborhood.TestAdminModeration" name="test_non_admin_flags_403" time="0.049" /><testcase classname="backend.tests.test_neighborhood.TestAdminModeration" name="test_admin_flags_list_and_remove_and_dismiss" time="0.677" /><testcase classname="backend.tests.test_neighborhood.TestAdminModeration" name="test_admin_remove_404" time="0.050" /></testsuite></testsuites>