<?xml version="1.0" encoding="utf-8"?><testsuites name="pytest tests"><testsuite name="pytest" errors="0" failures="1" skipped="1" tests="17" time="13.266" timestamp="2026-07-05T02:20:20.356828+00:00" hostname="agent-env-c0d5ec17-e2cc-4cfc-a19c-df06672ba55e"><testcase classname="backend.tests.test_notifications_sheet32.TestNotificationList" name="test_list_shape" time="0.516" /><testcase classname="backend.tests.test_notifications_sheet32.TestNotificationList" name="test_unread_count_endpoint" time="0.133" /><testcase classname="backend.tests.test_notifications_sheet32.TestNotificationList" name="test_filter_by_type" time="0.462" /><testcase classname="backend.tests.test_notifications_sheet32.TestPreferences" name="test_get_defaults" time="0.096" /><testcase classname="backend.tests.test_notifications_sheet32.TestPreferences" name="test_put_and_persist" time="0.202" /><testcase classname="backend.tests.test_notifications_sheet32.TestPreferences" name="test_restore_prefs" time="0.093" /><testcase classname="backend.tests.test_notifications_sheet32.TestEmergencyPush" name="test_emergency_creates_safety_urgent" time="5.403" /><testcase classname="backend.tests.test_notifications_sheet32.TestReadDelete" name="test_mark_one_read_decrements" time="1.493" /><testcase classname="backend.tests.test_notifications_sheet32.TestReadDelete" name="test_read_all_zeroes" time="0.196" /><testcase classname="backend.tests.test_notifications_sheet32.TestReadDelete" name="test_delete_removes" time="0.895" /><testcase classname="backend.tests.test_notifications_sheet32.TestPreferenceOverride" name="test_promo_disabled_blocks_promo_broadcast" time="1.000"><failure message="AssertionError: promo broadcast should NOT create notification when user disabled promo pref&#10;assert not [{'id': 'c4a8f75d-b9fb-404f-ae87-7e1c62094714', 'user_id': '4ee55e17-5894-42ea-9ebe-7f916fdccf00', 'type': 'promo', 'title': 'TEST_promo_off', ...}]">backend/tests/test_notifications_sheet32.py:171: in test_promo_disabled_blocks_promo_broadcast
    assert not new, "promo broadcast should NOT create notification when user disabled promo pref"
E   AssertionError: promo broadcast should NOT create notification when user disabled promo pref
E   assert not [{'id': 'c4a8f75d-b9fb-404f-ae87-7e1c62094714', 'user_id': '4ee55e17-5894-42ea-9ebe-7f916fdccf00', 'type': 'promo', 'title': 'TEST_promo_off', ...}]</failure></testcase><testcase classname="backend.tests.test_notifications_sheet32.TestPreferenceOverride" name="test_urgent_always_delivers" time="0.989" /><testcase classname="backend.tests.test_notifications_sheet32.TestAdminBroadcast" name="test_non_admin_forbidden" time="0.095" /><testcase classname="backend.tests.test_notifications_sheet32.TestAdminBroadcast" name="test_broadcast_returns_recipients" time="0.103" /><testcase classname="backend.tests.test_notifications_sheet32.TestAdminBroadcast" name="test_campaigns_read_rate" time="0.967" /><testcase classname="backend.tests.test_notifications_sheet32.TestAdminBroadcast" name="test_segment_pro" time="0.104" /><testcase classname="backend.tests.test_notifications_sheet32.TestProjectNotifications" name="test_proposal_creates_client_project_notif" time="0.413"><skipped type="pytest.skip" message="pro has no jobs">/app/backend/tests/test_notifications_sheet32.py:245: pro has no jobs</skipped></testcase></testsuite></testsuites>