<?xml version="1.0" encoding="utf-8"?><testsuites name="pytest tests"><testsuite name="pytest" errors="0" failures="0" skipped="0" tests="17" time="6.458" timestamp="2026-08-14T00:17:24.200281+00:00" hostname="agent-env-c0d5ec17-e2cc-4cfc-a19c-df06672ba55e"><testcase classname="backend.tests.test_orchestrator.TestIntentAndCreate" name="test_intent_routes_garage" time="0.744" /><testcase classname="backend.tests.test_orchestrator.TestIntentAndCreate" name="test_create_project_seeds_tasks_and_phase" time="0.076" /><testcase classname="backend.tests.test_orchestrator.TestIntentAndCreate" name="test_get_project_bundle_persists" time="0.077" /><testcase classname="backend.tests.test_orchestrator.TestIntentAndCreate" name="test_list_projects_includes_health_and_next" time="0.081" /><testcase classname="backend.tests.test_orchestrator.TestNextBestAction" name="test_nba_new_project_missing_prereq" time="0.079" /><testcase classname="backend.tests.test_orchestrator.TestNextBestAction" name="test_nba_safety_hold_priority" time="0.344" /><testcase classname="backend.tests.test_orchestrator.TestTaskDependencies" name="test_complete_task_recomputes_and_returns_next" time="0.160" /><testcase classname="backend.tests.test_orchestrator.TestTaskDependencies" name="test_complete_all_advances_nba_to_execution" time="0.678" /><testcase classname="backend.tests.test_orchestrator.TestDecisions" name="test_decision_commit_returns_ripple_flag" time="0.160" /><testcase classname="backend.tests.test_orchestrator.TestRipple" name="test_ripple_material_quantity_and_confirmation" time="0.311" /><testcase classname="backend.tests.test_orchestrator.TestSafetyHold" name="test_safety_hold_blocks_only_affected_and_resolve" time="0.541" /><testcase classname="backend.tests.test_orchestrator.TestPauseResume" name="test_resume_blocked_by_open_safety_risk" time="0.381" /><testcase classname="backend.tests.test_orchestrator.TestEventLog" name="test_events_include_created_intent_and_task_completed" time="0.072" /><testcase classname="backend.tests.test_orchestrator.TestCompletion" name="test_completion_blocked_by_safety" time="0.232" /><testcase classname="backend.tests.test_orchestrator.TestCompletion" name="test_completion_audit_and_passport" time="1.582" /><testcase classname="backend.tests.test_orchestrator.TestIsolation" name="test_other_user_cannot_read_project" time="0.551" /><testcase classname="backend.tests.test_orchestrator.TestEngineSubmit" name="test_engine_submit_creates_risk_and_returns_updates" time="0.289" /></testsuite></testsuites>