<?xml version="1.0" encoding="utf-8"?><testsuites name="pytest tests"><testsuite name="pytest" errors="0" failures="0" skipped="0" tests="9" time="13.542" timestamp="2026-06-23T00:31:58.596812+00:00" hostname="agent-env-c0d5ec17-e2cc-4cfc-a19c-df06672ba55e"><testcase classname="backend.tests.test_paint_visualizer" name="test_visualize_requires_auth" time="0.190" /><testcase classname="backend.tests.test_paint_visualizer" name="test_history_requires_auth" time="0.122" /><testcase classname="backend.tests.test_paint_visualizer" name="test_visualize_wall_missing_color_400" time="0.390" /><testcase classname="backend.tests.test_paint_visualizer" name="test_visualize_cabinet_missing_color_400" time="0.044" /><testcase classname="backend.tests.test_paint_visualizer" name="test_visualize_missing_image_400" time="0.048" /><testcase classname="backend.tests.test_paint_visualizer" name="test_visualize_wall_first_call_is_free" time="12.501" /><testcase classname="backend.tests.test_paint_visualizer" name="test_history_returns_recent_render" time="0.058" /><testcase classname="backend.tests.test_paint_visualizer" name="test_visualize_insufficient_credits_402" time="0.062" /><testcase classname="backend.tests.test_paint_visualizer" name="test_cleanup" time="0.002" /></testsuite></testsuites>