<?xml version="1.0" encoding="utf-8"?><testsuites name="pytest tests"><testsuite name="pytest" errors="0" failures="0" skipped="0" tests="11" time="2.775" timestamp="2026-08-18T02:04:19.504380+00:00" hostname="agent-env-c0d5ec17-e2cc-4cfc-a19c-df06672ba55e"><testcase classname="backend.tests.test_pi_stuck_doc44_iter94.TestSafetyPlanningFix" name="test_paint_color_choice_allow" time="0.707" /><testcase classname="backend.tests.test_pi_stuck_doc44_iter94.TestSafetyPlanningFix" name="test_paint_wall_action_still_warned" time="0.129" /><testcase classname="backend.tests.test_pi_stuck_doc44_iter94.TestSafetyPlanningFix" name="test_sand_drywall_warn" time="0.233" /><testcase classname="backend.tests.test_pi_stuck_doc44_iter94.TestSafetyPlanningFix" name="test_drill_wall_verify" time="0.144" /><testcase classname="backend.tests.test_pi_stuck_doc44_iter94.TestSafetyPlanningFix" name="test_gas_smell_block" time="0.218" /><testcase classname="backend.tests.test_pi_stuck_doc44_iter94.TestSafetyPlanningFix" name="test_meta_regression" time="0.150" /><testcase classname="backend.tests.test_pi_stuck_doc44_iter94.TestStuckOptions" name="test_stuck_options_shape" time="0.140" /><testcase classname="backend.tests.test_pi_stuck_doc44_iter94.TestStuckRouting" name="test_measurement_mismatch_route" time="0.422" /><testcase classname="backend.tests.test_pi_stuck_doc44_iter94.TestStuckRouting" name="test_found_utility_safety_route_blocks" time="0.142" /><testcase classname="backend.tests.test_pi_stuck_doc44_iter94.TestStuckRouting" name="test_bogus_reason_400" time="0.131" /><testcase classname="backend.tests.test_pi_stuck_doc44_iter94.TestStuckRouting" name="test_bogus_project_404" time="0.223" /></testsuite></testsuites>