<?xml version="1.0" encoding="utf-8"?><testsuites name="pytest tests"><testsuite name="pytest" errors="0" failures="0" skipped="0" tests="21" time="9.647" timestamp="2026-07-05T11:11:01.768224+00:00" hostname="agent-env-c0d5ec17-e2cc-4cfc-a19c-df06672ba55e"><testcase classname="backend.tests.test_platform_audit_portability.TestDeveloperPlatform" name="test_meta_lists_scopes_events_and_docs" time="0.529" /><testcase classname="backend.tests.test_platform_audit_portability.TestDeveloperPlatform" name="test_create_list_and_revoke_key" time="0.177" /><testcase classname="backend.tests.test_platform_audit_portability.TestDeveloperPlatform" name="test_v1_key_auth_and_scope" time="0.373" /><testcase classname="backend.tests.test_platform_audit_portability.TestDeveloperPlatform" name="test_webhook_create_test_and_delete" time="0.488" /><testcase classname="backend.tests.test_platform_audit_portability.TestDeveloperPlatform" name="test_webhook_invalid_url_rejected" time="0.044" /><testcase classname="backend.tests.test_platform_audit_portability.TestMonetization" name="test_plans_list" time="0.046" /><testcase classname="backend.tests.test_platform_audit_portability.TestMonetization" name="test_usage_endpoint_returns_keys_bill_trend" time="0.044" /><testcase classname="backend.tests.test_platform_audit_portability.TestMonetization" name="test_change_plan_updates_bill" time="0.339" /><testcase classname="backend.tests.test_platform_audit_portability.TestMonetization" name="test_change_plan_wrong_owner_404" time="0.476" /><testcase classname="backend.tests.test_platform_audit_portability.TestAdminPartners" name="test_admin_partners_returns_keys_hooks_totals" time="0.309" /><testcase classname="backend.tests.test_platform_audit_portability.TestAdminPartners" name="test_admin_api_billing_returns_mrr_and_plans" time="0.085" /><testcase classname="backend.tests.test_platform_audit_portability.TestAdminPartners" name="test_admin_partners_non_admin_forbidden" time="0.081" /><testcase classname="backend.tests.test_platform_audit_portability.TestRiskAudit" name="test_audit_returns_risk_confidence_factors" time="0.124" /><testcase classname="backend.tests.test_platform_audit_portability.TestRiskAudit" name="test_audit_refresh_forces_regeneration" time="5.587" /><testcase classname="backend.tests.test_platform_audit_portability.TestPortability" name="test_summary_returns_counts_and_pledge" time="0.045" /><testcase classname="backend.tests.test_platform_audit_portability.TestPortability" name="test_export_returns_full_bundle" time="0.125" /><testcase classname="backend.tests.test_platform_audit_portability.TestPortability" name="test_transfer_generates_token" time="0.042" /><testcase classname="backend.tests.test_platform_audit_portability.TestPortability" name="test_import_invalid_token_404" time="0.044" /><testcase classname="backend.tests.test_platform_audit_portability.TestPortability" name="test_import_own_transfer_400" time="0.123" /><testcase classname="backend.tests.test_platform_audit_portability.TestPortability" name="test_import_claimed_token_404" time="0.253" /><testcase classname="backend.tests.test_platform_audit_portability.TestPortability" name="test_delete_request_requires_delete_confirm" time="0.206" /></testsuite></testsuites>