<?xml version="1.0" encoding="utf-8"?><testsuites name="pytest tests"><testsuite name="pytest" errors="0" failures="0" skipped="0" tests="27" time="6.577" timestamp="2026-07-05T00:46:50.681918+00:00" hostname="agent-env-c0d5ec17-e2cc-4cfc-a19c-df06672ba55e"><testcase classname="backend.tests.test_pro_suite_sheet28.TestWeather" name="test_weather_with_new_key" time="0.721" /><testcase classname="backend.tests.test_pro_suite_sheet28.TestProApplyGate" name="test_new_user_is_not_pro_before_apply" time="0.439" /><testcase classname="backend.tests.test_pro_suite_sheet28.TestProApplyGate" name="test_pro_me_has_no_account_before_apply" time="0.127" /><testcase classname="backend.tests.test_pro_suite_sheet28.TestProApplyGate" name="test_pro_apply_creates_pending" time="0.335" /><testcase classname="backend.tests.test_pro_suite_sheet28.TestProApplyGate" name="test_pro_only_endpoints_forbidden_until_verified" time="0.182" /><testcase classname="backend.tests.test_pro_suite_sheet28.TestAdminVetting" name="test_admin_pro_accounts_requires_admin" time="0.098" /><testcase classname="backend.tests.test_pro_suite_sheet28.TestAdminVetting" name="test_admin_pro_accounts_list" time="0.411" /><testcase classname="backend.tests.test_pro_suite_sheet28.TestAdminVetting" name="test_admin_verify_then_ban_new_pro" time="0.693" /><testcase classname="backend.tests.test_pro_suite_sheet28.TestJobLifecycle" name="test_pro_jobs_list_has_seeded_deck_build" time="0.415" /><testcase classname="backend.tests.test_pro_suite_sheet28.TestJobLifecycle" name="test_create_job" time="0.099" /><testcase classname="backend.tests.test_pro_suite_sheet28.TestJobLifecycle" name="test_get_job_pro_side" time="0.103" /><testcase classname="backend.tests.test_pro_suite_sheet28.TestJobLifecycle" name="test_get_job_forbidden_for_unrelated" time="0.098" /><testcase classname="backend.tests.test_pro_suite_sheet28.TestJobLifecycle" name="test_set_proposal" time="0.212" /><testcase classname="backend.tests.test_pro_suite_sheet28.TestJobLifecycle" name="test_client_can_get_job_after_status_leaves_draft" time="0.102" /><testcase classname="backend.tests.test_pro_suite_sheet28.TestJobLifecycle" name="test_client_list_jobs_shows_new_job" time="0.090" /><testcase classname="backend.tests.test_pro_suite_sheet28.TestJobLifecycle" name="test_message_both_roles" time="0.219" /><testcase classname="backend.tests.test_pro_suite_sheet28.TestJobLifecycle" name="test_pro_cannot_approve" time="0.097" /><testcase classname="backend.tests.test_pro_suite_sheet28.TestJobLifecycle" name="test_client_approve" time="0.109" /><testcase classname="backend.tests.test_pro_suite_sheet28.TestJobLifecycle" name="test_client_change_request" time="0.097" /><testcase classname="backend.tests.test_pro_suite_sheet28.TestJobLifecycle" name="test_review_before_completed_rejected" time="0.104" /><testcase classname="backend.tests.test_pro_suite_sheet28.TestJobLifecycle" name="test_status_in_progress_then_completed_increments" time="0.920" /><testcase classname="backend.tests.test_pro_suite_sheet28.TestJobLifecycle" name="test_client_review_after_completed" time="0.097" /><testcase classname="backend.tests.test_pro_suite_sheet28.TestInvoices" name="test_create_job_for_invoices" time="0.103" /><testcase classname="backend.tests.test_pro_suite_sheet28.TestInvoices" name="test_invoice_amount_zero_rejected" time="0.106" /><testcase classname="backend.tests.test_pro_suite_sheet28.TestInvoices" name="test_create_invoice" time="0.092" /><testcase classname="backend.tests.test_pro_suite_sheet28.TestInvoices" name="test_send_invoice_updates_outstanding" time="0.304" /><testcase classname="backend.tests.test_pro_suite_sheet28.TestInvoices" name="test_payment_guard_when_no_connect" time="0.103" /></testsuite></testsuites>