<?xml version="1.0" encoding="utf-8"?><testsuites name="pytest tests"><testsuite name="pytest" errors="0" failures="0" skipped="0" tests="10" time="2.820" timestamp="2026-06-23T01:37:12.906712+00:00" hostname="agent-env-c0d5ec17-e2cc-4cfc-a19c-df06672ba55e"><testcase classname="backend.tests.test_profile_dashboard.TestBillingSummary" name="test_requires_auth" time="0.298" /><testcase classname="backend.tests.test_profile_dashboard.TestBillingSummary" name="test_summary_shape_for_free_user" time="0.359" /><testcase classname="backend.tests.test_profile_dashboard.TestBillingSummary" name="test_plans_include_pro_and_master" time="0.045" /><testcase classname="backend.tests.test_profile_dashboard.TestCustomerPortal" name="test_requires_auth" time="0.043" /><testcase classname="backend.tests.test_profile_dashboard.TestCustomerPortal" name="test_returns_stripe_billing_portal_url" time="0.486" /><testcase classname="backend.tests.test_profile_dashboard.TestCustomerPortal" name="test_portal_creates_or_reuses_stripe_customer" time="0.854" /><testcase classname="backend.tests.test_profile_dashboard.TestSupportTicketsScoping" name="test_get_requires_auth" time="0.044" /><testcase classname="backend.tests.test_profile_dashboard.TestSupportTicketsScoping" name="test_post_requires_auth" time="0.044" /><testcase classname="backend.tests.test_profile_dashboard.TestSupportTicketsScoping" name="test_create_and_appears_only_for_owner" time="0.493" /><testcase classname="backend.tests.test_profile_dashboard.TestSupportTicketsScoping" name="test_tickets_sorted_desc_by_created_at" time="0.092" /></testsuite></testsuites>