<?xml version="1.0" encoding="utf-8"?><testsuites name="pytest tests"><testsuite name="pytest" errors="0" failures="0" skipped="0" tests="16" time="2.195" timestamp="2026-08-08T17:43:06.214074+00:00" hostname="agent-env-c0d5ec17-e2cc-4cfc-a19c-df06672ba55e"><testcase classname="backend.tests.test_project_intelligence_b21.TestAuth" name="test_workspace_requires_auth" time="0.461" /><testcase classname="backend.tests.test_project_intelligence_b21.TestAuth" name="test_workspace_wrong_owner_returns_404" time="0.319" /><testcase classname="backend.tests.test_project_intelligence_b21.TestWorkspace" name="test_workspace_shape" time="0.061" /><testcase classname="backend.tests.test_project_intelligence_b21.TestWorkspace" name="test_next_best_action_endpoint" time="0.048" /><testcase classname="backend.tests.test_project_intelligence_b21.TestBlockers" name="test_add_blocker_and_nba_reflects" time="0.104" /><testcase classname="backend.tests.test_project_intelligence_b21.TestBlockers" name="test_safety_blocker_marks_project_blocked" time="0.100" /><testcase classname="backend.tests.test_project_intelligence_b21.TestBlockers" name="test_resolve_blockers_unblocks_project" time="0.215" /><testcase classname="backend.tests.test_project_intelligence_b21.TestBlockers" name="test_add_blocker_empty_desc_400" time="0.049" /><testcase classname="backend.tests.test_project_intelligence_b21.TestChange" name="test_budget_low_preserves_safety" time="0.051" /><testcase classname="backend.tests.test_project_intelligence_b21.TestChange" name="test_apply_change" time="0.052" /><testcase classname="backend.tests.test_project_intelligence_b21.TestChange" name="test_change_history_preserved" time="0.102" /><testcase classname="backend.tests.test_project_intelligence_b21.TestChange" name="test_invalid_change_type_400" time="0.055" /><testcase classname="backend.tests.test_project_intelligence_b21.TestBudget" name="test_get_budget" time="0.049" /><testcase classname="backend.tests.test_project_intelligence_b21.TestBudget" name="test_set_limit_and_actual_over_budget" time="0.164" /><testcase classname="backend.tests.test_project_intelligence_b21.TestBudget" name="test_reset_actual" time="0.051" /><testcase classname="backend.tests.test_project_intelligence_b21.TestSafetyGate" name="test_safe_complete_requires_confirm_on_risky_step" time="0.245" /></testsuite></testsuites>