<?xml version="1.0" encoding="utf-8"?><testsuites name="pytest tests"><testsuite name="pytest" errors="0" failures="0" skipped="0" tests="18" time="11.930" timestamp="2026-07-05T11:37:22.319473+00:00" hostname="agent-env-c0d5ec17-e2cc-4cfc-a19c-df06672ba55e"><testcase classname="backend.tests.test_prompt_library_and_ownership_log.TestHomeOwnershipLog" name="test_share_link_creation" time="0.517" /><testcase classname="backend.tests.test_prompt_library_and_ownership_log.TestHomeOwnershipLog" name="test_public_log_html_render" time="0.086" /><testcase classname="backend.tests.test_prompt_library_and_ownership_log.TestHomeOwnershipLog" name="test_invalid_token_returns_404" time="0.125" /><testcase classname="backend.tests.test_prompt_library_and_ownership_log.TestPromptLibrary" name="test_admin_route_requires_admin" time="0.046" /><testcase classname="backend.tests.test_prompt_library_and_ownership_log.TestPromptLibrary" name="test_admin_route_requires_auth" time="0.110" /><testcase classname="backend.tests.test_prompt_library_and_ownership_log.TestPromptLibrary" name="test_list_prompts_has_6_seeded" time="0.312" /><testcase classname="backend.tests.test_prompt_library_and_ownership_log.TestPromptLibrary" name="test_analytics_endpoint" time="0.046" /><testcase classname="backend.tests.test_prompt_library_and_ownership_log.TestPromptLibrary" name="test_get_single_prompt_detail" time="0.044" /><testcase classname="backend.tests.test_prompt_library_and_ownership_log.TestPromptLibrary" name="test_get_missing_prompt_404" time="0.043" /><testcase classname="backend.tests.test_prompt_library_and_ownership_log.TestPromptLibrary" name="test_edit_publish_flow" time="0.307" /><testcase classname="backend.tests.test_prompt_library_and_ownership_log.TestPromptLibrary" name="test_pause_and_resume" time="0.172" /><testcase classname="backend.tests.test_prompt_library_and_ownership_log.TestPromptLibrary" name="test_invalid_status_400" time="0.047" /><testcase classname="backend.tests.test_prompt_library_and_ownership_log.TestPromptLibrary" name="test_variants_and_ab" time="0.263" /><testcase classname="backend.tests.test_prompt_library_and_ownership_log.TestPromptLibrary" name="test_variant_missing_404" time="0.048" /><testcase classname="backend.tests.test_prompt_library_and_ownership_log.TestPromptLibrary" name="test_publish_without_pending_400" time="0.087" /><testcase classname="backend.tests.test_prompt_library_and_ownership_log.TestPromptLibrary" name="test_prompt_feedback" time="0.045" /><testcase classname="backend.tests.test_prompt_library_and_ownership_log.TestAIRegression" name="test_create_project" time="0.045" /><testcase classname="backend.tests.test_prompt_library_and_ownership_log.TestAIRegression" name="test_guide_generation_uses_resolve_prompt" time="9.525" /></testsuite></testsuites>