<?xml version="1.0" encoding="utf-8"?><testsuites name="pytest tests"><testsuite name="pytest" errors="0" failures="0" skipped="1" tests="30" time="26.669" timestamp="2026-06-21T22:11:10.740380+00:00" hostname="agent-env-c0d5ec17-e2cc-4cfc-a19c-df06672ba55e"><testcase classname="backend.tests.test_diyhomie_api" name="test_root" time="0.260" /><testcase classname="backend.tests.test_diyhomie_api.TestAuth" name="test_register_defaults" time="0.293" /><testcase classname="backend.tests.test_diyhomie_api.TestAuth" name="test_duplicate_email_rejected" time="0.042" /><testcase classname="backend.tests.test_diyhomie_api.TestAuth" name="test_login_success" time="0.263" /><testcase classname="backend.tests.test_diyhomie_api.TestAuth" name="test_login_bad_password" time="0.303" /><testcase classname="backend.tests.test_diyhomie_api.TestAuth" name="test_me" time="0.064" /><testcase classname="backend.tests.test_diyhomie_api.TestAuth" name="test_me_unauthorized" time="0.043" /><testcase classname="backend.tests.test_diyhomie_api.TestProfile" name="test_profile_update_list_painpoint" time="0.085" /><testcase classname="backend.tests.test_diyhomie_api.TestProjects" name="test_create_has_new_fields" time="0.082" /><testcase classname="backend.tests.test_diyhomie_api.TestProjects" name="test_list_summary_shape" time="0.043" /><testcase classname="backend.tests.test_diyhomie_api.TestProjects" name="test_404_project" time="0.041" /><testcase classname="backend.tests.test_diyhomie_api.TestGuide" name="test_guide_structure" time="10.389" /><testcase classname="backend.tests.test_diyhomie_api.TestGuide" name="test_steps_shape" time="0.000" /><testcase classname="backend.tests.test_diyhomie_api.TestGuide" name="test_credits_deducted_three" time="0.042" /><testcase classname="backend.tests.test_diyhomie_api.TestGuide" name="test_guide_idempotent" time="0.129" /><testcase classname="backend.tests.test_diyhomie_api.TestStepDone" name="test_toggle_done_and_progress" time="0.088" /><testcase classname="backend.tests.test_diyhomie_api.TestStepDone" name="test_step_done_404" time="0.044" /><testcase classname="backend.tests.test_diyhomie_api.TestStepDone" name="test_completing_all_marks_project_completed" time="0.397" /><testcase classname="backend.tests.test_diyhomie_api.TestPatchProject" name="test_favorite_and_notes" time="0.124" /><testcase classname="backend.tests.test_diyhomie_api.TestPatchProject" name="test_patch_status_and_touch" time="0.043" /><testcase classname="backend.tests.test_diyhomie_api.TestAsk" name="test_ask_text_returns_answer_and_deducts_one" time="1.320" /><testcase classname="backend.tests.test_diyhomie_api.TestAsk" name="test_ask_voice_deducts_two" time="1.286" /><testcase classname="backend.tests.test_diyhomie_api.TestImage" name="test_step_image_base64" time="10.038" /><testcase classname="backend.tests.test_diyhomie_api.TestSupplies" name="test_supplies_affiliate" time="0.045" /><testcase classname="backend.tests.test_diyhomie_api.TestCommunity" name="test_create_post" time="0.047" /><testcase classname="backend.tests.test_diyhomie_api.TestCommunity" name="test_list_posts" time="0.046" /><testcase classname="backend.tests.test_diyhomie_api.TestCommunity" name="test_reply_and_verify_rewards" time="0.562" /><testcase classname="backend.tests.test_diyhomie_api.TestBilling" name="test_subscribe_pro" time="0.128" /><testcase classname="backend.tests.test_diyhomie_api.TestBilling" name="test_subscribe_invalid" time="0.042" /><testcase classname="backend.tests.test_diyhomie_api.TestOutOfCredits" name="test_guide_402_on_zero_credits" time="0.308"><skipped type="pytest.skip" message="Out-of-credits 402 path requires draining 60 credits via real LLM calls (~60s+). Logic reviewed in code (server.py:434, 516). Mark as documented.">/app/backend/tests/test_diyhomie_api.py:371: Out-of-credits 402 path requires draining 60 credits via real LLM calls (~60s+). Logic reviewed in code (server.py:434, 516). Mark as documented.</skipped></testcase></testsuite></testsuites>