<?xml version="1.0" encoding="utf-8"?><testsuites name="pytest tests"><testsuite name="pytest" errors="0" failures="0" skipped="0" tests="23" time="3.761" timestamp="2026-07-05T03:38:43.813395+00:00" hostname="agent-env-c0d5ec17-e2cc-4cfc-a19c-df06672ba55e"><testcase classname="backend.tests.test_realestate_circular_bulk_sheet34_36.TestRealEstateReport" name="test_report_shape" time="0.643" /><testcase classname="backend.tests.test_realestate_circular_bulk_sheet34_36.TestRealEstateReport" name="test_share_then_public" time="0.288" /><testcase classname="backend.tests.test_realestate_circular_bulk_sheet34_36.TestRealEstateReport" name="test_public_wrong_token_404" time="0.137" /><testcase classname="backend.tests.test_realestate_circular_bulk_sheet34_36.TestCircular" name="test_meta" time="0.093" /><testcase classname="backend.tests.test_realestate_circular_bulk_sheet34_36.TestCircular" name="test_create_offer" time="0.132" /><testcase classname="backend.tests.test_realestate_circular_bulk_sheet34_36.TestCircular" name="test_create_donation_zero_price" time="0.099" /><testcase classname="backend.tests.test_realestate_circular_bulk_sheet34_36.TestCircular" name="test_list_offer_filter" time="0.092" /><testcase classname="backend.tests.test_realestate_circular_bulk_sheet34_36.TestCircular" name="test_claim_own_forbidden" time="0.092" /><testcase classname="backend.tests.test_realestate_circular_bulk_sheet34_36.TestCircular" name="test_claim_cross_user" time="0.455" /><testcase classname="backend.tests.test_realestate_circular_bulk_sheet34_36.TestCircular" name="test_claim_missing_404" time="0.095" /><testcase classname="backend.tests.test_realestate_circular_bulk_sheet34_36.TestCircular" name="test_close_listing" time="0.186" /><testcase classname="backend.tests.test_realestate_circular_bulk_sheet34_36.TestCircular" name="test_impact" time="0.139" /><testcase classname="backend.tests.test_realestate_circular_bulk_sheet34_36.TestCircular" name="test_eco_alternatives" time="0.102" /><testcase classname="backend.tests.test_realestate_circular_bulk_sheet34_36.TestCircular" name="test_cleanup_donation" time="0.099" /><testcase classname="backend.tests.test_realestate_circular_bulk_sheet34_36.TestBulk" name="test_meta" time="0.104" /><testcase classname="backend.tests.test_realestate_circular_bulk_sheet34_36.TestBulk" name="test_create_deal" time="0.101" /><testcase classname="backend.tests.test_realestate_circular_bulk_sheet34_36.TestBulk" name="test_create_invalid_price" time="0.097" /><testcase classname="backend.tests.test_realestate_circular_bulk_sheet34_36.TestBulk" name="test_list_deals" time="0.098" /><testcase classname="backend.tests.test_realestate_circular_bulk_sheet34_36.TestBulk" name="test_join_cross_user" time="0.106" /><testcase classname="backend.tests.test_realestate_circular_bulk_sheet34_36.TestBulk" name="test_leave" time="0.204" /><testcase classname="backend.tests.test_realestate_circular_bulk_sheet34_36.TestBulk" name="test_close_non_creator_forbidden" time="0.094" /><testcase classname="backend.tests.test_realestate_circular_bulk_sheet34_36.TestBulk" name="test_close_by_creator" time="0.096" /><testcase classname="backend.tests.test_realestate_circular_bulk_sheet34_36.TestBulk" name="test_close_missing_404" time="0.102" /></testsuite></testsuites>