<?xml version="1.0" encoding="utf-8"?><testsuites name="pytest tests"><testsuite name="pytest" errors="0" failures="0" skipped="0" tests="17" time="2.442" timestamp="2026-08-08T18:23:09.725430+00:00" hostname="agent-env-c0d5ec17-e2cc-4cfc-a19c-df06672ba55e"><testcase classname="backend.tests.test_recommendation_engine_b23.TestNeedsAndRanking" name="test_paint_need_returns_recs_and_disclosure_only_for_commission" time="0.545" /><testcase classname="backend.tests.test_recommendation_engine_b23.TestNeedsAndRanking" name="test_hvac_needs_verification_without_size" time="0.051" /><testcase classname="backend.tests.test_recommendation_engine_b23.TestNeedsAndRanking" name="test_ranking_safety_first" time="0.051" /><testcase classname="backend.tests.test_recommendation_engine_b23.TestHandoffAndActions" name="test_click_returns_url_disclosure_and_no_purchase_claim" time="0.158" /><testcase classname="backend.tests.test_recommendation_engine_b23.TestHandoffAndActions" name="test_action_save" time="0.105" /><testcase classname="backend.tests.test_recommendation_engine_b23.TestHandoffAndActions" name="test_action_report_mismatch" time="0.104" /><testcase classname="backend.tests.test_recommendation_engine_b23.TestHandoffAndActions" name="test_action_invalid" time="0.101" /><testcase classname="backend.tests.test_recommendation_engine_b23.TestForProject" name="test_for_project_groups" time="0.099" /><testcase classname="backend.tests.test_recommendation_engine_b23.TestAdminAuth" name="test_dashboard_requires_admin" time="0.047" /><testcase classname="backend.tests.test_recommendation_engine_b23.TestAdminAuth" name="test_weights_requires_admin" time="0.048" /><testcase classname="backend.tests.test_recommendation_engine_b23.TestAdminDashboardAndWeights" name="test_dashboard" time="0.315" /><testcase classname="backend.tests.test_recommendation_engine_b23.TestAdminDashboardAndWeights" name="test_weights_reject_affiliate_gt_safety" time="0.046" /><testcase classname="backend.tests.test_recommendation_engine_b23.TestAdminDashboardAndWeights" name="test_weights_accept_valid" time="0.047" /><testcase classname="backend.tests.test_recommendation_engine_b23.TestAdminPartners" name="test_activate_commission_without_disclosure_fails" time="0.098" /><testcase classname="backend.tests.test_recommendation_engine_b23.TestAdminPartners" name="test_activate_missing_link_and_tracking_fails" time="0.102" /><testcase classname="backend.tests.test_recommendation_engine_b23.TestAdminPartners" name="test_activate_then_pause_valid" time="0.144" /><testcase classname="backend.tests.test_recommendation_engine_b23.TestAdminConversions" name="test_record_reverse_and_totals" time="0.287" /></testsuite></testsuites>