<?xml version="1.0" encoding="utf-8"?><testsuites name="pytest tests"><testsuite name="pytest" errors="0" failures="0" skipped="0" tests="12" time="2.572" timestamp="2026-08-08T00:59:37.801040+00:00" hostname="agent-env-c0d5ec17-e2cc-4cfc-a19c-df06672ba55e"><testcase classname="backend.tests.test_reminders_b11_iter52.TestAuthGating" name="test_feed_requires_auth" time="0.280" /><testcase classname="backend.tests.test_reminders_b11_iter52.TestAuthGating" name="test_badge_requires_auth" time="0.138" /><testcase classname="backend.tests.test_reminders_b11_iter52.TestAuthGating" name="test_prefs_requires_auth" time="0.098" /><testcase classname="backend.tests.test_reminders_b11_iter52.TestFeed" name="test_feed_shape_and_overdue" time="0.527" /><testcase classname="backend.tests.test_reminders_b11_iter52.TestBadge" name="test_badge_matches_feed" time="0.209" /><testcase classname="backend.tests.test_reminders_b11_iter52.TestPreferences" name="test_defaults_autocreated_and_updated" time="0.251" /><testcase classname="backend.tests.test_reminders_b11_iter52.TestPreferences" name="test_put_persists" time="0.246" /><testcase classname="backend.tests.test_reminders_b11_iter52.TestPreferences" name="test_invalid_digest_ignored" time="0.249" /><testcase classname="backend.tests.test_reminders_b11_iter52.TestPreferences" name="test_cleanup_reset_prefs" time="0.100" /><testcase classname="backend.tests.test_reminders_b11_iter52.TestTestPush" name="test_test_push_graceful" time="0.170" /><testcase classname="backend.tests.test_reminders_b11_iter52.TestRegisterPush" name="test_register_push_validation" time="0.102" /><testcase classname="backend.tests.test_reminders_b11_iter52.TestRegisterPush" name="test_register_push_route_registered" time="0.119" /></testsuite></testsuites>