<?xml version="1.0" encoding="utf-8"?><testsuites name="pytest tests"><testsuite name="pytest" errors="0" failures="0" skipped="0" tests="11" time="2.100" timestamp="2026-07-05T13:01:03.230782+00:00" hostname="agent-env-c0d5ec17-e2cc-4cfc-a19c-df06672ba55e"><testcase classname="backend.tests.test_roi_sheet53.TestRoiSummary" name="test_summary_shape_and_demo_totals" time="0.461" /><testcase classname="backend.tests.test_roi_sheet53.TestRoiSummary" name="test_summary_project_shape" time="0.110" /><testcase classname="backend.tests.test_roi_sheet53.TestRoiSummary" name="test_summary_has_badges_awarded" time="0.093" /><testcase classname="backend.tests.test_roi_sheet53.TestRoiSummary" name="test_summary_excludes_emergency_logs" time="0.113" /><testcase classname="backend.tests.test_roi_sheet53.TestRoiRecommendations" name="test_recs_are_season_aware" time="0.095" /><testcase classname="backend.tests.test_roi_sheet53.TestRoiProject" name="test_missing_project_returns_404" time="0.122" /><testcase classname="backend.tests.test_roi_sheet53.TestRoiProject" name="test_existing_project_returns_roi" time="0.189" /><testcase classname="backend.tests.test_roi_sheet53.TestAdminRoiAnalytics" name="test_non_admin_forbidden" time="0.095" /><testcase classname="backend.tests.test_roi_sheet53.TestAdminRoiAnalytics" name="test_no_auth_forbidden" time="0.109" /><testcase classname="backend.tests.test_roi_sheet53.TestAdminRoiAnalytics" name="test_admin_returns_analytics" time="0.411" /><testcase classname="backend.tests.test_roi_sheet53.TestRegressionTimeline" name="test_journey_and_projects_still_work" time="0.220" /></testsuite></testsuites>