<?xml version="1.0" encoding="utf-8"?><testsuites name="pytest tests"><testsuite name="pytest" errors="0" failures="1" skipped="0" tests="16" time="7.261" timestamp="2026-08-18T01:51:45.890634+00:00" hostname="agent-env-c0d5ec17-e2cc-4cfc-a19c-df06672ba55e"><testcase classname="backend.tests.test_safety_engine_doc43_iter93.TestSafetyMeta" name="test_meta_unauth_rejected" time="0.249" /><testcase classname="backend.tests.test_safety_engine_doc43_iter93.TestSafetyMeta" name="test_meta_authed_ok" time="0.507" /><testcase classname="backend.tests.test_safety_engine_doc43_iter93.TestVerdictMatrix" name="test_paint_color_choice_allow" time="0.124"><failure message="AssertionError: assert 'allow_with_warning' == 'allow'&#10;  &#10;  - allow&#10;  + allow_with_warning">backend/tests/test_safety_engine_doc43_iter93.py:107: in test_paint_color_choice_allow
    assert v["verdict"] == "allow"
E   AssertionError: assert 'allow_with_warning' == 'allow'
E     
E     - allow
E     + allow_with_warning</failure></testcase><testcase classname="backend.tests.test_safety_engine_doc43_iter93.TestVerdictMatrix" name="test_paint_wall_allow_with_warning" time="0.171" /><testcase classname="backend.tests.test_safety_engine_doc43_iter93.TestVerdictMatrix" name="test_sand_drywall_allow_with_warning" time="0.141" /><testcase classname="backend.tests.test_safety_engine_doc43_iter93.TestVerdictMatrix" name="test_drill_wall_require_verification" time="0.122" /><testcase classname="backend.tests.test_safety_engine_doc43_iter93.TestVerdictMatrix" name="test_outlet_replace_require_verification" time="0.148" /><testcase classname="backend.tests.test_safety_engine_doc43_iter93.TestVerdictMatrix" name="test_load_bearing_wall_escalate" time="0.141" /><testcase classname="backend.tests.test_safety_engine_doc43_iter93.TestVerdictMatrix" name="test_gas_smell_block" time="0.134" /><testcase classname="backend.tests.test_safety_engine_doc43_iter93.TestSafetyEvents" name="test_user_events_after_matrix" time="0.326" /><testcase classname="backend.tests.test_safety_engine_doc43_iter93.TestSafetyEvents" name="test_admin_events_forbidden_for_demo" time="0.140" /><testcase classname="backend.tests.test_safety_engine_doc43_iter93.TestSafetyEvents" name="test_admin_events_ok" time="0.492" /><testcase classname="backend.tests.test_safety_engine_doc43_iter93.TestSafetyEscalationLedger" name="test_escalate_and_block_wrote_ledger" time="0.123" /><testcase classname="backend.tests.test_safety_engine_doc43_iter93.TestARCompose" name="test_project_step_session_has_ppe" time="0.146" /><testcase classname="backend.tests.test_safety_engine_doc43_iter93.TestLightRegression" name="test_start_intent_still_classifies" time="3.944" /><testcase classname="backend.tests.test_safety_engine_doc43_iter93.TestLightRegression" name="test_chat_still_sends" time="0.174" /></testsuite></testsuites>