<?xml version="1.0" encoding="utf-8"?><testsuites name="pytest tests"><testsuite name="pytest" errors="0" failures="0" skipped="0" tests="7" time="1.163" timestamp="2026-09-18T01:36:18.277884+00:00" hostname="agent-env-c0d5ec17-e2cc-4cfc-a19c-df06672ba55e"><testcase classname="tests.test_share_win_outcome_iter102.TestSecurityRemediation" name="test_new_demo_password_ok" time="0.232" /><testcase classname="tests.test_share_win_outcome_iter102.TestSecurityRemediation" name="test_new_admin_password_ok" time="0.205" /><testcase classname="tests.test_share_win_outcome_iter102.TestSecurityRemediation" name="test_legacy_passwords_rejected[demo_home@diyhomie.com-Test1234]" time="0.207" /><testcase classname="tests.test_share_win_outcome_iter102.TestSecurityRemediation" name="test_legacy_passwords_rejected[Diyhomieapp@gmail.com-diyhomie1122]" time="0.204" /><testcase classname="tests.test_share_win_outcome_iter102.TestProjectOutcomeEndpoint" name="test_requires_auth" time="0.005" /><testcase classname="tests.test_share_win_outcome_iter102.TestProjectOutcomeEndpoint" name="test_returns_outcome_for_completed_project" time="0.213" /><testcase classname="tests.test_share_win_outcome_iter102.TestProjectOutcomeEndpoint" name="test_returns_404_for_unknown_project" time="0.009" /></testsuite></testsuites>