<?xml version="1.0" encoding="utf-8"?><testsuites name="pytest tests"><testsuite name="pytest" errors="0" failures="0" skipped="0" tests="22" time="3.352" timestamp="2026-07-05T03:52:53.969073+00:00" hostname="agent-env-c0d5ec17-e2cc-4cfc-a19c-df06672ba55e"><testcase classname="backend.tests.test_personalize_credentials_sheet38_40.TestPreferences" name="test_get_defaults_options_presets" time="0.597" /><testcase classname="backend.tests.test_personalize_credentials_sheet38_40.TestPreferences" name="test_put_persists_and_clears_preset" time="0.178" /><testcase classname="backend.tests.test_personalize_credentials_sheet38_40.TestPreferences" name="test_put_ignores_invalid_option_values" time="0.126" /><testcase classname="backend.tests.test_personalize_credentials_sheet38_40.TestPreferences" name="test_put_ignores_unknown_keys" time="0.044" /><testcase classname="backend.tests.test_personalize_credentials_sheet38_40.TestPreferences" name="test_apply_each_preset[trusted_foreman]" time="0.043" /><testcase classname="backend.tests.test_personalize_credentials_sheet38_40.TestPreferences" name="test_apply_each_preset[diy_hero]" time="0.082" /><testcase classname="backend.tests.test_personalize_credentials_sheet38_40.TestPreferences" name="test_apply_each_preset[safety_first]" time="0.044" /><testcase classname="backend.tests.test_personalize_credentials_sheet38_40.TestPreferences" name="test_apply_each_preset[silent]" time="0.048" /><testcase classname="backend.tests.test_personalize_credentials_sheet38_40.TestPreferences" name="test_apply_unknown_preset_404" time="0.042" /><testcase classname="backend.tests.test_personalize_credentials_sheet38_40.TestPreferences" name="test_reset_restores_defaults" time="0.081" /><testcase classname="backend.tests.test_personalize_credentials_sheet38_40.TestPreferences" name="test_preferences_requires_auth" time="0.080" /><testcase classname="backend.tests.test_personalize_credentials_sheet38_40.TestProCredentials" name="test_non_pro_user_gets_403" time="0.049" /><testcase classname="backend.tests.test_personalize_credentials_sheet38_40.TestProCredentials" name="test_pro_list_shape" time="0.389" /><testcase classname="backend.tests.test_personalize_credentials_sheet38_40.TestProCredentials" name="test_pro_add_invalid_type_400" time="0.046" /><testcase classname="backend.tests.test_personalize_credentials_sheet38_40.TestProCredentials" name="test_pro_add_delete_and_pending_flow" time="0.223" /><testcase classname="backend.tests.test_personalize_credentials_sheet38_40.TestProCredentials" name="test_admin_verify_transitions_compliance" time="0.562" /><testcase classname="backend.tests.test_personalize_credentials_sheet38_40.TestProCredentials" name="test_admin_reject_flow" time="0.265" /><testcase classname="backend.tests.test_personalize_credentials_sheet38_40.TestProCredentials" name="test_admin_invalid_status_400" time="0.205" /><testcase classname="backend.tests.test_personalize_credentials_sheet38_40.TestProCredentials" name="test_admin_unknown_id_404" time="0.047" /><testcase classname="backend.tests.test_personalize_credentials_sheet38_40.TestProCredentials" name="test_admin_list_and_counts" time="0.043" /><testcase classname="backend.tests.test_personalize_credentials_sheet38_40.TestProCredentials" name="test_admin_list_status_filter" time="0.047" /><testcase classname="backend.tests.test_personalize_credentials_sheet38_40.TestProCredentials" name="test_admin_requires_admin" time="0.041" /></testsuite></testsuites>