<?xml version="1.0" encoding="utf-8"?><testsuites name="pytest tests"><testsuite name="pytest" errors="0" failures="0" skipped="0" tests="13" time="4.222" timestamp="2026-07-05T13:15:05.012184+00:00" hostname="agent-env-c0d5ec17-e2cc-4cfc-a19c-df06672ba55e"><testcase classname="backend.tests.test_skill_builder_sheet54" name="test_quizzes_meta" time="0.590" /><testcase classname="backend.tests.test_skill_builder_sheet54" name="test_list_quizzes_seed_count_and_shape" time="0.123" /><testcase classname="backend.tests.test_skill_builder_sheet54" name="test_get_quiz_hides_answers" time="0.199" /><testcase classname="backend.tests.test_skill_builder_sheet54" name="test_submit_all_correct_awards_badge" time="0.733" /><testcase classname="backend.tests.test_skill_builder_sheet54" name="test_submit_wrong_answers_fails" time="0.323" /><testcase classname="backend.tests.test_skill_builder_sheet54" name="test_quiz_for_project_matches_by_keyword" time="0.318" /><testcase classname="backend.tests.test_skill_builder_sheet54" name="test_quiz_for_project_no_match_returns_null" time="0.309" /><testcase classname="backend.tests.test_skill_builder_sheet54" name="test_skills_me_shape" time="0.095" /><testcase classname="backend.tests.test_skill_builder_sheet54" name="test_mentor_optin_toggle" time="0.293" /><testcase classname="backend.tests.test_skill_builder_sheet54" name="test_leaderboard" time="0.098" /><testcase classname="backend.tests.test_skill_builder_sheet54" name="test_admin_endpoints_forbidden_for_non_admin" time="0.198" /><testcase classname="backend.tests.test_skill_builder_sheet54" name="test_admin_list_and_analytics" time="0.205" /><testcase classname="backend.tests.test_skill_builder_sheet54" name="test_admin_crud_lifecycle" time="0.674" /></testsuite></testsuites>