<?xml version="1.0" encoding="utf-8"?><testsuites name="pytest tests"><testsuite name="pytest" errors="0" failures="0" skipped="0" tests="6" time="3.291" timestamp="2026-06-22T00:20:20.216047+00:00" hostname="agent-env-c0d5ec17-e2cc-4cfc-a19c-df06672ba55e"><testcase classname="backend.tests.test_billing_stripe.TestStripeCheckout" name="test_invalid_tier_returns_400" time="0.475" /><testcase classname="backend.tests.test_billing_stripe.TestStripeCheckout" name="test_unauthorized_checkout_rejected" time="0.041" /><testcase classname="backend.tests.test_billing_stripe.TestStripeCheckout" name="test_checkout_creates_real_stripe_session[pro]" time="0.675" /><testcase classname="backend.tests.test_billing_stripe.TestStripeCheckout" name="test_checkout_creates_real_stripe_session[master]" time="0.444" /><testcase classname="backend.tests.test_billing_stripe.TestStripeCheckout" name="test_status_before_payment_no_fulfillment" time="0.758" /><testcase classname="backend.tests.test_billing_stripe.TestStripeCheckout" name="test_idempotent_fulfillment_no_double_credit" time="0.753" /></testsuite></testsuites>