<?xml version="1.0" encoding="utf-8"?><testsuites name="pytest tests"><testsuite name="pytest" errors="0" failures="0" skipped="0" tests="14" time="4.243" timestamp="2026-07-05T02:44:39.285522+00:00" hostname="agent-env-c0d5ec17-e2cc-4cfc-a19c-df06672ba55e"><testcase classname="backend.tests.test_suppliers_sheet32b.TestSupplierList" name="test_get_suppliers_returns_categories_and_list" time="0.453" /><testcase classname="backend.tests.test_suppliers_sheet32b.TestSupplierList" name="test_get_suppliers_category_filter" time="0.209" /><testcase classname="backend.tests.test_suppliers_sheet32b.TestSupplierList" name="test_get_supplier_detail_has_products" time="0.241" /><testcase classname="backend.tests.test_suppliers_sheet32b.TestCustomerOrder" name="test_create_rfq_order" time="0.307" /><testcase classname="backend.tests.test_suppliers_sheet32b.TestCustomerOrder" name="test_list_customer_orders" time="0.094" /><testcase classname="backend.tests.test_suppliers_sheet32b.TestCustomerOrder" name="test_get_customer_order_detail" time="0.093" /><testcase classname="backend.tests.test_suppliers_sheet32b.TestAdminSuppliers" name="test_admin_suppliers_list" time="0.422" /><testcase classname="backend.tests.test_suppliers_sheet32b.TestAdminSuppliers" name="test_admin_suppliers_non_admin_forbidden" time="0.424" /><testcase classname="backend.tests.test_suppliers_sheet32b.TestAdminSuppliers" name="test_admin_create_supplier" time="0.205" /><testcase classname="backend.tests.test_suppliers_sheet32b.TestAdminSuppliers" name="test_admin_csv_product_import" time="0.204" /><testcase classname="backend.tests.test_suppliers_sheet32b.TestAdminSuppliers" name="test_admin_toggle_active" time="0.397" /><testcase classname="backend.tests.test_suppliers_sheet32b.TestAdminOrders" name="test_admin_orders_list_includes_rfq" time="0.146" /><testcase classname="backend.tests.test_suppliers_sheet32b.TestAdminOrders" name="test_admin_quote_then_confirm_then_fulfill" time="0.479" /><testcase classname="backend.tests.test_suppliers_sheet32b.TestPayFlow" name="test_pay_returns_checkout_url_when_quoted" time="0.483" /></testsuite></testsuites>