<?xml version="1.0" encoding="utf-8"?><testsuites name="pytest tests"><testsuite name="pytest" errors="0" failures="0" skipped="0" tests="22" time="4.071" timestamp="2026-08-18T23:08:28.125525+00:00" hostname="agent-env-c0d5ec17-e2cc-4cfc-a19c-df06672ba55e"><testcase classname="backend.tests.test_workspace_docs_49_51_iter96.TestMeta" name="test_meta_shape" time="0.680" /><testcase classname="backend.tests.test_workspace_docs_49_51_iter96.TestMeta" name="test_override_reasons" time="0.142" /><testcase classname="backend.tests.test_workspace_docs_49_51_iter96.TestMeta" name="test_prefs_get_default_and_persist" time="0.432" /><testcase classname="backend.tests.test_workspace_docs_49_51_iter96.TestBriefing" name="test_briefing_styles[quick]" time="0.263" /><testcase classname="backend.tests.test_workspace_docs_49_51_iter96.TestBriefing" name="test_briefing_styles[standard]" time="0.123" /><testcase classname="backend.tests.test_workspace_docs_49_51_iter96.TestBriefing" name="test_briefing_styles[detailed]" time="0.154" /><testcase classname="backend.tests.test_workspace_docs_49_51_iter96.TestBriefing" name="test_briefing_bad_pid" time="0.109" /><testcase classname="backend.tests.test_workspace_docs_49_51_iter96.TestWhatsNext" name="test_whats_next_5min_prep_or_ok" time="0.126" /><testcase classname="backend.tests.test_workspace_docs_49_51_iter96.TestWhatsNext" name="test_whats_next_60min" time="0.134" /><testcase classname="backend.tests.test_workspace_docs_49_51_iter96.TestReadiness" name="test_readiness_and_options" time="0.119" /><testcase classname="backend.tests.test_workspace_docs_49_51_iter96.TestReadiness" name="test_material_use_alternative" time="0.133" /><testcase classname="backend.tests.test_workspace_docs_49_51_iter96.TestProblem" name="test_bad_type" time="0.130" /><testcase classname="backend.tests.test_workspace_docs_49_51_iter96.TestProblem" name="test_may_be_unsafe_routes_pro_review" time="0.122" /><testcase classname="backend.tests.test_workspace_docs_49_51_iter96.TestProblem" name="test_found_obstruction_creates_blocker" time="0.157" /><testcase classname="backend.tests.test_workspace_docs_49_51_iter96.TestTimelineOffline" name="test_timeline_desc" time="0.125" /><testcase classname="backend.tests.test_workspace_docs_49_51_iter96.TestTimelineOffline" name="test_offline_bundle_shape" time="0.132" /><testcase classname="backend.tests.test_workspace_docs_49_51_iter96.TestNowCard" name="test_now_card_shape" time="0.146" /><testcase classname="backend.tests.test_workspace_docs_49_51_iter96.TestNowCard" name="test_now_summaries_shape" time="0.118" /><testcase classname="backend.tests.test_workspace_docs_49_51_iter96.TestOverride" name="test_bad_reason" time="0.120" /><testcase classname="backend.tests.test_workspace_docs_49_51_iter96.TestOverride" name="test_skip_with_reason_and_timeline" time="0.268" /><testcase classname="backend.tests.test_workspace_docs_49_51_iter96.TestOverride" name="test_step_status_waiting_accepted" time="0.168" /><testcase classname="backend.tests.test_workspace_docs_49_51_iter96" name="test_zzz_cleanup" time="0.002" /></testsuite></testsuites>